-- The C compiler identification is GNU 12.3.0
-- The CXX compiler identification is GNU 13.3.0
-- Detecting C compiler ABI info
-- Detecting C compiler ABI info - done
-- Check for working C compiler: /usr/bin/cc - skipped
-- Detecting C compile features
-- Detecting C compile features - done
-- Detecting CXX compiler ABI info
-- Detecting CXX compiler ABI info - done
-- Check for working CXX compiler: /usr/bin/c++ - skipped
-- Detecting CXX compile features
-- Detecting CXX compile features - done
-- Found ament_cmake: 2.5.3 (/opt/ros/jazzy/share/ament_cmake/cmake)
-- Found Python3: /usr/bin/python3 (found version "3.12.3") found components: Interpreter 
-- Found ament_lint_auto: 0.17.2 (/opt/ros/jazzy/share/ament_lint_auto/cmake)
-- Added test 'lint_cmake' to check CMake code style
-- Added test 'xmllint' to check XML markup files
-- Configuring done (6.8s)
-- Generating done (0.0s)
-- Build files have been written to: /home/eyiza/Desktop/msds_ws/build/msds_firmware
-- Install configuration: ""
-- Installing: /home/eyiza/Desktop/msds_ws/install/msds_firmware/share/ament_index/resource_index/package_run_dependencies/msds_firmware
-- Installing: /home/eyiza/Desktop/msds_ws/install/msds_firmware/share/ament_index/resource_index/parent_prefix_path/msds_firmware
-- Installing: /home/eyiza/Desktop/msds_ws/install/msds_firmware/share/msds_firmware/environment/ament_prefix_path.sh
-- Installing: /home/eyiza/Desktop/msds_ws/install/msds_firmware/share/msds_firmware/environment/ament_prefix_path.dsv
-- Installing: /home/eyiza/Desktop/msds_ws/install/msds_firmware/share/msds_firmware/environment/path.sh
-- Installing: /home/eyiza/Desktop/msds_ws/install/msds_firmware/share/msds_firmware/environment/path.dsv
-- Installing: /home/eyiza/Desktop/msds_ws/install/msds_firmware/share/msds_firmware/local_setup.bash
-- Installing: /home/eyiza/Desktop/msds_ws/install/msds_firmware/share/msds_firmware/local_setup.sh
-- Installing: /home/eyiza/Desktop/msds_ws/install/msds_firmware/share/msds_firmware/local_setup.zsh
-- Installing: /home/eyiza/Desktop/msds_ws/install/msds_firmware/share/msds_firmware/local_setup.dsv
-- Installing: /home/eyiza/Desktop/msds_ws/install/msds_firmware/share/msds_firmware/package.dsv
-- Installing: /home/eyiza/Desktop/msds_ws/install/msds_firmware/share/ament_index/resource_index/packages/msds_firmware
-- Installing: /home/eyiza/Desktop/msds_ws/install/msds_firmware/share/msds_firmware/cmake/msds_firmwareConfig.cmake
-- Installing: /home/eyiza/Desktop/msds_ws/install/msds_firmware/share/msds_firmware/cmake/msds_firmwareConfig-version.cmake
-- Installing: /home/eyiza/Desktop/msds_ws/install/msds_firmware/share/msds_firmware/package.xml
