[0.144s] Invoking command in '/home/eyiza/Desktop/msds_ws/build/msds_firmware': CMAKE_PREFIX_PATH=${CMAKE_PREFIX_PATH}:/home/eyiza/Desktop/SelfDriving/bumperbot_ws/install/bumperbot_py_examples:/home/eyiza/Desktop/ROS/ros_ws/install/turtlesim_py:/home/eyiza/Desktop/ROS/ros_ws/install/my_py_pkg:/opt/ros/jazzy DEBUGINFOD_URLS=https://debuginfod.ubuntu.com /usr/bin/cmake /home/eyiza/Desktop/msds_ws/src/msds_firmware -DCMAKE_INSTALL_PREFIX=/home/eyiza/Desktop/msds_ws/install/msds_firmware
[0.570s] -- The C compiler identification is GNU 12.3.0
[1.104s] -- The CXX compiler identification is GNU 13.3.0
[1.227s] -- Detecting C compiler ABI info
[2.045s] -- Detecting C compiler ABI info - done
[2.270s] -- Check for working C compiler: /usr/bin/cc - skipped
[2.271s] -- Detecting C compile features
[2.283s] -- Detecting C compile features - done
[2.378s] -- Detecting CXX compiler ABI info
[3.344s] -- Detecting CXX compiler ABI info - done
[3.473s] -- Check for working CXX compiler: /usr/bin/c++ - skipped
[3.474s] -- Detecting CXX compile features
[3.481s] -- Detecting CXX compile features - done
[3.533s] -- Found ament_cmake: 2.5.3 (/opt/ros/jazzy/share/ament_cmake/cmake)
[5.013s] -- Found Python3: /usr/bin/python3 (found version "3.12.3") found components: Interpreter 
[6.000s] -- Found ament_lint_auto: 0.17.2 (/opt/ros/jazzy/share/ament_lint_auto/cmake)
[6.940s] -- Added test 'lint_cmake' to check CMake code style
[6.951s] -- Added test 'xmllint' to check XML markup files
[6.971s] -- Configuring done (6.8s)
[7.018s] -- Generating done (0.0s)
[7.031s] -- Build files have been written to: /home/eyiza/Desktop/msds_ws/build/msds_firmware
[7.057s] Invoked command in '/home/eyiza/Desktop/msds_ws/build/msds_firmware' returned '0': CMAKE_PREFIX_PATH=${CMAKE_PREFIX_PATH}:/home/eyiza/Desktop/SelfDriving/bumperbot_ws/install/bumperbot_py_examples:/home/eyiza/Desktop/ROS/ros_ws/install/turtlesim_py:/home/eyiza/Desktop/ROS/ros_ws/install/my_py_pkg:/opt/ros/jazzy DEBUGINFOD_URLS=https://debuginfod.ubuntu.com /usr/bin/cmake /home/eyiza/Desktop/msds_ws/src/msds_firmware -DCMAKE_INSTALL_PREFIX=/home/eyiza/Desktop/msds_ws/install/msds_firmware
[7.066s] Invoking command in '/home/eyiza/Desktop/msds_ws/build/msds_firmware': CMAKE_PREFIX_PATH=${CMAKE_PREFIX_PATH}:/home/eyiza/Desktop/SelfDriving/bumperbot_ws/install/bumperbot_py_examples:/home/eyiza/Desktop/ROS/ros_ws/install/turtlesim_py:/home/eyiza/Desktop/ROS/ros_ws/install/my_py_pkg:/opt/ros/jazzy DEBUGINFOD_URLS=https://debuginfod.ubuntu.com /usr/bin/cmake --build /home/eyiza/Desktop/msds_ws/build/msds_firmware -- -j8 -l8
[7.375s] Invoked command in '/home/eyiza/Desktop/msds_ws/build/msds_firmware' returned '0': CMAKE_PREFIX_PATH=${CMAKE_PREFIX_PATH}:/home/eyiza/Desktop/SelfDriving/bumperbot_ws/install/bumperbot_py_examples:/home/eyiza/Desktop/ROS/ros_ws/install/turtlesim_py:/home/eyiza/Desktop/ROS/ros_ws/install/my_py_pkg:/opt/ros/jazzy DEBUGINFOD_URLS=https://debuginfod.ubuntu.com /usr/bin/cmake --build /home/eyiza/Desktop/msds_ws/build/msds_firmware -- -j8 -l8
[7.390s] Invoking command in '/home/eyiza/Desktop/msds_ws/build/msds_firmware': CMAKE_PREFIX_PATH=${CMAKE_PREFIX_PATH}:/home/eyiza/Desktop/SelfDriving/bumperbot_ws/install/bumperbot_py_examples:/home/eyiza/Desktop/ROS/ros_ws/install/turtlesim_py:/home/eyiza/Desktop/ROS/ros_ws/install/my_py_pkg:/opt/ros/jazzy DEBUGINFOD_URLS=https://debuginfod.ubuntu.com /usr/bin/cmake --install /home/eyiza/Desktop/msds_ws/build/msds_firmware
[7.453s] -- Install configuration: ""
[7.455s] -- Installing: /home/eyiza/Desktop/msds_ws/install/msds_firmware/share/ament_index/resource_index/package_run_dependencies/msds_firmware
[7.460s] -- Installing: /home/eyiza/Desktop/msds_ws/install/msds_firmware/share/ament_index/resource_index/parent_prefix_path/msds_firmware
[7.462s] -- Installing: /home/eyiza/Desktop/msds_ws/install/msds_firmware/share/msds_firmware/environment/ament_prefix_path.sh
[7.478s] -- Installing: /home/eyiza/Desktop/msds_ws/install/msds_firmware/share/msds_firmware/environment/ament_prefix_path.dsv
[7.478s] -- Installing: /home/eyiza/Desktop/msds_ws/install/msds_firmware/share/msds_firmware/environment/path.sh
[7.479s] -- Installing: /home/eyiza/Desktop/msds_ws/install/msds_firmware/share/msds_firmware/environment/path.dsv
[7.480s] -- Installing: /home/eyiza/Desktop/msds_ws/install/msds_firmware/share/msds_firmware/local_setup.bash
[7.491s] -- Installing: /home/eyiza/Desktop/msds_ws/install/msds_firmware/share/msds_firmware/local_setup.sh
[7.493s] -- Installing: /home/eyiza/Desktop/msds_ws/install/msds_firmware/share/msds_firmware/local_setup.zsh
[7.528s] -- Installing: /home/eyiza/Desktop/msds_ws/install/msds_firmware/share/msds_firmware/local_setup.dsv
[7.528s] -- Installing: /home/eyiza/Desktop/msds_ws/install/msds_firmware/share/msds_firmware/package.dsv
[7.529s] -- Installing: /home/eyiza/Desktop/msds_ws/install/msds_firmware/share/ament_index/resource_index/packages/msds_firmware
[7.530s] -- Installing: /home/eyiza/Desktop/msds_ws/install/msds_firmware/share/msds_firmware/cmake/msds_firmwareConfig.cmake
[7.530s] -- Installing: /home/eyiza/Desktop/msds_ws/install/msds_firmware/share/msds_firmware/cmake/msds_firmwareConfig-version.cmake
[7.556s] -- Installing: /home/eyiza/Desktop/msds_ws/install/msds_firmware/share/msds_firmware/package.xml
[7.558s] Invoked command in '/home/eyiza/Desktop/msds_ws/build/msds_firmware' returned '0': CMAKE_PREFIX_PATH=${CMAKE_PREFIX_PATH}:/home/eyiza/Desktop/SelfDriving/bumperbot_ws/install/bumperbot_py_examples:/home/eyiza/Desktop/ROS/ros_ws/install/turtlesim_py:/home/eyiza/Desktop/ROS/ros_ws/install/my_py_pkg:/opt/ros/jazzy DEBUGINFOD_URLS=https://debuginfod.ubuntu.com /usr/bin/cmake --install /home/eyiza/Desktop/msds_ws/build/msds_firmware
