[0.158s] Invoking command in '/home/eyiza/Desktop/msds_ws/build/msds_bringup': CMAKE_PREFIX_PATH=${CMAKE_PREFIX_PATH}:/home/eyiza/Desktop/SelfDriving/bumperbot_ws/install/bumperbot_py_examples:/home/eyiza/Desktop/ROS/ros_ws/install/turtlesim_py:/home/eyiza/Desktop/ROS/ros_ws/install/my_py_pkg:/opt/ros/jazzy DEBUGINFOD_URLS=https://debuginfod.ubuntu.com /usr/bin/cmake /home/eyiza/Desktop/msds_ws/src/msds_bringup -DCMAKE_INSTALL_PREFIX=/home/eyiza/Desktop/msds_ws/install/msds_bringup
[3.320s] -- The C compiler identification is GNU 12.3.0
[3.851s] -- The CXX compiler identification is GNU 13.3.0
[4.014s] -- Detecting C compiler ABI info
[4.700s] -- Detecting C compiler ABI info - done
[4.784s] -- Check for working C compiler: /usr/bin/cc - skipped
[4.786s] -- Detecting C compile features
[4.789s] -- Detecting C compile features - done
[4.852s] -- Detecting CXX compiler ABI info
[5.567s] -- Detecting CXX compiler ABI info - done
[5.675s] -- Check for working CXX compiler: /usr/bin/c++ - skipped
[5.679s] -- Detecting CXX compile features
[5.680s] -- Detecting CXX compile features - done
[5.726s] -- Found ament_cmake: 2.5.3 (/opt/ros/jazzy/share/ament_cmake/cmake)
[7.431s] -- Found Python3: /usr/bin/python3 (found version "3.12.3") found components: Interpreter 
[9.083s] -- Configuring done (8.9s)
[9.101s] -- Generating done (0.0s)
[9.110s] -- Build files have been written to: /home/eyiza/Desktop/msds_ws/build/msds_bringup
[9.133s] Invoked command in '/home/eyiza/Desktop/msds_ws/build/msds_bringup' returned '0': CMAKE_PREFIX_PATH=${CMAKE_PREFIX_PATH}:/home/eyiza/Desktop/SelfDriving/bumperbot_ws/install/bumperbot_py_examples:/home/eyiza/Desktop/ROS/ros_ws/install/turtlesim_py:/home/eyiza/Desktop/ROS/ros_ws/install/my_py_pkg:/opt/ros/jazzy DEBUGINFOD_URLS=https://debuginfod.ubuntu.com /usr/bin/cmake /home/eyiza/Desktop/msds_ws/src/msds_bringup -DCMAKE_INSTALL_PREFIX=/home/eyiza/Desktop/msds_ws/install/msds_bringup
[9.145s] Invoking command in '/home/eyiza/Desktop/msds_ws/build/msds_bringup': CMAKE_PREFIX_PATH=${CMAKE_PREFIX_PATH}:/home/eyiza/Desktop/SelfDriving/bumperbot_ws/install/bumperbot_py_examples:/home/eyiza/Desktop/ROS/ros_ws/install/turtlesim_py:/home/eyiza/Desktop/ROS/ros_ws/install/my_py_pkg:/opt/ros/jazzy DEBUGINFOD_URLS=https://debuginfod.ubuntu.com /usr/bin/cmake --build /home/eyiza/Desktop/msds_ws/build/msds_bringup -- -j8 -l8
[9.355s] Invoked command in '/home/eyiza/Desktop/msds_ws/build/msds_bringup' returned '0': CMAKE_PREFIX_PATH=${CMAKE_PREFIX_PATH}:/home/eyiza/Desktop/SelfDriving/bumperbot_ws/install/bumperbot_py_examples:/home/eyiza/Desktop/ROS/ros_ws/install/turtlesim_py:/home/eyiza/Desktop/ROS/ros_ws/install/my_py_pkg:/opt/ros/jazzy DEBUGINFOD_URLS=https://debuginfod.ubuntu.com /usr/bin/cmake --build /home/eyiza/Desktop/msds_ws/build/msds_bringup -- -j8 -l8
[9.418s] Invoking command in '/home/eyiza/Desktop/msds_ws/build/msds_bringup': CMAKE_PREFIX_PATH=${CMAKE_PREFIX_PATH}:/home/eyiza/Desktop/SelfDriving/bumperbot_ws/install/bumperbot_py_examples:/home/eyiza/Desktop/ROS/ros_ws/install/turtlesim_py:/home/eyiza/Desktop/ROS/ros_ws/install/my_py_pkg:/opt/ros/jazzy DEBUGINFOD_URLS=https://debuginfod.ubuntu.com /usr/bin/cmake --install /home/eyiza/Desktop/msds_ws/build/msds_bringup
[9.465s] -- Install configuration: ""
[9.467s] -- Installing: /home/eyiza/Desktop/msds_ws/install/msds_bringup/share/msds_bringup/launch
[9.467s] -- Installing: /home/eyiza/Desktop/msds_ws/install/msds_bringup/share/msds_bringup/launch/real_robot.launch.py
[9.482s] -- Installing: /home/eyiza/Desktop/msds_ws/install/msds_bringup/share/ament_index/resource_index/package_run_dependencies/msds_bringup
[9.483s] -- Installing: /home/eyiza/Desktop/msds_ws/install/msds_bringup/share/ament_index/resource_index/parent_prefix_path/msds_bringup
[9.484s] -- Installing: /home/eyiza/Desktop/msds_ws/install/msds_bringup/share/msds_bringup/environment/ament_prefix_path.sh
[9.485s] -- Installing: /home/eyiza/Desktop/msds_ws/install/msds_bringup/share/msds_bringup/environment/ament_prefix_path.dsv
[9.486s] -- Installing: /home/eyiza/Desktop/msds_ws/install/msds_bringup/share/msds_bringup/environment/path.sh
[9.487s] -- Installing: /home/eyiza/Desktop/msds_ws/install/msds_bringup/share/msds_bringup/environment/path.dsv
[9.487s] -- Installing: /home/eyiza/Desktop/msds_ws/install/msds_bringup/share/msds_bringup/local_setup.bash
[9.488s] -- Installing: /home/eyiza/Desktop/msds_ws/install/msds_bringup/share/msds_bringup/local_setup.sh
[9.489s] -- Installing: /home/eyiza/Desktop/msds_ws/install/msds_bringup/share/msds_bringup/local_setup.zsh
[9.489s] -- Installing: /home/eyiza/Desktop/msds_ws/install/msds_bringup/share/msds_bringup/local_setup.dsv
[9.490s] -- Installing: /home/eyiza/Desktop/msds_ws/install/msds_bringup/share/msds_bringup/package.dsv
[9.491s] -- Installing: /home/eyiza/Desktop/msds_ws/install/msds_bringup/share/ament_index/resource_index/packages/msds_bringup
[9.491s] -- Installing: /home/eyiza/Desktop/msds_ws/install/msds_bringup/share/msds_bringup/cmake/msds_bringupConfig.cmake
[9.492s] -- Installing: /home/eyiza/Desktop/msds_ws/install/msds_bringup/share/msds_bringup/cmake/msds_bringupConfig-version.cmake
[9.493s] -- Installing: /home/eyiza/Desktop/msds_ws/install/msds_bringup/share/msds_bringup/package.xml
[9.499s] Invoked command in '/home/eyiza/Desktop/msds_ws/build/msds_bringup' returned '0': CMAKE_PREFIX_PATH=${CMAKE_PREFIX_PATH}:/home/eyiza/Desktop/SelfDriving/bumperbot_ws/install/bumperbot_py_examples:/home/eyiza/Desktop/ROS/ros_ws/install/turtlesim_py:/home/eyiza/Desktop/ROS/ros_ws/install/my_py_pkg:/opt/ros/jazzy DEBUGINFOD_URLS=https://debuginfod.ubuntu.com /usr/bin/cmake --install /home/eyiza/Desktop/msds_ws/build/msds_bringup
