[4.300s] Invoking command in '/home/eyiza/Desktop/msds_ws/build/msds_bringup': CMAKE_PREFIX_PATH=${CMAKE_PREFIX_PATH}:/home/eyiza/Desktop/SelfDriving/bumperbot_ws/install/bumperbot_py_examples:/home/eyiza/Desktop/ROS/ros_ws/install/turtlesim_py:/home/eyiza/Desktop/ROS/ros_ws/install/my_py_pkg:/opt/ros/jazzy DEBUGINFOD_URLS=https://debuginfod.ubuntu.com /usr/bin/cmake --build /home/eyiza/Desktop/msds_ws/build/msds_bringup -- -j8 -l8
[16.572s] Invoked command in '/home/eyiza/Desktop/msds_ws/build/msds_bringup' returned '0': CMAKE_PREFIX_PATH=${CMAKE_PREFIX_PATH}:/home/eyiza/Desktop/SelfDriving/bumperbot_ws/install/bumperbot_py_examples:/home/eyiza/Desktop/ROS/ros_ws/install/turtlesim_py:/home/eyiza/Desktop/ROS/ros_ws/install/my_py_pkg:/opt/ros/jazzy DEBUGINFOD_URLS=https://debuginfod.ubuntu.com /usr/bin/cmake --build /home/eyiza/Desktop/msds_ws/build/msds_bringup -- -j8 -l8
[16.986s] Invoking command in '/home/eyiza/Desktop/msds_ws/build/msds_bringup': CMAKE_PREFIX_PATH=${CMAKE_PREFIX_PATH}:/home/eyiza/Desktop/SelfDriving/bumperbot_ws/install/bumperbot_py_examples:/home/eyiza/Desktop/ROS/ros_ws/install/turtlesim_py:/home/eyiza/Desktop/ROS/ros_ws/install/my_py_pkg:/opt/ros/jazzy DEBUGINFOD_URLS=https://debuginfod.ubuntu.com /usr/bin/cmake --install /home/eyiza/Desktop/msds_ws/build/msds_bringup
[17.017s] -- Install configuration: ""
[17.415s] -- Up-to-date: /home/eyiza/Desktop/msds_ws/install/msds_bringup/share/msds_bringup/launch
[17.416s] -- Up-to-date: /home/eyiza/Desktop/msds_ws/install/msds_bringup/share/msds_bringup/launch/real_robot.launch.py
[17.416s] -- Up-to-date: /home/eyiza/Desktop/msds_ws/install/msds_bringup/share/ament_index/resource_index/package_run_dependencies/msds_bringup
[17.416s] -- Up-to-date: /home/eyiza/Desktop/msds_ws/install/msds_bringup/share/ament_index/resource_index/parent_prefix_path/msds_bringup
[17.417s] -- Up-to-date: /home/eyiza/Desktop/msds_ws/install/msds_bringup/share/msds_bringup/environment/ament_prefix_path.sh
[17.418s] -- Up-to-date: /home/eyiza/Desktop/msds_ws/install/msds_bringup/share/msds_bringup/environment/ament_prefix_path.dsv
[17.418s] -- Up-to-date: /home/eyiza/Desktop/msds_ws/install/msds_bringup/share/msds_bringup/environment/path.sh
[17.419s] -- Up-to-date: /home/eyiza/Desktop/msds_ws/install/msds_bringup/share/msds_bringup/environment/path.dsv
[17.419s] -- Up-to-date: /home/eyiza/Desktop/msds_ws/install/msds_bringup/share/msds_bringup/local_setup.bash
[17.420s] -- Up-to-date: /home/eyiza/Desktop/msds_ws/install/msds_bringup/share/msds_bringup/local_setup.sh
[17.420s] -- Up-to-date: /home/eyiza/Desktop/msds_ws/install/msds_bringup/share/msds_bringup/local_setup.zsh
[17.421s] -- Up-to-date: /home/eyiza/Desktop/msds_ws/install/msds_bringup/share/msds_bringup/local_setup.dsv
[17.421s] -- Installing: /home/eyiza/Desktop/msds_ws/install/msds_bringup/share/msds_bringup/package.dsv
[17.781s] -- Up-to-date: /home/eyiza/Desktop/msds_ws/install/msds_bringup/share/ament_index/resource_index/packages/msds_bringup
[17.781s] -- Up-to-date: /home/eyiza/Desktop/msds_ws/install/msds_bringup/share/msds_bringup/cmake/msds_bringupConfig.cmake
[17.782s] -- Up-to-date: /home/eyiza/Desktop/msds_ws/install/msds_bringup/share/msds_bringup/cmake/msds_bringupConfig-version.cmake
[17.782s] -- Up-to-date: /home/eyiza/Desktop/msds_ws/install/msds_bringup/share/msds_bringup/package.xml
[17.788s] Invoked command in '/home/eyiza/Desktop/msds_ws/build/msds_bringup' returned '0': CMAKE_PREFIX_PATH=${CMAKE_PREFIX_PATH}:/home/eyiza/Desktop/SelfDriving/bumperbot_ws/install/bumperbot_py_examples:/home/eyiza/Desktop/ROS/ros_ws/install/turtlesim_py:/home/eyiza/Desktop/ROS/ros_ws/install/my_py_pkg:/opt/ros/jazzy DEBUGINFOD_URLS=https://debuginfod.ubuntu.com /usr/bin/cmake --install /home/eyiza/Desktop/msds_ws/build/msds_bringup
