[0.141s] Invoking command in '/home/eyiza/Desktop/msds_ws/build/msds_controller': CMAKE_PREFIX_PATH=${CMAKE_PREFIX_PATH}:/home/eyiza/Desktop/SelfDriving/bumperbot_ws/install/bumperbot_py_examples:/home/eyiza/Desktop/ROS/ros_ws/install/turtlesim_py:/home/eyiza/Desktop/ROS/ros_ws/install/my_py_pkg:/opt/ros/jazzy DEBUGINFOD_URLS=https://debuginfod.ubuntu.com /usr/bin/cmake /home/eyiza/Desktop/msds_ws/src/msds_controller -DCMAKE_INSTALL_PREFIX=/home/eyiza/Desktop/msds_ws/install/msds_controller
[3.268s] -- The C compiler identification is GNU 12.3.0
[3.774s] -- The CXX compiler identification is GNU 13.3.0
[3.970s] -- Detecting C compiler ABI info
[4.626s] -- Detecting C compiler ABI info - done
[4.690s] -- Check for working C compiler: /usr/bin/cc - skipped
[4.692s] -- Detecting C compile features
[4.727s] -- Detecting C compile features - done
[4.789s] -- Detecting CXX compiler ABI info
[5.475s] -- Detecting CXX compiler ABI info - done
[5.563s] -- Check for working CXX compiler: /usr/bin/c++ - skipped
[5.574s] -- Detecting CXX compile features
[5.574s] -- Detecting CXX compile features - done
[5.637s] -- Found ament_cmake: 2.5.3 (/opt/ros/jazzy/share/ament_cmake/cmake)
[7.285s] -- Found Python3: /usr/bin/python3 (found version "3.12.3") found components: Interpreter 
[8.444s] -- Found rclcpp: 28.1.8 (/opt/ros/jazzy/share/rclcpp/cmake)
[8.915s] -- Found rosidl_generator_c: 4.6.5 (/opt/ros/jazzy/share/rosidl_generator_c/cmake)
[9.134s] -- Found rosidl_generator_cpp: 4.6.5 (/opt/ros/jazzy/share/rosidl_generator_cpp/cmake)
[9.368s] -- Using all available rosidl_typesupport_c: rosidl_typesupport_fastrtps_c;rosidl_typesupport_introspection_c
[9.596s] -- Using all available rosidl_typesupport_cpp: rosidl_typesupport_fastrtps_cpp;rosidl_typesupport_introspection_cpp
[10.477s] -- Found rmw_implementation_cmake: 7.3.2 (/opt/ros/jazzy/share/rmw_implementation_cmake/cmake)
[10.514s] -- Found rmw_fastrtps_cpp: 8.4.2 (/opt/ros/jazzy/share/rmw_fastrtps_cpp/cmake)
[11.933s] -- Found OpenSSL: /usr/lib/x86_64-linux-gnu/libcrypto.so (found version "3.0.13")  
[12.045s] -- Found FastRTPS: /opt/ros/jazzy/include (Required is at least version "2.13") 
[12.167s] -- Using RMW implementation 'rmw_fastrtps_cpp' as default
[12.713s] -- Found rclpy: 7.1.4 (/opt/ros/jazzy/share/rclpy/cmake)
[12.739s] -- Found geometry_msgs: 5.3.6 (/opt/ros/jazzy/share/geometry_msgs/cmake)
[12.999s] -- Found sensor_msgs: 5.3.6 (/opt/ros/jazzy/share/sensor_msgs/cmake)
[13.183s] -- Found nav_msgs: 5.3.6 (/opt/ros/jazzy/share/nav_msgs/cmake)
[13.385s] -- Found tf2_ros: 0.36.9 (/opt/ros/jazzy/share/tf2_ros/cmake)
[15.753s] -- Configuring done (15.6s)
[15.789s] -- Generating done (0.0s)
[15.808s] -- Build files have been written to: /home/eyiza/Desktop/msds_ws/build/msds_controller
[15.853s] Invoked command in '/home/eyiza/Desktop/msds_ws/build/msds_controller' returned '0': CMAKE_PREFIX_PATH=${CMAKE_PREFIX_PATH}:/home/eyiza/Desktop/SelfDriving/bumperbot_ws/install/bumperbot_py_examples:/home/eyiza/Desktop/ROS/ros_ws/install/turtlesim_py:/home/eyiza/Desktop/ROS/ros_ws/install/my_py_pkg:/opt/ros/jazzy DEBUGINFOD_URLS=https://debuginfod.ubuntu.com /usr/bin/cmake /home/eyiza/Desktop/msds_ws/src/msds_controller -DCMAKE_INSTALL_PREFIX=/home/eyiza/Desktop/msds_ws/install/msds_controller
[15.858s] Invoking command in '/home/eyiza/Desktop/msds_ws/build/msds_controller': CMAKE_PREFIX_PATH=${CMAKE_PREFIX_PATH}:/home/eyiza/Desktop/SelfDriving/bumperbot_ws/install/bumperbot_py_examples:/home/eyiza/Desktop/ROS/ros_ws/install/turtlesim_py:/home/eyiza/Desktop/ROS/ros_ws/install/my_py_pkg:/opt/ros/jazzy DEBUGINFOD_URLS=https://debuginfod.ubuntu.com /usr/bin/cmake --build /home/eyiza/Desktop/msds_ws/build/msds_controller -- -j8 -l8
[16.176s] Built target ament_cmake_python_copy_msds_controller
[17.849s] running egg_info
[17.854s] creating msds_controller.egg-info
[18.010s] writing msds_controller.egg-info/PKG-INFO
[18.011s] writing dependency_links to msds_controller.egg-info/dependency_links.txt
[18.011s] writing top-level names to msds_controller.egg-info/top_level.txt
[18.011s] writing manifest file 'msds_controller.egg-info/SOURCES.txt'
[18.502s] reading manifest file 'msds_controller.egg-info/SOURCES.txt'
[18.504s] writing manifest file 'msds_controller.egg-info/SOURCES.txt'
[18.597s] Built target ament_cmake_python_build_msds_controller_egg
