[0.116s] Invoking command in '/home/eyiza/Desktop/msds_ws/build/msds_firmware': CMAKE_PREFIX_PATH=${CMAKE_PREFIX_PATH}:/home/eyiza/Desktop/SelfDriving/bumperbot_ws/install/bumperbot_py_examples:/home/eyiza/Desktop/ROS/ros_ws/install/turtlesim_py:/home/eyiza/Desktop/ROS/ros_ws/install/my_py_pkg:/opt/ros/jazzy DEBUGINFOD_URLS=https://debuginfod.ubuntu.com /usr/bin/cmake /home/eyiza/Desktop/msds_ws/src/msds_firmware -DCMAKE_INSTALL_PREFIX=/home/eyiza/Desktop/msds_ws/install/msds_firmware
[3.237s] -- The C compiler identification is GNU 12.3.0
[3.776s] -- The CXX compiler identification is GNU 13.3.0
[3.933s] -- Detecting C compiler ABI info
[4.630s] -- Detecting C compiler ABI info - done
[4.694s] -- Check for working C compiler: /usr/bin/cc - skipped
[4.695s] -- Detecting C compile features
[4.698s] -- Detecting C compile features - done
[4.756s] -- Detecting CXX compiler ABI info
[5.465s] -- Detecting CXX compiler ABI info - done
[5.619s] -- Check for working CXX compiler: /usr/bin/c++ - skipped
[5.620s] -- Detecting CXX compile features
[5.627s] -- Detecting CXX compile features - done
[5.735s] -- Found ament_cmake: 2.5.3 (/opt/ros/jazzy/share/ament_cmake/cmake)
[7.388s] -- Found Python3: /usr/bin/python3 (found version "3.12.3") found components: Interpreter 
[8.442s] -- Found rclcpp: 28.1.8 (/opt/ros/jazzy/share/rclcpp/cmake)
[8.904s] -- Found rosidl_generator_c: 4.6.5 (/opt/ros/jazzy/share/rosidl_generator_c/cmake)
[9.107s] -- Found rosidl_generator_cpp: 4.6.5 (/opt/ros/jazzy/share/rosidl_generator_cpp/cmake)
[9.333s] -- Using all available rosidl_typesupport_c: rosidl_typesupport_fastrtps_c;rosidl_typesupport_introspection_c
[9.565s] -- Using all available rosidl_typesupport_cpp: rosidl_typesupport_fastrtps_cpp;rosidl_typesupport_introspection_cpp
[10.403s] -- Found rmw_implementation_cmake: 7.3.2 (/opt/ros/jazzy/share/rmw_implementation_cmake/cmake)
[10.442s] -- Found rmw_fastrtps_cpp: 8.4.2 (/opt/ros/jazzy/share/rmw_fastrtps_cpp/cmake)
[11.897s] -- Found OpenSSL: /usr/lib/x86_64-linux-gnu/libcrypto.so (found version "3.0.13")  
[12.010s] -- Found FastRTPS: /opt/ros/jazzy/include (Required is at least version "2.13") 
[12.132s] -- Using RMW implementation 'rmw_fastrtps_cpp' as default
[12.693s] -- Found rclpy: 7.1.4 (/opt/ros/jazzy/share/rclpy/cmake)
[12.719s] -- Found std_msgs: 5.3.6 (/opt/ros/jazzy/share/std_msgs/cmake)
[12.829s] -- Found hardware_interface: 4.27.0 (/opt/ros/jazzy/share/hardware_interface/cmake)
[15.472s] -- Found PkgConfig: /usr/bin/pkg-config (found version "1.8.1") 
[15.477s] -- Checking for module 'libserial'
[15.638s] --   Found libserial, version 1.0.0
[17.176s] -- Configuring done (17.0s)
[17.201s] [31mCMake Error at CMakeLists.txt:22 (add_library):
[17.201s]   Cannot find source file:
[17.202s] 
[17.202s]     src/msds_interface.cpp
[17.203s] 
[17.203s]   Tried extensions .c .C .c++ .cc .cpp .cxx .cu .mpp .m .M .mm .ixx .cppm
[17.203s]   .ccm .cxxm .c++m .h .hh .h++ .hm .hpp .hxx .in .txx .f .F .for .f77 .f90
[17.204s]   .f95 .f03 .hip .ispc
[17.206s] 
[17.206s] [0m
[17.240s] [31mCMake Error at CMakeLists.txt:22 (add_library):
[17.240s]   No SOURCES given to target: msds_firmware
[17.241s] 
[17.241s] [0m
[17.242s] [0mCMake Generate step failed.  Build files cannot be regenerated correctly.[0m
[17.304s] Invoked command in '/home/eyiza/Desktop/msds_ws/build/msds_firmware' returned '1': CMAKE_PREFIX_PATH=${CMAKE_PREFIX_PATH}:/home/eyiza/Desktop/SelfDriving/bumperbot_ws/install/bumperbot_py_examples:/home/eyiza/Desktop/ROS/ros_ws/install/turtlesim_py:/home/eyiza/Desktop/ROS/ros_ws/install/my_py_pkg:/opt/ros/jazzy DEBUGINFOD_URLS=https://debuginfod.ubuntu.com /usr/bin/cmake /home/eyiza/Desktop/msds_ws/src/msds_firmware -DCMAKE_INSTALL_PREFIX=/home/eyiza/Desktop/msds_ws/install/msds_firmware
