[0.758s] DEBUG:colcon:Command line arguments: ['/usr/bin/colcon', 'build']
[0.758s] DEBUG:colcon:Parsed command line arguments: Namespace(log_base=None, log_level=None, verb_name='build', build_base='build', install_base='install', merge_install=False, symlink_install=False, test_result_base=None, continue_on_error=False, executor='parallel', parallel_workers=8, event_handlers=None, ignore_user_meta=False, metas=['./colcon.meta'], base_paths=['.'], packages_ignore=None, packages_ignore_regex=None, paths=None, packages_up_to=None, packages_up_to_regex=None, packages_above=None, packages_above_and_dependencies=None, packages_above_depth=None, packages_select_by_dep=None, packages_skip_by_dep=None, packages_skip_up_to=None, packages_select_build_failed=False, packages_skip_build_finished=False, packages_select_test_failures=False, packages_skip_test_passed=False, packages_select=None, packages_skip=None, packages_select_regex=None, packages_skip_regex=None, packages_start=None, packages_end=None, allow_overriding=[], cmake_args=None, cmake_target=None, cmake_target_skip_unavailable=False, cmake_clean_cache=False, cmake_clean_first=False, cmake_force_configure=False, ament_cmake_args=None, catkin_cmake_args=None, catkin_skip_building_tests=False, mixin_files=None, mixin=None, verb_parser=<colcon_mixin.mixin.mixin_argument.MixinArgumentDecorator object at 0x783bf1dfb980>, verb_extension=<colcon_core.verb.build.BuildVerb object at 0x783bf1dfb620>, main=<bound method BuildVerb.main of <colcon_core.verb.build.BuildVerb object at 0x783bf1dfb620>>, mixin_verb=('build',))
[1.034s] Level 1:colcon.colcon_core.package_discovery:discover_packages(colcon_meta) check parameters
[1.035s] Level 1:colcon.colcon_core.package_discovery:discover_packages(recursive) check parameters
[1.035s] Level 1:colcon.colcon_core.package_discovery:discover_packages(ignore) check parameters
[1.035s] Level 1:colcon.colcon_core.package_discovery:discover_packages(path) check parameters
[1.035s] Level 1:colcon.colcon_core.package_discovery:discover_packages(colcon_meta) discover
[1.036s] Level 1:colcon.colcon_core.package_discovery:discover_packages(recursive) discover
[1.036s] INFO:colcon.colcon_core.package_discovery:Crawling recursively for packages in '/home/eyiza/Desktop/msds_ws'
[1.037s] Level 1:colcon.colcon_core.package_identification:_identify(.) by extensions ['ignore', 'ignore_ament_install']
[1.037s] Level 1:colcon.colcon_core.package_identification:_identify(.) by extension 'ignore'
[1.038s] Level 1:colcon.colcon_core.package_identification:_identify(.) by extension 'ignore_ament_install'
[1.039s] Level 1:colcon.colcon_core.package_identification:_identify(.) by extensions ['colcon_pkg']
[1.039s] Level 1:colcon.colcon_core.package_identification:_identify(.) by extension 'colcon_pkg'
[1.039s] Level 1:colcon.colcon_core.package_identification:_identify(.) by extensions ['colcon_meta']
[1.040s] Level 1:colcon.colcon_core.package_identification:_identify(.) by extension 'colcon_meta'
[1.040s] Level 1:colcon.colcon_core.package_identification:_identify(.) by extensions ['ros']
[1.040s] Level 1:colcon.colcon_core.package_identification:_identify(.) by extension 'ros'
[1.211s] Level 1:colcon.colcon_core.package_identification:_identify(.) by extensions ['cmake', 'python']
[1.211s] Level 1:colcon.colcon_core.package_identification:_identify(.) by extension 'cmake'
[1.211s] Level 1:colcon.colcon_core.package_identification:_identify(.) by extension 'python'
[1.212s] Level 1:colcon.colcon_core.package_identification:_identify(.) by extensions ['python_setup_py']
[1.212s] Level 1:colcon.colcon_core.package_identification:_identify(.) by extension 'python_setup_py'
[1.212s] Level 1:colcon.colcon_core.package_identification:_identify(build) by extensions ['ignore', 'ignore_ament_install']
[1.213s] Level 1:colcon.colcon_core.package_identification:_identify(build) by extension 'ignore'
[1.213s] Level 1:colcon.colcon_core.package_identification:_identify(build) ignored
[1.214s] Level 1:colcon.colcon_core.package_identification:_identify(install) by extensions ['ignore', 'ignore_ament_install']
[1.214s] Level 1:colcon.colcon_core.package_identification:_identify(install) by extension 'ignore'
[1.214s] Level 1:colcon.colcon_core.package_identification:_identify(install) ignored
[1.215s] Level 1:colcon.colcon_core.package_identification:_identify(log) by extensions ['ignore', 'ignore_ament_install']
[1.215s] Level 1:colcon.colcon_core.package_identification:_identify(log) by extension 'ignore'
[1.215s] Level 1:colcon.colcon_core.package_identification:_identify(log) ignored
[1.216s] Level 1:colcon.colcon_core.package_identification:_identify(src) by extensions ['ignore', 'ignore_ament_install']
[1.216s] Level 1:colcon.colcon_core.package_identification:_identify(src) by extension 'ignore'
[1.216s] Level 1:colcon.colcon_core.package_identification:_identify(src) by extension 'ignore_ament_install'
[1.217s] Level 1:colcon.colcon_core.package_identification:_identify(src) by extensions ['colcon_pkg']
[1.217s] Level 1:colcon.colcon_core.package_identification:_identify(src) by extension 'colcon_pkg'
[1.217s] Level 1:colcon.colcon_core.package_identification:_identify(src) by extensions ['colcon_meta']
[1.217s] Level 1:colcon.colcon_core.package_identification:_identify(src) by extension 'colcon_meta'
[1.217s] Level 1:colcon.colcon_core.package_identification:_identify(src) by extensions ['ros']
[1.218s] Level 1:colcon.colcon_core.package_identification:_identify(src) by extension 'ros'
[1.218s] Level 1:colcon.colcon_core.package_identification:_identify(src) by extensions ['cmake', 'python']
[1.218s] Level 1:colcon.colcon_core.package_identification:_identify(src) by extension 'cmake'
[1.218s] Level 1:colcon.colcon_core.package_identification:_identify(src) by extension 'python'
[1.219s] Level 1:colcon.colcon_core.package_identification:_identify(src) by extensions ['python_setup_py']
[1.219s] Level 1:colcon.colcon_core.package_identification:_identify(src) by extension 'python_setup_py'
[1.220s] Level 1:colcon.colcon_core.package_identification:_identify(src/build) by extensions ['ignore', 'ignore_ament_install']
[1.220s] Level 1:colcon.colcon_core.package_identification:_identify(src/build) by extension 'ignore'
[1.221s] Level 1:colcon.colcon_core.package_identification:_identify(src/build) ignored
[1.221s] Level 1:colcon.colcon_core.package_identification:_identify(src/install) by extensions ['ignore', 'ignore_ament_install']
[1.222s] Level 1:colcon.colcon_core.package_identification:_identify(src/install) by extension 'ignore'
[1.222s] Level 1:colcon.colcon_core.package_identification:_identify(src/install) ignored
[1.223s] Level 1:colcon.colcon_core.package_identification:_identify(src/log) by extensions ['ignore', 'ignore_ament_install']
[1.223s] Level 1:colcon.colcon_core.package_identification:_identify(src/log) by extension 'ignore'
[1.224s] Level 1:colcon.colcon_core.package_identification:_identify(src/log) ignored
[1.224s] Level 1:colcon.colcon_core.package_identification:_identify(src/msds_bringup) by extensions ['ignore', 'ignore_ament_install']
[1.225s] Level 1:colcon.colcon_core.package_identification:_identify(src/msds_bringup) by extension 'ignore'
[1.225s] Level 1:colcon.colcon_core.package_identification:_identify(src/msds_bringup) by extension 'ignore_ament_install'
[1.226s] Level 1:colcon.colcon_core.package_identification:_identify(src/msds_bringup) by extensions ['colcon_pkg']
[1.226s] Level 1:colcon.colcon_core.package_identification:_identify(src/msds_bringup) by extension 'colcon_pkg'
[1.227s] Level 1:colcon.colcon_core.package_identification:_identify(src/msds_bringup) by extensions ['colcon_meta']
[1.227s] Level 1:colcon.colcon_core.package_identification:_identify(src/msds_bringup) by extension 'colcon_meta'
[1.227s] Level 1:colcon.colcon_core.package_identification:_identify(src/msds_bringup) by extensions ['ros']
[1.227s] Level 1:colcon.colcon_core.package_identification:_identify(src/msds_bringup) by extension 'ros'
[1.245s] DEBUG:colcon.colcon_core.package_identification:Package 'src/msds_bringup' with type 'ros.ament_cmake' and name 'msds_bringup'
[1.245s] Level 1:colcon.colcon_core.package_identification:_identify(src/msds_controller) by extensions ['ignore', 'ignore_ament_install']
[1.246s] Level 1:colcon.colcon_core.package_identification:_identify(src/msds_controller) by extension 'ignore'
[1.246s] Level 1:colcon.colcon_core.package_identification:_identify(src/msds_controller) by extension 'ignore_ament_install'
[1.247s] Level 1:colcon.colcon_core.package_identification:_identify(src/msds_controller) by extensions ['colcon_pkg']
[1.247s] Level 1:colcon.colcon_core.package_identification:_identify(src/msds_controller) by extension 'colcon_pkg'
[1.247s] Level 1:colcon.colcon_core.package_identification:_identify(src/msds_controller) by extensions ['colcon_meta']
[1.248s] Level 1:colcon.colcon_core.package_identification:_identify(src/msds_controller) by extension 'colcon_meta'
[1.248s] Level 1:colcon.colcon_core.package_identification:_identify(src/msds_controller) by extensions ['ros']
[1.248s] Level 1:colcon.colcon_core.package_identification:_identify(src/msds_controller) by extension 'ros'
[1.250s] DEBUG:colcon.colcon_core.package_identification:Package 'src/msds_controller' with type 'ros.ament_cmake' and name 'msds_controller'
[1.251s] Level 1:colcon.colcon_core.package_identification:_identify(src/msds_firmware) by extensions ['ignore', 'ignore_ament_install']
[1.251s] Level 1:colcon.colcon_core.package_identification:_identify(src/msds_firmware) by extension 'ignore'
[1.252s] Level 1:colcon.colcon_core.package_identification:_identify(src/msds_firmware) by extension 'ignore_ament_install'
[1.252s] Level 1:colcon.colcon_core.package_identification:_identify(src/msds_firmware) by extensions ['colcon_pkg']
[1.252s] Level 1:colcon.colcon_core.package_identification:_identify(src/msds_firmware) by extension 'colcon_pkg'
[1.253s] Level 1:colcon.colcon_core.package_identification:_identify(src/msds_firmware) by extensions ['colcon_meta']
[1.253s] Level 1:colcon.colcon_core.package_identification:_identify(src/msds_firmware) by extension 'colcon_meta'
[1.253s] Level 1:colcon.colcon_core.package_identification:_identify(src/msds_firmware) by extensions ['ros']
[1.254s] Level 1:colcon.colcon_core.package_identification:_identify(src/msds_firmware) by extension 'ros'
[1.257s] DEBUG:colcon.colcon_core.package_identification:Package 'src/msds_firmware' with type 'ros.ament_cmake' and name 'msds_firmware'
[1.257s] Level 1:colcon.colcon_core.package_identification:_identify(src/msds_localization) by extensions ['ignore', 'ignore_ament_install']
[1.258s] Level 1:colcon.colcon_core.package_identification:_identify(src/msds_localization) by extension 'ignore'
[1.259s] Level 1:colcon.colcon_core.package_identification:_identify(src/msds_localization) by extension 'ignore_ament_install'
[1.259s] Level 1:colcon.colcon_core.package_identification:_identify(src/msds_localization) by extensions ['colcon_pkg']
[1.259s] Level 1:colcon.colcon_core.package_identification:_identify(src/msds_localization) by extension 'colcon_pkg'
[1.260s] Level 1:colcon.colcon_core.package_identification:_identify(src/msds_localization) by extensions ['colcon_meta']
[1.260s] Level 1:colcon.colcon_core.package_identification:_identify(src/msds_localization) by extension 'colcon_meta'
[1.261s] Level 1:colcon.colcon_core.package_identification:_identify(src/msds_localization) by extensions ['ros']
[1.261s] Level 1:colcon.colcon_core.package_identification:_identify(src/msds_localization) by extension 'ros'
[1.264s] DEBUG:colcon.colcon_core.package_identification:Package 'src/msds_localization' with type 'ros.ament_cmake' and name 'msds_localization'
[1.265s] Level 1:colcon.colcon_core.package_discovery:discover_packages(recursive) using defaults
[1.265s] Level 1:colcon.colcon_core.package_discovery:discover_packages(ignore) discover
[1.265s] Level 1:colcon.colcon_core.package_discovery:discover_packages(ignore) using defaults
[1.266s] Level 1:colcon.colcon_core.package_discovery:discover_packages(path) discover
[1.266s] Level 1:colcon.colcon_core.package_discovery:discover_packages(path) using defaults
[1.401s] Level 1:colcon.colcon_core.package_discovery:discover_packages(prefix_path) check parameters
[1.402s] Level 1:colcon.colcon_core.package_discovery:discover_packages(prefix_path) discover
[1.418s] DEBUG:colcon.colcon_installed_package_information.package_discovery:Found 8 installed packages in /home/eyiza/Desktop/SelfDriving/bumperbot_ws/install
[1.420s] DEBUG:colcon.colcon_installed_package_information.package_discovery:Found 2 installed packages in /home/eyiza/Desktop/ROS/urdf_ws/install
[1.423s] DEBUG:colcon.colcon_installed_package_information.package_discovery:Found 5 installed packages in /home/eyiza/Desktop/ROS/ros_ws/install
[1.437s] DEBUG:colcon.colcon_installed_package_information.package_discovery:Found 386 installed packages in /opt/ros/jazzy
[1.445s] Level 1:colcon.colcon_core.package_discovery:discover_packages(prefix_path) using defaults
[1.914s] Level 5:colcon.colcon_core.verb:set package 'msds_bringup' build argument 'cmake_args' from command line to 'None'
[1.914s] Level 5:colcon.colcon_core.verb:set package 'msds_bringup' build argument 'cmake_target' from command line to 'None'
[1.914s] Level 5:colcon.colcon_core.verb:set package 'msds_bringup' build argument 'cmake_target_skip_unavailable' from command line to 'False'
[1.914s] Level 5:colcon.colcon_core.verb:set package 'msds_bringup' build argument 'cmake_clean_cache' from command line to 'False'
[1.915s] Level 5:colcon.colcon_core.verb:set package 'msds_bringup' build argument 'cmake_clean_first' from command line to 'False'
[1.915s] Level 5:colcon.colcon_core.verb:set package 'msds_bringup' build argument 'cmake_force_configure' from command line to 'False'
[1.915s] Level 5:colcon.colcon_core.verb:set package 'msds_bringup' build argument 'ament_cmake_args' from command line to 'None'
[1.915s] Level 5:colcon.colcon_core.verb:set package 'msds_bringup' build argument 'catkin_cmake_args' from command line to 'None'
[1.915s] Level 5:colcon.colcon_core.verb:set package 'msds_bringup' build argument 'catkin_skip_building_tests' from command line to 'False'
[1.915s] DEBUG:colcon.colcon_core.verb:Building package 'msds_bringup' with the following arguments: {'ament_cmake_args': None, 'build_base': '/home/eyiza/Desktop/msds_ws/build/msds_bringup', 'catkin_cmake_args': None, 'catkin_skip_building_tests': False, 'cmake_args': None, 'cmake_clean_cache': False, 'cmake_clean_first': False, 'cmake_force_configure': False, 'cmake_target': None, 'cmake_target_skip_unavailable': False, 'install_base': '/home/eyiza/Desktop/msds_ws/install/msds_bringup', 'merge_install': False, 'path': '/home/eyiza/Desktop/msds_ws/src/msds_bringup', 'symlink_install': False, 'test_result_base': None}
[1.916s] Level 5:colcon.colcon_core.verb:set package 'msds_controller' build argument 'cmake_args' from command line to 'None'
[1.917s] Level 5:colcon.colcon_core.verb:set package 'msds_controller' build argument 'cmake_target' from command line to 'None'
[1.917s] Level 5:colcon.colcon_core.verb:set package 'msds_controller' build argument 'cmake_target_skip_unavailable' from command line to 'False'
[1.917s] Level 5:colcon.colcon_core.verb:set package 'msds_controller' build argument 'cmake_clean_cache' from command line to 'False'
[1.917s] Level 5:colcon.colcon_core.verb:set package 'msds_controller' build argument 'cmake_clean_first' from command line to 'False'
[1.917s] Level 5:colcon.colcon_core.verb:set package 'msds_controller' build argument 'cmake_force_configure' from command line to 'False'
[1.917s] Level 5:colcon.colcon_core.verb:set package 'msds_controller' build argument 'ament_cmake_args' from command line to 'None'
[1.918s] Level 5:colcon.colcon_core.verb:set package 'msds_controller' build argument 'catkin_cmake_args' from command line to 'None'
[1.918s] Level 5:colcon.colcon_core.verb:set package 'msds_controller' build argument 'catkin_skip_building_tests' from command line to 'False'
[1.918s] DEBUG:colcon.colcon_core.verb:Building package 'msds_controller' with the following arguments: {'ament_cmake_args': None, 'build_base': '/home/eyiza/Desktop/msds_ws/build/msds_controller', 'catkin_cmake_args': None, 'catkin_skip_building_tests': False, 'cmake_args': None, 'cmake_clean_cache': False, 'cmake_clean_first': False, 'cmake_force_configure': False, 'cmake_target': None, 'cmake_target_skip_unavailable': False, 'install_base': '/home/eyiza/Desktop/msds_ws/install/msds_controller', 'merge_install': False, 'path': '/home/eyiza/Desktop/msds_ws/src/msds_controller', 'symlink_install': False, 'test_result_base': None}
[1.920s] Level 5:colcon.colcon_core.verb:set package 'msds_firmware' build argument 'cmake_args' from command line to 'None'
[1.920s] Level 5:colcon.colcon_core.verb:set package 'msds_firmware' build argument 'cmake_target' from command line to 'None'
[1.920s] Level 5:colcon.colcon_core.verb:set package 'msds_firmware' build argument 'cmake_target_skip_unavailable' from command line to 'False'
[1.921s] Level 5:colcon.colcon_core.verb:set package 'msds_firmware' build argument 'cmake_clean_cache' from command line to 'False'
[1.921s] Level 5:colcon.colcon_core.verb:set package 'msds_firmware' build argument 'cmake_clean_first' from command line to 'False'
[1.921s] Level 5:colcon.colcon_core.verb:set package 'msds_firmware' build argument 'cmake_force_configure' from command line to 'False'
[1.921s] Level 5:colcon.colcon_core.verb:set package 'msds_firmware' build argument 'ament_cmake_args' from command line to 'None'
[1.921s] Level 5:colcon.colcon_core.verb:set package 'msds_firmware' build argument 'catkin_cmake_args' from command line to 'None'
[1.921s] Level 5:colcon.colcon_core.verb:set package 'msds_firmware' build argument 'catkin_skip_building_tests' from command line to 'False'
[1.922s] DEBUG:colcon.colcon_core.verb:Building package 'msds_firmware' with the following arguments: {'ament_cmake_args': None, 'build_base': '/home/eyiza/Desktop/msds_ws/build/msds_firmware', 'catkin_cmake_args': None, 'catkin_skip_building_tests': False, 'cmake_args': None, 'cmake_clean_cache': False, 'cmake_clean_first': False, 'cmake_force_configure': False, 'cmake_target': None, 'cmake_target_skip_unavailable': False, 'install_base': '/home/eyiza/Desktop/msds_ws/install/msds_firmware', 'merge_install': False, 'path': '/home/eyiza/Desktop/msds_ws/src/msds_firmware', 'symlink_install': False, 'test_result_base': None}
[1.923s] Level 5:colcon.colcon_core.verb:set package 'msds_localization' build argument 'cmake_args' from command line to 'None'
[1.923s] Level 5:colcon.colcon_core.verb:set package 'msds_localization' build argument 'cmake_target' from command line to 'None'
[1.923s] Level 5:colcon.colcon_core.verb:set package 'msds_localization' build argument 'cmake_target_skip_unavailable' from command line to 'False'
[1.923s] Level 5:colcon.colcon_core.verb:set package 'msds_localization' build argument 'cmake_clean_cache' from command line to 'False'
[1.923s] Level 5:colcon.colcon_core.verb:set package 'msds_localization' build argument 'cmake_clean_first' from command line to 'False'
[1.924s] Level 5:colcon.colcon_core.verb:set package 'msds_localization' build argument 'cmake_force_configure' from command line to 'False'
[1.924s] Level 5:colcon.colcon_core.verb:set package 'msds_localization' build argument 'ament_cmake_args' from command line to 'None'
[1.924s] Level 5:colcon.colcon_core.verb:set package 'msds_localization' build argument 'catkin_cmake_args' from command line to 'None'
[1.924s] Level 5:colcon.colcon_core.verb:set package 'msds_localization' build argument 'catkin_skip_building_tests' from command line to 'False'
[1.924s] DEBUG:colcon.colcon_core.verb:Building package 'msds_localization' with the following arguments: {'ament_cmake_args': None, 'build_base': '/home/eyiza/Desktop/msds_ws/build/msds_localization', 'catkin_cmake_args': None, 'catkin_skip_building_tests': False, 'cmake_args': None, 'cmake_clean_cache': False, 'cmake_clean_first': False, 'cmake_force_configure': False, 'cmake_target': None, 'cmake_target_skip_unavailable': False, 'install_base': '/home/eyiza/Desktop/msds_ws/install/msds_localization', 'merge_install': False, 'path': '/home/eyiza/Desktop/msds_ws/src/msds_localization', 'symlink_install': False, 'test_result_base': None}
[1.925s] INFO:colcon.colcon_core.executor:Executing jobs using 'parallel' executor
[1.928s] DEBUG:colcon.colcon_parallel_executor.executor.parallel:run_until_complete
[1.929s] INFO:colcon.colcon_ros.task.ament_cmake.build:Building ROS package in '/home/eyiza/Desktop/msds_ws/src/msds_bringup' with build type 'ament_cmake'
[1.929s] INFO:colcon.colcon_cmake.task.cmake.build:Building CMake package in '/home/eyiza/Desktop/msds_ws/src/msds_bringup'
[1.939s] INFO:colcon.colcon_core.plugin_system:Skipping extension 'colcon_core.shell.bat': Not used on non-Windows systems
[1.941s] INFO:colcon.colcon_core.shell:Skip shell extension 'powershell' for command environment: Not usable outside of PowerShell
[1.941s] DEBUG:colcon.colcon_core.shell:Skip shell extension 'dsv' for command environment
[1.979s] INFO:colcon.colcon_ros.task.ament_cmake.build:Building ROS package in '/home/eyiza/Desktop/msds_ws/src/msds_controller' with build type 'ament_cmake'
[1.979s] INFO:colcon.colcon_cmake.task.cmake.build:Building CMake package in '/home/eyiza/Desktop/msds_ws/src/msds_controller'
[1.980s] INFO:colcon.colcon_core.shell:Skip shell extension 'powershell' for command environment: Not usable outside of PowerShell
[1.980s] DEBUG:colcon.colcon_core.shell:Skip shell extension 'dsv' for command environment
[2.016s] INFO:colcon.colcon_ros.task.ament_cmake.build:Building ROS package in '/home/eyiza/Desktop/msds_ws/src/msds_firmware' with build type 'ament_cmake'
[2.017s] INFO:colcon.colcon_cmake.task.cmake.build:Building CMake package in '/home/eyiza/Desktop/msds_ws/src/msds_firmware'
[2.018s] INFO:colcon.colcon_core.shell:Skip shell extension 'powershell' for command environment: Not usable outside of PowerShell
[2.018s] DEBUG:colcon.colcon_core.shell:Skip shell extension 'dsv' for command environment
[2.056s] INFO:colcon.colcon_ros.task.ament_cmake.build:Building ROS package in '/home/eyiza/Desktop/msds_ws/src/msds_localization' with build type 'ament_cmake'
[2.057s] INFO:colcon.colcon_cmake.task.cmake.build:Building CMake package in '/home/eyiza/Desktop/msds_ws/src/msds_localization'
[2.057s] INFO:colcon.colcon_core.shell:Skip shell extension 'powershell' for command environment: Not usable outside of PowerShell
[2.058s] DEBUG:colcon.colcon_core.shell:Skip shell extension 'dsv' for command environment
[2.117s] DEBUG:colcon.colcon_core.event_handler.log_command:Invoking command in '/home/eyiza/Desktop/msds_ws/build/msds_bringup': CMAKE_PREFIX_PATH=${CMAKE_PREFIX_PATH}:/home/eyiza/Desktop/SelfDriving/bumperbot_ws/install/bumperbot_py_examples:/home/eyiza/Desktop/ROS/ros_ws/install/turtlesim_py:/home/eyiza/Desktop/ROS/ros_ws/install/my_py_pkg:/opt/ros/jazzy DEBUGINFOD_URLS=https://debuginfod.ubuntu.com /usr/bin/cmake /home/eyiza/Desktop/msds_ws/src/msds_bringup -DCMAKE_INSTALL_PREFIX=/home/eyiza/Desktop/msds_ws/install/msds_bringup
[2.131s] DEBUG:colcon.colcon_core.event_handler.log_command:Invoking command in '/home/eyiza/Desktop/msds_ws/build/msds_controller': CMAKE_PREFIX_PATH=${CMAKE_PREFIX_PATH}:/home/eyiza/Desktop/SelfDriving/bumperbot_ws/install/bumperbot_py_examples:/home/eyiza/Desktop/ROS/ros_ws/install/turtlesim_py:/home/eyiza/Desktop/ROS/ros_ws/install/my_py_pkg:/opt/ros/jazzy DEBUGINFOD_URLS=https://debuginfod.ubuntu.com /usr/bin/cmake /home/eyiza/Desktop/msds_ws/src/msds_controller -DCMAKE_INSTALL_PREFIX=/home/eyiza/Desktop/msds_ws/install/msds_controller
[2.164s] DEBUG:colcon.colcon_core.event_handler.log_command:Invoking command in '/home/eyiza/Desktop/msds_ws/build/msds_firmware': CMAKE_PREFIX_PATH=${CMAKE_PREFIX_PATH}:/home/eyiza/Desktop/SelfDriving/bumperbot_ws/install/bumperbot_py_examples:/home/eyiza/Desktop/ROS/ros_ws/install/turtlesim_py:/home/eyiza/Desktop/ROS/ros_ws/install/my_py_pkg:/opt/ros/jazzy DEBUGINFOD_URLS=https://debuginfod.ubuntu.com /usr/bin/cmake /home/eyiza/Desktop/msds_ws/src/msds_firmware -DCMAKE_INSTALL_PREFIX=/home/eyiza/Desktop/msds_ws/install/msds_firmware
[2.178s] DEBUG:colcon.colcon_core.event_handler.log_command:Invoking command in '/home/eyiza/Desktop/msds_ws/build/msds_localization': CMAKE_PREFIX_PATH=${CMAKE_PREFIX_PATH}:/home/eyiza/Desktop/SelfDriving/bumperbot_ws/install/bumperbot_py_examples:/home/eyiza/Desktop/ROS/ros_ws/install/turtlesim_py:/home/eyiza/Desktop/ROS/ros_ws/install/my_py_pkg:/opt/ros/jazzy DEBUGINFOD_URLS=https://debuginfod.ubuntu.com /usr/bin/cmake /home/eyiza/Desktop/msds_ws/src/msds_localization -DCMAKE_INSTALL_PREFIX=/home/eyiza/Desktop/msds_ws/install/msds_localization
[9.024s] DEBUG:colcon.colcon_core.event_handler.log_command:Invoked command in '/home/eyiza/Desktop/msds_ws/build/msds_bringup' returned '0': CMAKE_PREFIX_PATH=${CMAKE_PREFIX_PATH}:/home/eyiza/Desktop/SelfDriving/bumperbot_ws/install/bumperbot_py_examples:/home/eyiza/Desktop/ROS/ros_ws/install/turtlesim_py:/home/eyiza/Desktop/ROS/ros_ws/install/my_py_pkg:/opt/ros/jazzy DEBUGINFOD_URLS=https://debuginfod.ubuntu.com /usr/bin/cmake /home/eyiza/Desktop/msds_ws/src/msds_bringup -DCMAKE_INSTALL_PREFIX=/home/eyiza/Desktop/msds_ws/install/msds_bringup
[9.049s] DEBUG:colcon.colcon_core.event_handler.log_command:Invoking command in '/home/eyiza/Desktop/msds_ws/build/msds_bringup': CMAKE_PREFIX_PATH=${CMAKE_PREFIX_PATH}:/home/eyiza/Desktop/SelfDriving/bumperbot_ws/install/bumperbot_py_examples:/home/eyiza/Desktop/ROS/ros_ws/install/turtlesim_py:/home/eyiza/Desktop/ROS/ros_ws/install/my_py_pkg:/opt/ros/jazzy DEBUGINFOD_URLS=https://debuginfod.ubuntu.com /usr/bin/cmake --build /home/eyiza/Desktop/msds_ws/build/msds_bringup -- -j8 -l8
[9.077s] DEBUG:colcon.colcon_core.event_handler.log_command:Invoked command in '/home/eyiza/Desktop/msds_ws/build/msds_firmware' returned '0': CMAKE_PREFIX_PATH=${CMAKE_PREFIX_PATH}:/home/eyiza/Desktop/SelfDriving/bumperbot_ws/install/bumperbot_py_examples:/home/eyiza/Desktop/ROS/ros_ws/install/turtlesim_py:/home/eyiza/Desktop/ROS/ros_ws/install/my_py_pkg:/opt/ros/jazzy DEBUGINFOD_URLS=https://debuginfod.ubuntu.com /usr/bin/cmake /home/eyiza/Desktop/msds_ws/src/msds_firmware -DCMAKE_INSTALL_PREFIX=/home/eyiza/Desktop/msds_ws/install/msds_firmware
[9.089s] DEBUG:colcon.colcon_core.event_handler.log_command:Invoking command in '/home/eyiza/Desktop/msds_ws/build/msds_firmware': CMAKE_PREFIX_PATH=${CMAKE_PREFIX_PATH}:/home/eyiza/Desktop/SelfDriving/bumperbot_ws/install/bumperbot_py_examples:/home/eyiza/Desktop/ROS/ros_ws/install/turtlesim_py:/home/eyiza/Desktop/ROS/ros_ws/install/my_py_pkg:/opt/ros/jazzy DEBUGINFOD_URLS=https://debuginfod.ubuntu.com /usr/bin/cmake --build /home/eyiza/Desktop/msds_ws/build/msds_firmware -- -j8 -l8
[9.298s] DEBUG:colcon.colcon_core.event_handler.log_command:Invoked command in '/home/eyiza/Desktop/msds_ws/build/msds_bringup' returned '0': CMAKE_PREFIX_PATH=${CMAKE_PREFIX_PATH}:/home/eyiza/Desktop/SelfDriving/bumperbot_ws/install/bumperbot_py_examples:/home/eyiza/Desktop/ROS/ros_ws/install/turtlesim_py:/home/eyiza/Desktop/ROS/ros_ws/install/my_py_pkg:/opt/ros/jazzy DEBUGINFOD_URLS=https://debuginfod.ubuntu.com /usr/bin/cmake --build /home/eyiza/Desktop/msds_ws/build/msds_bringup -- -j8 -l8
[9.370s] DEBUG:colcon.colcon_core.event_handler.log_command:Invoking command in '/home/eyiza/Desktop/msds_ws/build/msds_bringup': CMAKE_PREFIX_PATH=${CMAKE_PREFIX_PATH}:/home/eyiza/Desktop/SelfDriving/bumperbot_ws/install/bumperbot_py_examples:/home/eyiza/Desktop/ROS/ros_ws/install/turtlesim_py:/home/eyiza/Desktop/ROS/ros_ws/install/my_py_pkg:/opt/ros/jazzy DEBUGINFOD_URLS=https://debuginfod.ubuntu.com /usr/bin/cmake --install /home/eyiza/Desktop/msds_ws/build/msds_bringup
[9.399s] DEBUG:colcon.colcon_core.event_handler.log_command:Invoked command in '/home/eyiza/Desktop/msds_ws/build/msds_firmware' returned '0': CMAKE_PREFIX_PATH=${CMAKE_PREFIX_PATH}:/home/eyiza/Desktop/SelfDriving/bumperbot_ws/install/bumperbot_py_examples:/home/eyiza/Desktop/ROS/ros_ws/install/turtlesim_py:/home/eyiza/Desktop/ROS/ros_ws/install/my_py_pkg:/opt/ros/jazzy DEBUGINFOD_URLS=https://debuginfod.ubuntu.com /usr/bin/cmake --build /home/eyiza/Desktop/msds_ws/build/msds_firmware -- -j8 -l8
[9.410s] DEBUG:colcon.colcon_core.event_handler.log_command:Invoking command in '/home/eyiza/Desktop/msds_ws/build/msds_firmware': CMAKE_PREFIX_PATH=${CMAKE_PREFIX_PATH}:/home/eyiza/Desktop/SelfDriving/bumperbot_ws/install/bumperbot_py_examples:/home/eyiza/Desktop/ROS/ros_ws/install/turtlesim_py:/home/eyiza/Desktop/ROS/ros_ws/install/my_py_pkg:/opt/ros/jazzy DEBUGINFOD_URLS=https://debuginfod.ubuntu.com /usr/bin/cmake --install /home/eyiza/Desktop/msds_ws/build/msds_firmware
[9.443s] DEBUG:colcon.colcon_core.event_handler.log_command:Invoked command in '/home/eyiza/Desktop/msds_ws/build/msds_controller' returned '0': CMAKE_PREFIX_PATH=${CMAKE_PREFIX_PATH}:/home/eyiza/Desktop/SelfDriving/bumperbot_ws/install/bumperbot_py_examples:/home/eyiza/Desktop/ROS/ros_ws/install/turtlesim_py:/home/eyiza/Desktop/ROS/ros_ws/install/my_py_pkg:/opt/ros/jazzy DEBUGINFOD_URLS=https://debuginfod.ubuntu.com /usr/bin/cmake /home/eyiza/Desktop/msds_ws/src/msds_controller -DCMAKE_INSTALL_PREFIX=/home/eyiza/Desktop/msds_ws/install/msds_controller
[9.449s] DEBUG:colcon.colcon_core.event_handler.log_command:Invoking command in '/home/eyiza/Desktop/msds_ws/build/msds_controller': CMAKE_PREFIX_PATH=${CMAKE_PREFIX_PATH}:/home/eyiza/Desktop/SelfDriving/bumperbot_ws/install/bumperbot_py_examples:/home/eyiza/Desktop/ROS/ros_ws/install/turtlesim_py:/home/eyiza/Desktop/ROS/ros_ws/install/my_py_pkg:/opt/ros/jazzy DEBUGINFOD_URLS=https://debuginfod.ubuntu.com /usr/bin/cmake --build /home/eyiza/Desktop/msds_ws/build/msds_controller -- -j8 -l8
[9.488s] Level 1:colcon.colcon_core.environment:create_environment_scripts_only(msds_firmware)
[9.574s] Level 1:colcon.colcon_core.environment:checking '/home/eyiza/Desktop/msds_ws/install/msds_firmware' for CMake module files
[9.577s] DEBUG:colcon.colcon_core.event_handler.log_command:Invoked command in '/home/eyiza/Desktop/msds_ws/build/msds_firmware' returned '0': CMAKE_PREFIX_PATH=${CMAKE_PREFIX_PATH}:/home/eyiza/Desktop/SelfDriving/bumperbot_ws/install/bumperbot_py_examples:/home/eyiza/Desktop/ROS/ros_ws/install/turtlesim_py:/home/eyiza/Desktop/ROS/ros_ws/install/my_py_pkg:/opt/ros/jazzy DEBUGINFOD_URLS=https://debuginfod.ubuntu.com /usr/bin/cmake --install /home/eyiza/Desktop/msds_ws/build/msds_firmware
[9.581s] Level 1:colcon.colcon_core.environment:checking '/home/eyiza/Desktop/msds_ws/install/msds_firmware' for CMake config files
[9.584s] Level 1:colcon.colcon_core.shell:create_environment_hook('msds_firmware', 'cmake_prefix_path')
[9.585s] INFO:colcon.colcon_core.shell:Creating environment hook '/home/eyiza/Desktop/msds_ws/install/msds_firmware/share/msds_firmware/hook/cmake_prefix_path.ps1'
[9.589s] INFO:colcon.colcon_core.shell:Creating environment descriptor '/home/eyiza/Desktop/msds_ws/install/msds_firmware/share/msds_firmware/hook/cmake_prefix_path.dsv'
[9.593s] INFO:colcon.colcon_core.shell:Creating environment hook '/home/eyiza/Desktop/msds_ws/install/msds_firmware/share/msds_firmware/hook/cmake_prefix_path.sh'
[9.599s] Level 1:colcon.colcon_core.environment:checking '/home/eyiza/Desktop/msds_ws/install/msds_firmware/bin'
[9.599s] Level 1:colcon.colcon_core.environment:checking '/home/eyiza/Desktop/msds_ws/install/msds_firmware/lib/pkgconfig/msds_firmware.pc'
[9.602s] Level 1:colcon.colcon_core.environment:checking '/home/eyiza/Desktop/msds_ws/install/msds_firmware/lib/python3.12/site-packages'
[9.603s] Level 1:colcon.colcon_core.environment:checking '/home/eyiza/Desktop/msds_ws/install/msds_firmware/bin'
[9.605s] INFO:colcon.colcon_core.shell:Creating package script '/home/eyiza/Desktop/msds_ws/install/msds_firmware/share/msds_firmware/package.ps1'
[9.609s] INFO:colcon.colcon_core.shell:Creating package descriptor '/home/eyiza/Desktop/msds_ws/install/msds_firmware/share/msds_firmware/package.dsv'
[9.616s] INFO:colcon.colcon_core.shell:Creating package script '/home/eyiza/Desktop/msds_ws/install/msds_firmware/share/msds_firmware/package.sh'
[9.620s] INFO:colcon.colcon_core.shell:Creating package script '/home/eyiza/Desktop/msds_ws/install/msds_firmware/share/msds_firmware/package.bash'
[9.625s] INFO:colcon.colcon_core.shell:Creating package script '/home/eyiza/Desktop/msds_ws/install/msds_firmware/share/msds_firmware/package.zsh'
[9.628s] Level 1:colcon.colcon_core.environment:create_file_with_runtime_dependencies(/home/eyiza/Desktop/msds_ws/install/msds_firmware/share/colcon-core/packages/msds_firmware)
[9.632s] Level 1:colcon.colcon_core.environment:create_environment_scripts_only(msds_firmware)
[9.633s] Level 1:colcon.colcon_core.environment:checking '/home/eyiza/Desktop/msds_ws/install/msds_firmware' for CMake module files
[9.637s] Level 1:colcon.colcon_core.environment:checking '/home/eyiza/Desktop/msds_ws/install/msds_firmware' for CMake config files
[9.638s] Level 1:colcon.colcon_core.shell:create_environment_hook('msds_firmware', 'cmake_prefix_path')
[9.639s] INFO:colcon.colcon_core.shell:Creating environment hook '/home/eyiza/Desktop/msds_ws/install/msds_firmware/share/msds_firmware/hook/cmake_prefix_path.ps1'
[9.642s] INFO:colcon.colcon_core.shell:Creating environment descriptor '/home/eyiza/Desktop/msds_ws/install/msds_firmware/share/msds_firmware/hook/cmake_prefix_path.dsv'
[9.644s] INFO:colcon.colcon_core.shell:Creating environment hook '/home/eyiza/Desktop/msds_ws/install/msds_firmware/share/msds_firmware/hook/cmake_prefix_path.sh'
[9.648s] Level 1:colcon.colcon_core.environment:checking '/home/eyiza/Desktop/msds_ws/install/msds_firmware/bin'
[9.648s] Level 1:colcon.colcon_core.environment:checking '/home/eyiza/Desktop/msds_ws/install/msds_firmware/lib/pkgconfig/msds_firmware.pc'
[9.651s] Level 1:colcon.colcon_core.environment:checking '/home/eyiza/Desktop/msds_ws/install/msds_firmware/lib/python3.12/site-packages'
[9.653s] Level 1:colcon.colcon_core.environment:checking '/home/eyiza/Desktop/msds_ws/install/msds_firmware/bin'
[9.655s] INFO:colcon.colcon_core.shell:Creating package script '/home/eyiza/Desktop/msds_ws/install/msds_firmware/share/msds_firmware/package.ps1'
[9.658s] INFO:colcon.colcon_core.shell:Creating package descriptor '/home/eyiza/Desktop/msds_ws/install/msds_firmware/share/msds_firmware/package.dsv'
[9.661s] INFO:colcon.colcon_core.shell:Creating package script '/home/eyiza/Desktop/msds_ws/install/msds_firmware/share/msds_firmware/package.sh'
[9.664s] INFO:colcon.colcon_core.shell:Creating package script '/home/eyiza/Desktop/msds_ws/install/msds_firmware/share/msds_firmware/package.bash'
[9.667s] INFO:colcon.colcon_core.shell:Creating package script '/home/eyiza/Desktop/msds_ws/install/msds_firmware/share/msds_firmware/package.zsh'
[9.670s] Level 1:colcon.colcon_core.environment:create_file_with_runtime_dependencies(/home/eyiza/Desktop/msds_ws/install/msds_firmware/share/colcon-core/packages/msds_firmware)
[9.671s] Level 1:colcon.colcon_core.environment:create_environment_scripts_only(msds_bringup)
[9.677s] Level 1:colcon.colcon_core.environment:checking '/home/eyiza/Desktop/msds_ws/install/msds_bringup' for CMake module files
[9.676s] DEBUG:colcon.colcon_core.event_handler.log_command:Invoked command in '/home/eyiza/Desktop/msds_ws/build/msds_bringup' returned '0': CMAKE_PREFIX_PATH=${CMAKE_PREFIX_PATH}:/home/eyiza/Desktop/SelfDriving/bumperbot_ws/install/bumperbot_py_examples:/home/eyiza/Desktop/ROS/ros_ws/install/turtlesim_py:/home/eyiza/Desktop/ROS/ros_ws/install/my_py_pkg:/opt/ros/jazzy DEBUGINFOD_URLS=https://debuginfod.ubuntu.com /usr/bin/cmake --install /home/eyiza/Desktop/msds_ws/build/msds_bringup
[9.681s] Level 1:colcon.colcon_core.environment:checking '/home/eyiza/Desktop/msds_ws/install/msds_bringup' for CMake config files
[9.682s] Level 1:colcon.colcon_core.shell:create_environment_hook('msds_bringup', 'cmake_prefix_path')
[9.683s] INFO:colcon.colcon_core.shell:Creating environment hook '/home/eyiza/Desktop/msds_ws/install/msds_bringup/share/msds_bringup/hook/cmake_prefix_path.ps1'
[9.689s] INFO:colcon.colcon_core.shell:Creating environment descriptor '/home/eyiza/Desktop/msds_ws/install/msds_bringup/share/msds_bringup/hook/cmake_prefix_path.dsv'
[9.693s] INFO:colcon.colcon_core.shell:Creating environment hook '/home/eyiza/Desktop/msds_ws/install/msds_bringup/share/msds_bringup/hook/cmake_prefix_path.sh'
[9.696s] Level 1:colcon.colcon_core.environment:checking '/home/eyiza/Desktop/msds_ws/install/msds_bringup/bin'
[9.697s] Level 1:colcon.colcon_core.environment:checking '/home/eyiza/Desktop/msds_ws/install/msds_bringup/lib/pkgconfig/msds_bringup.pc'
[9.699s] Level 1:colcon.colcon_core.environment:checking '/home/eyiza/Desktop/msds_ws/install/msds_bringup/lib/python3.12/site-packages'
[9.701s] Level 1:colcon.colcon_core.environment:checking '/home/eyiza/Desktop/msds_ws/install/msds_bringup/bin'
[9.702s] INFO:colcon.colcon_core.shell:Creating package script '/home/eyiza/Desktop/msds_ws/install/msds_bringup/share/msds_bringup/package.ps1'
[9.705s] INFO:colcon.colcon_core.shell:Creating package descriptor '/home/eyiza/Desktop/msds_ws/install/msds_bringup/share/msds_bringup/package.dsv'
[9.708s] INFO:colcon.colcon_core.shell:Creating package script '/home/eyiza/Desktop/msds_ws/install/msds_bringup/share/msds_bringup/package.sh'
[9.711s] INFO:colcon.colcon_core.shell:Creating package script '/home/eyiza/Desktop/msds_ws/install/msds_bringup/share/msds_bringup/package.bash'
[9.717s] INFO:colcon.colcon_core.shell:Creating package script '/home/eyiza/Desktop/msds_ws/install/msds_bringup/share/msds_bringup/package.zsh'
[9.722s] Level 1:colcon.colcon_core.environment:create_file_with_runtime_dependencies(/home/eyiza/Desktop/msds_ws/install/msds_bringup/share/colcon-core/packages/msds_bringup)
[9.724s] Level 1:colcon.colcon_core.environment:create_environment_scripts_only(msds_bringup)
[9.725s] Level 1:colcon.colcon_core.environment:checking '/home/eyiza/Desktop/msds_ws/install/msds_bringup' for CMake module files
[9.727s] Level 1:colcon.colcon_core.environment:checking '/home/eyiza/Desktop/msds_ws/install/msds_bringup' for CMake config files
[9.729s] Level 1:colcon.colcon_core.shell:create_environment_hook('msds_bringup', 'cmake_prefix_path')
[9.729s] INFO:colcon.colcon_core.shell:Creating environment hook '/home/eyiza/Desktop/msds_ws/install/msds_bringup/share/msds_bringup/hook/cmake_prefix_path.ps1'
[9.732s] INFO:colcon.colcon_core.shell:Creating environment descriptor '/home/eyiza/Desktop/msds_ws/install/msds_bringup/share/msds_bringup/hook/cmake_prefix_path.dsv'
[9.734s] INFO:colcon.colcon_core.shell:Creating environment hook '/home/eyiza/Desktop/msds_ws/install/msds_bringup/share/msds_bringup/hook/cmake_prefix_path.sh'
[9.737s] Level 1:colcon.colcon_core.environment:checking '/home/eyiza/Desktop/msds_ws/install/msds_bringup/bin'
[9.738s] Level 1:colcon.colcon_core.environment:checking '/home/eyiza/Desktop/msds_ws/install/msds_bringup/lib/pkgconfig/msds_bringup.pc'
[9.739s] Level 1:colcon.colcon_core.environment:checking '/home/eyiza/Desktop/msds_ws/install/msds_bringup/lib/python3.12/site-packages'
[9.740s] Level 1:colcon.colcon_core.environment:checking '/home/eyiza/Desktop/msds_ws/install/msds_bringup/bin'
[9.741s] INFO:colcon.colcon_core.shell:Creating package script '/home/eyiza/Desktop/msds_ws/install/msds_bringup/share/msds_bringup/package.ps1'
[9.744s] INFO:colcon.colcon_core.shell:Creating package descriptor '/home/eyiza/Desktop/msds_ws/install/msds_bringup/share/msds_bringup/package.dsv'
[9.747s] INFO:colcon.colcon_core.shell:Creating package script '/home/eyiza/Desktop/msds_ws/install/msds_bringup/share/msds_bringup/package.sh'
[9.749s] INFO:colcon.colcon_core.shell:Creating package script '/home/eyiza/Desktop/msds_ws/install/msds_bringup/share/msds_bringup/package.bash'
[9.752s] INFO:colcon.colcon_core.shell:Creating package script '/home/eyiza/Desktop/msds_ws/install/msds_bringup/share/msds_bringup/package.zsh'
[9.755s] Level 1:colcon.colcon_core.environment:create_file_with_runtime_dependencies(/home/eyiza/Desktop/msds_ws/install/msds_bringup/share/colcon-core/packages/msds_bringup)
[9.770s] DEBUG:colcon.colcon_core.event_handler.log_command:Invoked command in '/home/eyiza/Desktop/msds_ws/build/msds_localization' returned '0': CMAKE_PREFIX_PATH=${CMAKE_PREFIX_PATH}:/home/eyiza/Desktop/SelfDriving/bumperbot_ws/install/bumperbot_py_examples:/home/eyiza/Desktop/ROS/ros_ws/install/turtlesim_py:/home/eyiza/Desktop/ROS/ros_ws/install/my_py_pkg:/opt/ros/jazzy DEBUGINFOD_URLS=https://debuginfod.ubuntu.com /usr/bin/cmake /home/eyiza/Desktop/msds_ws/src/msds_localization -DCMAKE_INSTALL_PREFIX=/home/eyiza/Desktop/msds_ws/install/msds_localization
[9.775s] DEBUG:colcon.colcon_core.event_handler.log_command:Invoking command in '/home/eyiza/Desktop/msds_ws/build/msds_localization': CMAKE_PREFIX_PATH=${CMAKE_PREFIX_PATH}:/home/eyiza/Desktop/SelfDriving/bumperbot_ws/install/bumperbot_py_examples:/home/eyiza/Desktop/ROS/ros_ws/install/turtlesim_py:/home/eyiza/Desktop/ROS/ros_ws/install/my_py_pkg:/opt/ros/jazzy DEBUGINFOD_URLS=https://debuginfod.ubuntu.com /usr/bin/cmake --build /home/eyiza/Desktop/msds_ws/build/msds_localization -- -j8 -l8
[9.778s] DEBUG:colcon.colcon_core.event_handler.log_command:Invoked command in '/home/eyiza/Desktop/msds_ws/build/msds_controller' returned '0': CMAKE_PREFIX_PATH=${CMAKE_PREFIX_PATH}:/home/eyiza/Desktop/SelfDriving/bumperbot_ws/install/bumperbot_py_examples:/home/eyiza/Desktop/ROS/ros_ws/install/turtlesim_py:/home/eyiza/Desktop/ROS/ros_ws/install/my_py_pkg:/opt/ros/jazzy DEBUGINFOD_URLS=https://debuginfod.ubuntu.com /usr/bin/cmake --build /home/eyiza/Desktop/msds_ws/build/msds_controller -- -j8 -l8
[9.785s] DEBUG:colcon.colcon_core.event_handler.log_command:Invoking command in '/home/eyiza/Desktop/msds_ws/build/msds_controller': CMAKE_PREFIX_PATH=${CMAKE_PREFIX_PATH}:/home/eyiza/Desktop/SelfDriving/bumperbot_ws/install/bumperbot_py_examples:/home/eyiza/Desktop/ROS/ros_ws/install/turtlesim_py:/home/eyiza/Desktop/ROS/ros_ws/install/my_py_pkg:/opt/ros/jazzy DEBUGINFOD_URLS=https://debuginfod.ubuntu.com /usr/bin/cmake --install /home/eyiza/Desktop/msds_ws/build/msds_controller
[9.859s] Level 1:colcon.colcon_core.environment:create_environment_scripts_only(msds_controller)
[9.860s] Level 1:colcon.colcon_core.environment:checking '/home/eyiza/Desktop/msds_ws/install/msds_controller' for CMake module files
[9.862s] DEBUG:colcon.colcon_core.event_handler.log_command:Invoked command in '/home/eyiza/Desktop/msds_ws/build/msds_controller' returned '0': CMAKE_PREFIX_PATH=${CMAKE_PREFIX_PATH}:/home/eyiza/Desktop/SelfDriving/bumperbot_ws/install/bumperbot_py_examples:/home/eyiza/Desktop/ROS/ros_ws/install/turtlesim_py:/home/eyiza/Desktop/ROS/ros_ws/install/my_py_pkg:/opt/ros/jazzy DEBUGINFOD_URLS=https://debuginfod.ubuntu.com /usr/bin/cmake --install /home/eyiza/Desktop/msds_ws/build/msds_controller
[9.864s] Level 1:colcon.colcon_core.environment:checking '/home/eyiza/Desktop/msds_ws/install/msds_controller' for CMake config files
[9.865s] Level 1:colcon.colcon_core.shell:create_environment_hook('msds_controller', 'cmake_prefix_path')
[9.866s] INFO:colcon.colcon_core.shell:Creating environment hook '/home/eyiza/Desktop/msds_ws/install/msds_controller/share/msds_controller/hook/cmake_prefix_path.ps1'
[9.868s] INFO:colcon.colcon_core.shell:Creating environment descriptor '/home/eyiza/Desktop/msds_ws/install/msds_controller/share/msds_controller/hook/cmake_prefix_path.dsv'
[9.869s] INFO:colcon.colcon_core.shell:Creating environment hook '/home/eyiza/Desktop/msds_ws/install/msds_controller/share/msds_controller/hook/cmake_prefix_path.sh'
[9.871s] Level 1:colcon.colcon_core.environment:checking '/home/eyiza/Desktop/msds_ws/install/msds_controller/bin'
[9.872s] Level 1:colcon.colcon_core.environment:checking '/home/eyiza/Desktop/msds_ws/install/msds_controller/lib/pkgconfig/msds_controller.pc'
[9.873s] Level 1:colcon.colcon_core.environment:checking '/home/eyiza/Desktop/msds_ws/install/msds_controller/lib/python3.12/site-packages'
[9.874s] Level 1:colcon.colcon_core.environment:checking '/home/eyiza/Desktop/msds_ws/install/msds_controller/bin'
[9.875s] INFO:colcon.colcon_core.shell:Creating package script '/home/eyiza/Desktop/msds_ws/install/msds_controller/share/msds_controller/package.ps1'
[9.877s] INFO:colcon.colcon_core.shell:Creating package descriptor '/home/eyiza/Desktop/msds_ws/install/msds_controller/share/msds_controller/package.dsv'
[9.879s] INFO:colcon.colcon_core.shell:Creating package script '/home/eyiza/Desktop/msds_ws/install/msds_controller/share/msds_controller/package.sh'
[9.880s] INFO:colcon.colcon_core.shell:Creating package script '/home/eyiza/Desktop/msds_ws/install/msds_controller/share/msds_controller/package.bash'
[9.882s] INFO:colcon.colcon_core.shell:Creating package script '/home/eyiza/Desktop/msds_ws/install/msds_controller/share/msds_controller/package.zsh'
[9.883s] Level 1:colcon.colcon_core.environment:create_file_with_runtime_dependencies(/home/eyiza/Desktop/msds_ws/install/msds_controller/share/colcon-core/packages/msds_controller)
[9.886s] Level 1:colcon.colcon_core.environment:create_environment_scripts_only(msds_controller)
[9.887s] Level 1:colcon.colcon_core.environment:checking '/home/eyiza/Desktop/msds_ws/install/msds_controller' for CMake module files
[9.889s] Level 1:colcon.colcon_core.environment:checking '/home/eyiza/Desktop/msds_ws/install/msds_controller' for CMake config files
[9.890s] Level 1:colcon.colcon_core.shell:create_environment_hook('msds_controller', 'cmake_prefix_path')
[9.891s] INFO:colcon.colcon_core.shell:Creating environment hook '/home/eyiza/Desktop/msds_ws/install/msds_controller/share/msds_controller/hook/cmake_prefix_path.ps1'
[9.893s] INFO:colcon.colcon_core.shell:Creating environment descriptor '/home/eyiza/Desktop/msds_ws/install/msds_controller/share/msds_controller/hook/cmake_prefix_path.dsv'
[9.895s] INFO:colcon.colcon_core.shell:Creating environment hook '/home/eyiza/Desktop/msds_ws/install/msds_controller/share/msds_controller/hook/cmake_prefix_path.sh'
[9.898s] Level 1:colcon.colcon_core.environment:checking '/home/eyiza/Desktop/msds_ws/install/msds_controller/bin'
[9.898s] Level 1:colcon.colcon_core.environment:checking '/home/eyiza/Desktop/msds_ws/install/msds_controller/lib/pkgconfig/msds_controller.pc'
[9.900s] Level 1:colcon.colcon_core.environment:checking '/home/eyiza/Desktop/msds_ws/install/msds_controller/lib/python3.12/site-packages'
[9.902s] Level 1:colcon.colcon_core.environment:checking '/home/eyiza/Desktop/msds_ws/install/msds_controller/bin'
[9.903s] INFO:colcon.colcon_core.shell:Creating package script '/home/eyiza/Desktop/msds_ws/install/msds_controller/share/msds_controller/package.ps1'
[9.907s] INFO:colcon.colcon_core.shell:Creating package descriptor '/home/eyiza/Desktop/msds_ws/install/msds_controller/share/msds_controller/package.dsv'
[9.910s] INFO:colcon.colcon_core.shell:Creating package script '/home/eyiza/Desktop/msds_ws/install/msds_controller/share/msds_controller/package.sh'
[9.912s] INFO:colcon.colcon_core.shell:Creating package script '/home/eyiza/Desktop/msds_ws/install/msds_controller/share/msds_controller/package.bash'
[9.916s] INFO:colcon.colcon_core.shell:Creating package script '/home/eyiza/Desktop/msds_ws/install/msds_controller/share/msds_controller/package.zsh'
[9.921s] Level 1:colcon.colcon_core.environment:create_file_with_runtime_dependencies(/home/eyiza/Desktop/msds_ws/install/msds_controller/share/colcon-core/packages/msds_controller)
[10.004s] DEBUG:colcon.colcon_core.event_handler.log_command:Invoked command in '/home/eyiza/Desktop/msds_ws/build/msds_localization' returned '0': CMAKE_PREFIX_PATH=${CMAKE_PREFIX_PATH}:/home/eyiza/Desktop/SelfDriving/bumperbot_ws/install/bumperbot_py_examples:/home/eyiza/Desktop/ROS/ros_ws/install/turtlesim_py:/home/eyiza/Desktop/ROS/ros_ws/install/my_py_pkg:/opt/ros/jazzy DEBUGINFOD_URLS=https://debuginfod.ubuntu.com /usr/bin/cmake --build /home/eyiza/Desktop/msds_ws/build/msds_localization -- -j8 -l8
[10.008s] DEBUG:colcon.colcon_core.event_handler.log_command:Invoking command in '/home/eyiza/Desktop/msds_ws/build/msds_localization': CMAKE_PREFIX_PATH=${CMAKE_PREFIX_PATH}:/home/eyiza/Desktop/SelfDriving/bumperbot_ws/install/bumperbot_py_examples:/home/eyiza/Desktop/ROS/ros_ws/install/turtlesim_py:/home/eyiza/Desktop/ROS/ros_ws/install/my_py_pkg:/opt/ros/jazzy DEBUGINFOD_URLS=https://debuginfod.ubuntu.com /usr/bin/cmake --install /home/eyiza/Desktop/msds_ws/build/msds_localization
[10.069s] Level 1:colcon.colcon_core.environment:create_environment_scripts_only(msds_localization)
[10.070s] Level 1:colcon.colcon_core.environment:checking '/home/eyiza/Desktop/msds_ws/install/msds_localization' for CMake module files
[10.073s] DEBUG:colcon.colcon_core.event_handler.log_command:Invoked command in '/home/eyiza/Desktop/msds_ws/build/msds_localization' returned '0': CMAKE_PREFIX_PATH=${CMAKE_PREFIX_PATH}:/home/eyiza/Desktop/SelfDriving/bumperbot_ws/install/bumperbot_py_examples:/home/eyiza/Desktop/ROS/ros_ws/install/turtlesim_py:/home/eyiza/Desktop/ROS/ros_ws/install/my_py_pkg:/opt/ros/jazzy DEBUGINFOD_URLS=https://debuginfod.ubuntu.com /usr/bin/cmake --install /home/eyiza/Desktop/msds_ws/build/msds_localization
[10.075s] Level 1:colcon.colcon_core.environment:checking '/home/eyiza/Desktop/msds_ws/install/msds_localization' for CMake config files
[10.076s] Level 1:colcon.colcon_core.shell:create_environment_hook('msds_localization', 'cmake_prefix_path')
[10.076s] INFO:colcon.colcon_core.shell:Creating environment hook '/home/eyiza/Desktop/msds_ws/install/msds_localization/share/msds_localization/hook/cmake_prefix_path.ps1'
[10.078s] INFO:colcon.colcon_core.shell:Creating environment descriptor '/home/eyiza/Desktop/msds_ws/install/msds_localization/share/msds_localization/hook/cmake_prefix_path.dsv'
[10.079s] INFO:colcon.colcon_core.shell:Creating environment hook '/home/eyiza/Desktop/msds_ws/install/msds_localization/share/msds_localization/hook/cmake_prefix_path.sh'
[10.081s] Level 1:colcon.colcon_core.environment:checking '/home/eyiza/Desktop/msds_ws/install/msds_localization/bin'
[10.082s] Level 1:colcon.colcon_core.environment:checking '/home/eyiza/Desktop/msds_ws/install/msds_localization/lib/pkgconfig/msds_localization.pc'
[10.083s] Level 1:colcon.colcon_core.environment:checking '/home/eyiza/Desktop/msds_ws/install/msds_localization/lib/python3.12/site-packages'
[10.085s] Level 1:colcon.colcon_core.environment:checking '/home/eyiza/Desktop/msds_ws/install/msds_localization/bin'
[10.087s] INFO:colcon.colcon_core.shell:Creating package script '/home/eyiza/Desktop/msds_ws/install/msds_localization/share/msds_localization/package.ps1'
[10.089s] INFO:colcon.colcon_core.shell:Creating package descriptor '/home/eyiza/Desktop/msds_ws/install/msds_localization/share/msds_localization/package.dsv'
[10.090s] INFO:colcon.colcon_core.shell:Creating package script '/home/eyiza/Desktop/msds_ws/install/msds_localization/share/msds_localization/package.sh'
[10.092s] INFO:colcon.colcon_core.shell:Creating package script '/home/eyiza/Desktop/msds_ws/install/msds_localization/share/msds_localization/package.bash'
[10.094s] INFO:colcon.colcon_core.shell:Creating package script '/home/eyiza/Desktop/msds_ws/install/msds_localization/share/msds_localization/package.zsh'
[10.095s] Level 1:colcon.colcon_core.environment:create_file_with_runtime_dependencies(/home/eyiza/Desktop/msds_ws/install/msds_localization/share/colcon-core/packages/msds_localization)
[10.098s] Level 1:colcon.colcon_core.environment:create_environment_scripts_only(msds_localization)
[10.098s] Level 1:colcon.colcon_core.environment:checking '/home/eyiza/Desktop/msds_ws/install/msds_localization' for CMake module files
[10.101s] Level 1:colcon.colcon_core.environment:checking '/home/eyiza/Desktop/msds_ws/install/msds_localization' for CMake config files
[10.103s] Level 1:colcon.colcon_core.shell:create_environment_hook('msds_localization', 'cmake_prefix_path')
[10.104s] INFO:colcon.colcon_core.shell:Creating environment hook '/home/eyiza/Desktop/msds_ws/install/msds_localization/share/msds_localization/hook/cmake_prefix_path.ps1'
[10.106s] INFO:colcon.colcon_core.shell:Creating environment descriptor '/home/eyiza/Desktop/msds_ws/install/msds_localization/share/msds_localization/hook/cmake_prefix_path.dsv'
[10.107s] INFO:colcon.colcon_core.shell:Creating environment hook '/home/eyiza/Desktop/msds_ws/install/msds_localization/share/msds_localization/hook/cmake_prefix_path.sh'
[10.109s] Level 1:colcon.colcon_core.environment:checking '/home/eyiza/Desktop/msds_ws/install/msds_localization/bin'
[10.110s] Level 1:colcon.colcon_core.environment:checking '/home/eyiza/Desktop/msds_ws/install/msds_localization/lib/pkgconfig/msds_localization.pc'
[10.111s] Level 1:colcon.colcon_core.environment:checking '/home/eyiza/Desktop/msds_ws/install/msds_localization/lib/python3.12/site-packages'
[10.112s] Level 1:colcon.colcon_core.environment:checking '/home/eyiza/Desktop/msds_ws/install/msds_localization/bin'
[10.113s] INFO:colcon.colcon_core.shell:Creating package script '/home/eyiza/Desktop/msds_ws/install/msds_localization/share/msds_localization/package.ps1'
[10.116s] INFO:colcon.colcon_core.shell:Creating package descriptor '/home/eyiza/Desktop/msds_ws/install/msds_localization/share/msds_localization/package.dsv'
[10.119s] INFO:colcon.colcon_core.shell:Creating package script '/home/eyiza/Desktop/msds_ws/install/msds_localization/share/msds_localization/package.sh'
[10.121s] INFO:colcon.colcon_core.shell:Creating package script '/home/eyiza/Desktop/msds_ws/install/msds_localization/share/msds_localization/package.bash'
[10.124s] INFO:colcon.colcon_core.shell:Creating package script '/home/eyiza/Desktop/msds_ws/install/msds_localization/share/msds_localization/package.zsh'
[10.126s] Level 1:colcon.colcon_core.environment:create_file_with_runtime_dependencies(/home/eyiza/Desktop/msds_ws/install/msds_localization/share/colcon-core/packages/msds_localization)
[10.127s] DEBUG:colcon.colcon_parallel_executor.executor.parallel:closing loop
[10.127s] DEBUG:colcon.colcon_parallel_executor.executor.parallel:loop closed
[10.127s] DEBUG:colcon.colcon_parallel_executor.executor.parallel:run_until_complete finished with '0'
[10.127s] DEBUG:colcon.colcon_core.event_reactor:joining thread
[10.160s] INFO:colcon.colcon_core.plugin_system:Skipping extension 'colcon_notification.desktop_notification.terminal_notifier': Not used on non-Darwin systems
[10.160s] INFO:colcon.colcon_core.plugin_system:Skipping extension 'colcon_notification.desktop_notification.win32': Not used on non-Windows systems
[10.160s] INFO:colcon.colcon_notification.desktop_notification:Sending desktop notification using 'notify2'
[10.226s] DEBUG:colcon.colcon_core.event_reactor:joined thread
[10.227s] INFO:colcon.colcon_core.shell:Creating prefix script '/home/eyiza/Desktop/msds_ws/install/local_setup.ps1'
[10.233s] INFO:colcon.colcon_core.shell:Creating prefix util module '/home/eyiza/Desktop/msds_ws/install/_local_setup_util_ps1.py'
[10.241s] INFO:colcon.colcon_core.shell:Creating prefix chain script '/home/eyiza/Desktop/msds_ws/install/setup.ps1'
[10.252s] INFO:colcon.colcon_core.shell:Creating prefix script '/home/eyiza/Desktop/msds_ws/install/local_setup.sh'
[10.255s] INFO:colcon.colcon_core.shell:Creating prefix util module '/home/eyiza/Desktop/msds_ws/install/_local_setup_util_sh.py'
[10.259s] INFO:colcon.colcon_core.shell:Creating prefix chain script '/home/eyiza/Desktop/msds_ws/install/setup.sh'
[10.267s] INFO:colcon.colcon_core.shell:Creating prefix script '/home/eyiza/Desktop/msds_ws/install/local_setup.bash'
[10.270s] INFO:colcon.colcon_core.shell:Creating prefix chain script '/home/eyiza/Desktop/msds_ws/install/setup.bash'
[10.279s] INFO:colcon.colcon_core.shell:Creating prefix script '/home/eyiza/Desktop/msds_ws/install/local_setup.zsh'
[10.281s] INFO:colcon.colcon_core.shell:Creating prefix chain script '/home/eyiza/Desktop/msds_ws/install/setup.zsh'
