[0.119s] Invoking command in '/home/eyiza/Desktop/msds_ws/build/msds_localization': CMAKE_PREFIX_PATH=${CMAKE_PREFIX_PATH}:/home/eyiza/Desktop/SelfDriving/bumperbot_ws/install/bumperbot_py_examples:/home/eyiza/Desktop/ROS/ros_ws/install/turtlesim_py:/home/eyiza/Desktop/ROS/ros_ws/install/my_py_pkg:/opt/ros/jazzy DEBUGINFOD_URLS=https://debuginfod.ubuntu.com /usr/bin/cmake /home/eyiza/Desktop/msds_ws/src/msds_localization -DCMAKE_INSTALL_PREFIX=/home/eyiza/Desktop/msds_ws/install/msds_localization
[0.573s] -- The C compiler identification is GNU 12.3.0
[1.181s] -- The CXX compiler identification is GNU 13.3.0
[1.302s] -- Detecting C compiler ABI info
[2.149s] -- Detecting C compiler ABI info - done
[2.439s] -- Check for working C compiler: /usr/bin/cc - skipped
[2.442s] -- Detecting C compile features
[2.451s] -- Detecting C compile features - done
[2.586s] -- Detecting CXX compiler ABI info
[3.507s] -- Detecting CXX compiler ABI info - done
[3.679s] -- Check for working CXX compiler: /usr/bin/c++ - skipped
[3.693s] -- Detecting CXX compile features
[3.694s] -- Detecting CXX compile features - done
[3.738s] -- Found ament_cmake: 2.5.3 (/opt/ros/jazzy/share/ament_cmake/cmake)
[5.223s] -- Found Python3: /usr/bin/python3 (found version "3.12.3") found components: Interpreter 
[6.233s] -- Found ament_lint_auto: 0.17.2 (/opt/ros/jazzy/share/ament_lint_auto/cmake)
[7.357s] -- Added test 'lint_cmake' to check CMake code style
[7.379s] -- Added test 'xmllint' to check XML markup files
[7.517s] -- Configuring done (7.2s)
[7.524s] -- Generating done (0.0s)
[7.524s] -- Build files have been written to: /home/eyiza/Desktop/msds_ws/build/msds_localization
[7.710s] Invoked command in '/home/eyiza/Desktop/msds_ws/build/msds_localization' returned '0': CMAKE_PREFIX_PATH=${CMAKE_PREFIX_PATH}:/home/eyiza/Desktop/SelfDriving/bumperbot_ws/install/bumperbot_py_examples:/home/eyiza/Desktop/ROS/ros_ws/install/turtlesim_py:/home/eyiza/Desktop/ROS/ros_ws/install/my_py_pkg:/opt/ros/jazzy DEBUGINFOD_URLS=https://debuginfod.ubuntu.com /usr/bin/cmake /home/eyiza/Desktop/msds_ws/src/msds_localization -DCMAKE_INSTALL_PREFIX=/home/eyiza/Desktop/msds_ws/install/msds_localization
[7.715s] Invoking command in '/home/eyiza/Desktop/msds_ws/build/msds_localization': CMAKE_PREFIX_PATH=${CMAKE_PREFIX_PATH}:/home/eyiza/Desktop/SelfDriving/bumperbot_ws/install/bumperbot_py_examples:/home/eyiza/Desktop/ROS/ros_ws/install/turtlesim_py:/home/eyiza/Desktop/ROS/ros_ws/install/my_py_pkg:/opt/ros/jazzy DEBUGINFOD_URLS=https://debuginfod.ubuntu.com /usr/bin/cmake --build /home/eyiza/Desktop/msds_ws/build/msds_localization -- -j8 -l8
[7.944s] Invoked command in '/home/eyiza/Desktop/msds_ws/build/msds_localization' returned '0': CMAKE_PREFIX_PATH=${CMAKE_PREFIX_PATH}:/home/eyiza/Desktop/SelfDriving/bumperbot_ws/install/bumperbot_py_examples:/home/eyiza/Desktop/ROS/ros_ws/install/turtlesim_py:/home/eyiza/Desktop/ROS/ros_ws/install/my_py_pkg:/opt/ros/jazzy DEBUGINFOD_URLS=https://debuginfod.ubuntu.com /usr/bin/cmake --build /home/eyiza/Desktop/msds_ws/build/msds_localization -- -j8 -l8
[7.949s] Invoking command in '/home/eyiza/Desktop/msds_ws/build/msds_localization': CMAKE_PREFIX_PATH=${CMAKE_PREFIX_PATH}:/home/eyiza/Desktop/SelfDriving/bumperbot_ws/install/bumperbot_py_examples:/home/eyiza/Desktop/ROS/ros_ws/install/turtlesim_py:/home/eyiza/Desktop/ROS/ros_ws/install/my_py_pkg:/opt/ros/jazzy DEBUGINFOD_URLS=https://debuginfod.ubuntu.com /usr/bin/cmake --install /home/eyiza/Desktop/msds_ws/build/msds_localization
[7.991s] -- Install configuration: ""
[7.992s] -- Installing: /home/eyiza/Desktop/msds_ws/install/msds_localization/share/ament_index/resource_index/package_run_dependencies/msds_localization
[7.994s] -- Installing: /home/eyiza/Desktop/msds_ws/install/msds_localization/share/ament_index/resource_index/parent_prefix_path/msds_localization
[7.995s] -- Installing: /home/eyiza/Desktop/msds_ws/install/msds_localization/share/msds_localization/environment/ament_prefix_path.sh
[7.996s] -- Installing: /home/eyiza/Desktop/msds_ws/install/msds_localization/share/msds_localization/environment/ament_prefix_path.dsv
[7.997s] -- Installing: /home/eyiza/Desktop/msds_ws/install/msds_localization/share/msds_localization/environment/path.sh
[7.998s] -- Installing: /home/eyiza/Desktop/msds_ws/install/msds_localization/share/msds_localization/environment/path.dsv
[7.999s] -- Installing: /home/eyiza/Desktop/msds_ws/install/msds_localization/share/msds_localization/local_setup.bash
[8.000s] -- Installing: /home/eyiza/Desktop/msds_ws/install/msds_localization/share/msds_localization/local_setup.sh
[8.000s] -- Installing: /home/eyiza/Desktop/msds_ws/install/msds_localization/share/msds_localization/local_setup.zsh
[8.001s] -- Installing: /home/eyiza/Desktop/msds_ws/install/msds_localization/share/msds_localization/local_setup.dsv
[8.001s] -- Installing: /home/eyiza/Desktop/msds_ws/install/msds_localization/share/msds_localization/package.dsv
[8.002s] -- Installing: /home/eyiza/Desktop/msds_ws/install/msds_localization/share/ament_index/resource_index/packages/msds_localization
[8.003s] -- Installing: /home/eyiza/Desktop/msds_ws/install/msds_localization/share/msds_localization/cmake/msds_localizationConfig.cmake
[8.004s] -- Installing: /home/eyiza/Desktop/msds_ws/install/msds_localization/share/msds_localization/cmake/msds_localizationConfig-version.cmake
[8.004s] -- Installing: /home/eyiza/Desktop/msds_ws/install/msds_localization/share/msds_localization/package.xml
[8.014s] Invoked command in '/home/eyiza/Desktop/msds_ws/build/msds_localization' returned '0': CMAKE_PREFIX_PATH=${CMAKE_PREFIX_PATH}:/home/eyiza/Desktop/SelfDriving/bumperbot_ws/install/bumperbot_py_examples:/home/eyiza/Desktop/ROS/ros_ws/install/turtlesim_py:/home/eyiza/Desktop/ROS/ros_ws/install/my_py_pkg:/opt/ros/jazzy DEBUGINFOD_URLS=https://debuginfod.ubuntu.com /usr/bin/cmake --install /home/eyiza/Desktop/msds_ws/build/msds_localization
