[1.230s] DEBUG:colcon:Command line arguments: ['/usr/bin/colcon', 'list', '-p', '--base-paths', '/home/eyiza/Desktop/msds_ws']
[1.230s] DEBUG:colcon:Parsed command line arguments: Namespace(log_base=None, log_level=None, verb_name='list', build_base='build', ignore_user_meta=False, metas=['./colcon.meta'], base_paths=['/home/eyiza/Desktop/msds_ws'], packages_ignore=None, packages_ignore_regex=None, paths=None, packages_up_to=None, packages_up_to_regex=None, packages_above=None, packages_above_and_dependencies=None, packages_above_depth=None, packages_select_by_dep=None, packages_skip_by_dep=None, packages_skip_up_to=None, packages_select_build_failed=False, packages_skip_build_finished=False, packages_select_test_failures=False, packages_skip_test_passed=False, packages_select=None, packages_skip=None, packages_select_regex=None, packages_skip_regex=None, packages_start=None, packages_end=None, allow_overriding=[], topological_order=False, names_only=False, paths_only=True, topological_graph=False, topological_graph_dot=False, topological_graph_density=False, topological_graph_legend=False, topological_graph_dot_cluster=False, topological_graph_dot_include_skipped=False, mixin_files=None, mixin=None, verb_parser=<colcon_mixin.mixin.mixin_argument.MixinArgumentDecorator object at 0x71d6db9f9160>, verb_extension=<colcon_package_information.verb.list.ListVerb object at 0x71d6db9f7fe0>, main=<bound method ListVerb.main of <colcon_package_information.verb.list.ListVerb object at 0x71d6db9f7fe0>>, mixin_verb=('list',))
[1.571s] Level 1:colcon.colcon_core.package_discovery:discover_packages(colcon_meta) check parameters
[1.571s] Level 1:colcon.colcon_core.package_discovery:discover_packages(recursive) check parameters
[1.571s] Level 1:colcon.colcon_core.package_discovery:discover_packages(ignore) check parameters
[1.572s] Level 1:colcon.colcon_core.package_discovery:discover_packages(path) check parameters
[1.572s] Level 1:colcon.colcon_core.package_discovery:discover_packages(recursive) discover
[1.572s] INFO:colcon.colcon_core.package_discovery:Crawling recursively for packages in '/home/eyiza/Desktop/msds_ws'
[1.572s] Level 1:colcon.colcon_core.package_identification:_identify(/home/eyiza/Desktop/msds_ws) by extensions ['ignore', 'ignore_ament_install']
[1.572s] Level 1:colcon.colcon_core.package_identification:_identify(/home/eyiza/Desktop/msds_ws) by extension 'ignore'
[1.573s] Level 1:colcon.colcon_core.package_identification:_identify(/home/eyiza/Desktop/msds_ws) by extension 'ignore_ament_install'
[1.573s] Level 1:colcon.colcon_core.package_identification:_identify(/home/eyiza/Desktop/msds_ws) by extensions ['colcon_pkg']
[1.573s] Level 1:colcon.colcon_core.package_identification:_identify(/home/eyiza/Desktop/msds_ws) by extension 'colcon_pkg'
[1.573s] Level 1:colcon.colcon_core.package_identification:_identify(/home/eyiza/Desktop/msds_ws) by extensions ['colcon_meta']
[1.573s] Level 1:colcon.colcon_core.package_identification:_identify(/home/eyiza/Desktop/msds_ws) by extension 'colcon_meta'
[1.573s] Level 1:colcon.colcon_core.package_identification:_identify(/home/eyiza/Desktop/msds_ws) by extensions ['ros']
[1.573s] Level 1:colcon.colcon_core.package_identification:_identify(/home/eyiza/Desktop/msds_ws) by extension 'ros'
[1.730s] Level 1:colcon.colcon_core.package_identification:_identify(/home/eyiza/Desktop/msds_ws) by extensions ['cmake', 'python']
[1.730s] Level 1:colcon.colcon_core.package_identification:_identify(/home/eyiza/Desktop/msds_ws) by extension 'cmake'
[1.730s] Level 1:colcon.colcon_core.package_identification:_identify(/home/eyiza/Desktop/msds_ws) by extension 'python'
[1.731s] Level 1:colcon.colcon_core.package_identification:_identify(/home/eyiza/Desktop/msds_ws) by extensions ['python_setup_py']
[1.731s] Level 1:colcon.colcon_core.package_identification:_identify(/home/eyiza/Desktop/msds_ws) by extension 'python_setup_py'
[1.732s] Level 1:colcon.colcon_core.package_identification:_identify(/home/eyiza/Desktop/msds_ws/build) by extensions ['ignore', 'ignore_ament_install']
[1.733s] Level 1:colcon.colcon_core.package_identification:_identify(/home/eyiza/Desktop/msds_ws/build) by extension 'ignore'
[1.733s] Level 1:colcon.colcon_core.package_identification:_identify(/home/eyiza/Desktop/msds_ws/build) ignored
[1.734s] Level 1:colcon.colcon_core.package_identification:_identify(/home/eyiza/Desktop/msds_ws/install) by extensions ['ignore', 'ignore_ament_install']
[1.735s] Level 1:colcon.colcon_core.package_identification:_identify(/home/eyiza/Desktop/msds_ws/install) by extension 'ignore'
[1.735s] Level 1:colcon.colcon_core.package_identification:_identify(/home/eyiza/Desktop/msds_ws/install) ignored
[1.736s] Level 1:colcon.colcon_core.package_identification:_identify(/home/eyiza/Desktop/msds_ws/log) by extensions ['ignore', 'ignore_ament_install']
[1.737s] Level 1:colcon.colcon_core.package_identification:_identify(/home/eyiza/Desktop/msds_ws/log) by extension 'ignore'
[1.737s] Level 1:colcon.colcon_core.package_identification:_identify(/home/eyiza/Desktop/msds_ws/log) ignored
[1.738s] Level 1:colcon.colcon_core.package_identification:_identify(/home/eyiza/Desktop/msds_ws/src) by extensions ['ignore', 'ignore_ament_install']
[1.739s] Level 1:colcon.colcon_core.package_identification:_identify(/home/eyiza/Desktop/msds_ws/src) by extension 'ignore'
[1.739s] Level 1:colcon.colcon_core.package_identification:_identify(/home/eyiza/Desktop/msds_ws/src) by extension 'ignore_ament_install'
[1.740s] Level 1:colcon.colcon_core.package_identification:_identify(/home/eyiza/Desktop/msds_ws/src) by extensions ['colcon_pkg']
[1.740s] Level 1:colcon.colcon_core.package_identification:_identify(/home/eyiza/Desktop/msds_ws/src) by extension 'colcon_pkg'
[1.741s] Level 1:colcon.colcon_core.package_identification:_identify(/home/eyiza/Desktop/msds_ws/src) by extensions ['colcon_meta']
[1.741s] Level 1:colcon.colcon_core.package_identification:_identify(/home/eyiza/Desktop/msds_ws/src) by extension 'colcon_meta'
[1.741s] Level 1:colcon.colcon_core.package_identification:_identify(/home/eyiza/Desktop/msds_ws/src) by extensions ['ros']
[1.742s] Level 1:colcon.colcon_core.package_identification:_identify(/home/eyiza/Desktop/msds_ws/src) by extension 'ros'
[1.742s] Level 1:colcon.colcon_core.package_identification:_identify(/home/eyiza/Desktop/msds_ws/src) by extensions ['cmake', 'python']
[1.743s] Level 1:colcon.colcon_core.package_identification:_identify(/home/eyiza/Desktop/msds_ws/src) by extension 'cmake'
[1.745s] Level 1:colcon.colcon_core.package_identification:_identify(/home/eyiza/Desktop/msds_ws/src) by extension 'python'
[1.745s] Level 1:colcon.colcon_core.package_identification:_identify(/home/eyiza/Desktop/msds_ws/src) by extensions ['python_setup_py']
[1.745s] Level 1:colcon.colcon_core.package_identification:_identify(/home/eyiza/Desktop/msds_ws/src) by extension 'python_setup_py'
[1.746s] Level 1:colcon.colcon_core.package_identification:_identify(/home/eyiza/Desktop/msds_ws/src/msds_bringup) by extensions ['ignore', 'ignore_ament_install']
[1.747s] Level 1:colcon.colcon_core.package_identification:_identify(/home/eyiza/Desktop/msds_ws/src/msds_bringup) by extension 'ignore'
[1.748s] Level 1:colcon.colcon_core.package_identification:_identify(/home/eyiza/Desktop/msds_ws/src/msds_bringup) by extension 'ignore_ament_install'
[1.748s] Level 1:colcon.colcon_core.package_identification:_identify(/home/eyiza/Desktop/msds_ws/src/msds_bringup) by extensions ['colcon_pkg']
[1.748s] Level 1:colcon.colcon_core.package_identification:_identify(/home/eyiza/Desktop/msds_ws/src/msds_bringup) by extension 'colcon_pkg'
[1.749s] Level 1:colcon.colcon_core.package_identification:_identify(/home/eyiza/Desktop/msds_ws/src/msds_bringup) by extensions ['colcon_meta']
[1.749s] Level 1:colcon.colcon_core.package_identification:_identify(/home/eyiza/Desktop/msds_ws/src/msds_bringup) by extension 'colcon_meta'
[1.750s] Level 1:colcon.colcon_core.package_identification:_identify(/home/eyiza/Desktop/msds_ws/src/msds_bringup) by extensions ['ros']
[1.750s] Level 1:colcon.colcon_core.package_identification:_identify(/home/eyiza/Desktop/msds_ws/src/msds_bringup) by extension 'ros'
[1.771s] DEBUG:colcon.colcon_core.package_identification:Package '/home/eyiza/Desktop/msds_ws/src/msds_bringup' with type 'ros.ament_cmake' and name 'msds_bringup'
[1.772s] Level 1:colcon.colcon_core.package_identification:_identify(/home/eyiza/Desktop/msds_ws/src/msds_controller) by extensions ['ignore', 'ignore_ament_install']
[1.772s] Level 1:colcon.colcon_core.package_identification:_identify(/home/eyiza/Desktop/msds_ws/src/msds_controller) by extension 'ignore'
[1.773s] Level 1:colcon.colcon_core.package_identification:_identify(/home/eyiza/Desktop/msds_ws/src/msds_controller) by extension 'ignore_ament_install'
[1.774s] Level 1:colcon.colcon_core.package_identification:_identify(/home/eyiza/Desktop/msds_ws/src/msds_controller) by extensions ['colcon_pkg']
[1.774s] Level 1:colcon.colcon_core.package_identification:_identify(/home/eyiza/Desktop/msds_ws/src/msds_controller) by extension 'colcon_pkg'
[1.774s] Level 1:colcon.colcon_core.package_identification:_identify(/home/eyiza/Desktop/msds_ws/src/msds_controller) by extensions ['colcon_meta']
[1.774s] Level 1:colcon.colcon_core.package_identification:_identify(/home/eyiza/Desktop/msds_ws/src/msds_controller) by extension 'colcon_meta'
[1.775s] Level 1:colcon.colcon_core.package_identification:_identify(/home/eyiza/Desktop/msds_ws/src/msds_controller) by extensions ['ros']
[1.775s] Level 1:colcon.colcon_core.package_identification:_identify(/home/eyiza/Desktop/msds_ws/src/msds_controller) by extension 'ros'
[1.779s] DEBUG:colcon.colcon_core.package_identification:Package '/home/eyiza/Desktop/msds_ws/src/msds_controller' with type 'ros.ament_cmake' and name 'msds_controller'
[1.780s] Level 1:colcon.colcon_core.package_identification:_identify(/home/eyiza/Desktop/msds_ws/src/msds_firmware) by extensions ['ignore', 'ignore_ament_install']
[1.781s] Level 1:colcon.colcon_core.package_identification:_identify(/home/eyiza/Desktop/msds_ws/src/msds_firmware) by extension 'ignore'
[1.781s] Level 1:colcon.colcon_core.package_identification:_identify(/home/eyiza/Desktop/msds_ws/src/msds_firmware) by extension 'ignore_ament_install'
[1.782s] Level 1:colcon.colcon_core.package_identification:_identify(/home/eyiza/Desktop/msds_ws/src/msds_firmware) by extensions ['colcon_pkg']
[1.782s] Level 1:colcon.colcon_core.package_identification:_identify(/home/eyiza/Desktop/msds_ws/src/msds_firmware) by extension 'colcon_pkg'
[1.782s] Level 1:colcon.colcon_core.package_identification:_identify(/home/eyiza/Desktop/msds_ws/src/msds_firmware) by extensions ['colcon_meta']
[1.783s] Level 1:colcon.colcon_core.package_identification:_identify(/home/eyiza/Desktop/msds_ws/src/msds_firmware) by extension 'colcon_meta'
[1.783s] Level 1:colcon.colcon_core.package_identification:_identify(/home/eyiza/Desktop/msds_ws/src/msds_firmware) by extensions ['ros']
[1.783s] Level 1:colcon.colcon_core.package_identification:_identify(/home/eyiza/Desktop/msds_ws/src/msds_firmware) by extension 'ros'
[1.787s] DEBUG:colcon.colcon_core.package_identification:Package '/home/eyiza/Desktop/msds_ws/src/msds_firmware' with type 'ros.ament_cmake' and name 'msds_firmware'
[1.788s] Level 1:colcon.colcon_core.package_identification:_identify(/home/eyiza/Desktop/msds_ws/src/msds_localization) by extensions ['ignore', 'ignore_ament_install']
[1.789s] Level 1:colcon.colcon_core.package_identification:_identify(/home/eyiza/Desktop/msds_ws/src/msds_localization) by extension 'ignore'
[1.789s] Level 1:colcon.colcon_core.package_identification:_identify(/home/eyiza/Desktop/msds_ws/src/msds_localization) by extension 'ignore_ament_install'
[1.790s] Level 1:colcon.colcon_core.package_identification:_identify(/home/eyiza/Desktop/msds_ws/src/msds_localization) by extensions ['colcon_pkg']
[1.790s] Level 1:colcon.colcon_core.package_identification:_identify(/home/eyiza/Desktop/msds_ws/src/msds_localization) by extension 'colcon_pkg'
[1.791s] Level 1:colcon.colcon_core.package_identification:_identify(/home/eyiza/Desktop/msds_ws/src/msds_localization) by extensions ['colcon_meta']
[1.791s] Level 1:colcon.colcon_core.package_identification:_identify(/home/eyiza/Desktop/msds_ws/src/msds_localization) by extension 'colcon_meta'
[1.791s] Level 1:colcon.colcon_core.package_identification:_identify(/home/eyiza/Desktop/msds_ws/src/msds_localization) by extensions ['ros']
[1.792s] Level 1:colcon.colcon_core.package_identification:_identify(/home/eyiza/Desktop/msds_ws/src/msds_localization) by extension 'ros'
[1.795s] DEBUG:colcon.colcon_core.package_identification:Package '/home/eyiza/Desktop/msds_ws/src/msds_localization' with type 'ros.ament_cmake' and name 'msds_localization'
[1.796s] Level 1:colcon.colcon_core.package_discovery:discover_packages(recursive) using defaults
