-- The C compiler identification is GNU 12.3.0
-- The CXX compiler identification is GNU 13.3.0
-- Detecting C compiler ABI info
-- Detecting C compiler ABI info - done
-- Check for working C compiler: /usr/bin/cc - skipped
-- Detecting C compile features
-- Detecting C compile features - done
-- Detecting CXX compiler ABI info
-- Detecting CXX compiler ABI info - done
-- Check for working CXX compiler: /usr/bin/c++ - skipped
-- Detecting CXX compile features
-- Detecting CXX compile features - done
-- Found ament_cmake: 2.5.3 (/opt/ros/jazzy/share/ament_cmake/cmake)
-- Found Python3: /usr/bin/python3 (found version "3.12.3") found components: Interpreter 
-- Found rclcpp: 28.1.8 (/opt/ros/jazzy/share/rclcpp/cmake)
-- Found rosidl_generator_c: 4.6.5 (/opt/ros/jazzy/share/rosidl_generator_c/cmake)
-- Found rosidl_generator_cpp: 4.6.5 (/opt/ros/jazzy/share/rosidl_generator_cpp/cmake)
-- Using all available rosidl_typesupport_c: rosidl_typesupport_fastrtps_c;rosidl_typesupport_introspection_c
-- Using all available rosidl_typesupport_cpp: rosidl_typesupport_fastrtps_cpp;rosidl_typesupport_introspection_cpp
-- Found rmw_implementation_cmake: 7.3.2 (/opt/ros/jazzy/share/rmw_implementation_cmake/cmake)
-- Found rmw_fastrtps_cpp: 8.4.2 (/opt/ros/jazzy/share/rmw_fastrtps_cpp/cmake)
-- Found OpenSSL: /usr/lib/x86_64-linux-gnu/libcrypto.so (found version "3.0.13")  
-- Found FastRTPS: /opt/ros/jazzy/include (Required is at least version "2.13") 
-- Using RMW implementation 'rmw_fastrtps_cpp' as default
-- Found rclpy: 7.1.4 (/opt/ros/jazzy/share/rclpy/cmake)
-- Found nav_msgs: 5.3.6 (/opt/ros/jazzy/share/nav_msgs/cmake)
-- Found sensor_msgs: 5.3.6 (/opt/ros/jazzy/share/sensor_msgs/cmake)
-- Configuring done (14.4s)
-- Generating done (0.0s)
-- Build files have been written to: /home/eyiza/Desktop/msds_ws/build/msds_localization
Built target ament_cmake_python_copy_msds_localization
running egg_info
creating msds_localization.egg-info
writing msds_localization.egg-info/PKG-INFO
writing dependency_links to msds_localization.egg-info/dependency_links.txt
writing top-level names to msds_localization.egg-info/top_level.txt
writing manifest file 'msds_localization.egg-info/SOURCES.txt'
reading manifest file 'msds_localization.egg-info/SOURCES.txt'
writing manifest file 'msds_localization.egg-info/SOURCES.txt'
Built target ament_cmake_python_build_msds_localization_egg
-- Install configuration: ""
-- Installing: /home/eyiza/Desktop/msds_ws/install/msds_localization/share/msds_localization/environment/pythonpath.sh
-- Installing: /home/eyiza/Desktop/msds_ws/install/msds_localization/share/msds_localization/environment/pythonpath.dsv
-- Installing: /home/eyiza/Desktop/msds_ws/install/msds_localization/lib/python3.12/site-packages/msds_localization-0.0.0-py3.12.egg-info
-- Installing: /home/eyiza/Desktop/msds_ws/install/msds_localization/lib/python3.12/site-packages/msds_localization-0.0.0-py3.12.egg-info/top_level.txt
-- Installing: /home/eyiza/Desktop/msds_ws/install/msds_localization/lib/python3.12/site-packages/msds_localization-0.0.0-py3.12.egg-info/dependency_links.txt
-- Installing: /home/eyiza/Desktop/msds_ws/install/msds_localization/lib/python3.12/site-packages/msds_localization-0.0.0-py3.12.egg-info/SOURCES.txt
-- Installing: /home/eyiza/Desktop/msds_ws/install/msds_localization/lib/python3.12/site-packages/msds_localization-0.0.0-py3.12.egg-info/PKG-INFO
-- Installing: /home/eyiza/Desktop/msds_ws/install/msds_localization/lib/python3.12/site-packages/msds_localization
-- Installing: /home/eyiza/Desktop/msds_ws/install/msds_localization/lib/python3.12/site-packages/msds_localization/__init__.py
-- Installing: /home/eyiza/Desktop/msds_ws/install/msds_localization/lib/python3.12/site-packages/msds_localization/imu_republisher.py
Listing '/home/eyiza/Desktop/msds_ws/install/msds_localization/lib/python3.12/site-packages/msds_localization'...
Compiling '/home/eyiza/Desktop/msds_ws/install/msds_localization/lib/python3.12/site-packages/msds_localization/__init__.py'...
Compiling '/home/eyiza/Desktop/msds_ws/install/msds_localization/lib/python3.12/site-packages/msds_localization/imu_republisher.py'...
-- Installing: /home/eyiza/Desktop/msds_ws/install/msds_localization/share/msds_localization/launch
-- Installing: /home/eyiza/Desktop/msds_ws/install/msds_localization/share/msds_localization/launch/local_localization.launch.py
-- Installing: /home/eyiza/Desktop/msds_ws/install/msds_localization/share/msds_localization/config
-- Installing: /home/eyiza/Desktop/msds_ws/install/msds_localization/share/msds_localization/config/ekf.yaml
-- Installing: /home/eyiza/Desktop/msds_ws/install/msds_localization/lib/msds_localization/imu_republisher.py
-- Installing: /home/eyiza/Desktop/msds_ws/install/msds_localization/share/ament_index/resource_index/package_run_dependencies/msds_localization
-- Installing: /home/eyiza/Desktop/msds_ws/install/msds_localization/share/ament_index/resource_index/parent_prefix_path/msds_localization
-- Installing: /home/eyiza/Desktop/msds_ws/install/msds_localization/share/msds_localization/environment/ament_prefix_path.sh
-- Installing: /home/eyiza/Desktop/msds_ws/install/msds_localization/share/msds_localization/environment/ament_prefix_path.dsv
-- Installing: /home/eyiza/Desktop/msds_ws/install/msds_localization/share/msds_localization/environment/path.sh
-- Installing: /home/eyiza/Desktop/msds_ws/install/msds_localization/share/msds_localization/environment/path.dsv
-- Installing: /home/eyiza/Desktop/msds_ws/install/msds_localization/share/msds_localization/local_setup.bash
-- Installing: /home/eyiza/Desktop/msds_ws/install/msds_localization/share/msds_localization/local_setup.sh
-- Installing: /home/eyiza/Desktop/msds_ws/install/msds_localization/share/msds_localization/local_setup.zsh
-- Installing: /home/eyiza/Desktop/msds_ws/install/msds_localization/share/msds_localization/local_setup.dsv
-- Installing: /home/eyiza/Desktop/msds_ws/install/msds_localization/share/msds_localization/package.dsv
-- Installing: /home/eyiza/Desktop/msds_ws/install/msds_localization/share/ament_index/resource_index/packages/msds_localization
-- Installing: /home/eyiza/Desktop/msds_ws/install/msds_localization/share/msds_localization/cmake/msds_localizationConfig.cmake
-- Installing: /home/eyiza/Desktop/msds_ws/install/msds_localization/share/msds_localization/cmake/msds_localizationConfig-version.cmake
-- Installing: /home/eyiza/Desktop/msds_ws/install/msds_localization/share/msds_localization/package.xml
