[0.506s] Invoking command in '/home/eyiza/Desktop/msds_ws/build/msds_bringup': CMAKE_PREFIX_PATH=${CMAKE_PREFIX_PATH}:/home/eyiza/Desktop/SelfDriving/bumperbot_ws/install/bumperbot_py_examples:/home/eyiza/Desktop/ROS/ros_ws/install/turtlesim_py:/home/eyiza/Desktop/ROS/ros_ws/install/my_py_pkg:/opt/ros/jazzy DEBUGINFOD_URLS=https://debuginfod.ubuntu.com /usr/bin/cmake --build /home/eyiza/Desktop/msds_ws/build/msds_bringup -- -j8 -l8
[6.717s] -- Found ament_cmake: 2.5.3 (/opt/ros/jazzy/share/ament_cmake/cmake)
[27.351s] -- Configuring done (24.4s)
[28.351s] -- Generating done (0.7s)
[28.790s] -- Build files have been written to: /home/eyiza/Desktop/msds_ws/build/msds_bringup
[28.915s] Invoked command in '/home/eyiza/Desktop/msds_ws/build/msds_bringup' returned '0': CMAKE_PREFIX_PATH=${CMAKE_PREFIX_PATH}:/home/eyiza/Desktop/SelfDriving/bumperbot_ws/install/bumperbot_py_examples:/home/eyiza/Desktop/ROS/ros_ws/install/turtlesim_py:/home/eyiza/Desktop/ROS/ros_ws/install/my_py_pkg:/opt/ros/jazzy DEBUGINFOD_URLS=https://debuginfod.ubuntu.com /usr/bin/cmake --build /home/eyiza/Desktop/msds_ws/build/msds_bringup -- -j8 -l8
[28.922s] Invoking command in '/home/eyiza/Desktop/msds_ws/build/msds_bringup': CMAKE_PREFIX_PATH=${CMAKE_PREFIX_PATH}:/home/eyiza/Desktop/SelfDriving/bumperbot_ws/install/bumperbot_py_examples:/home/eyiza/Desktop/ROS/ros_ws/install/turtlesim_py:/home/eyiza/Desktop/ROS/ros_ws/install/my_py_pkg:/opt/ros/jazzy DEBUGINFOD_URLS=https://debuginfod.ubuntu.com /usr/bin/cmake --install /home/eyiza/Desktop/msds_ws/build/msds_bringup
[28.964s] -- Install configuration: ""
[28.965s] -- Installing: /home/eyiza/Desktop/msds_ws/install/msds_bringup/share/msds_bringup/launch
[28.966s] -- Installing: /home/eyiza/Desktop/msds_ws/install/msds_bringup/share/msds_bringup/launch/real_robot.launch.py
[28.967s] -- Up-to-date: /home/eyiza/Desktop/msds_ws/install/msds_bringup/share/ament_index/resource_index/package_run_dependencies/msds_bringup
[28.968s] -- Up-to-date: /home/eyiza/Desktop/msds_ws/install/msds_bringup/share/ament_index/resource_index/parent_prefix_path/msds_bringup
[28.969s] -- Up-to-date: /home/eyiza/Desktop/msds_ws/install/msds_bringup/share/msds_bringup/environment/ament_prefix_path.sh
[28.969s] -- Up-to-date: /home/eyiza/Desktop/msds_ws/install/msds_bringup/share/msds_bringup/environment/ament_prefix_path.dsv
[28.970s] -- Up-to-date: /home/eyiza/Desktop/msds_ws/install/msds_bringup/share/msds_bringup/environment/path.sh
[28.971s] -- Up-to-date: /home/eyiza/Desktop/msds_ws/install/msds_bringup/share/msds_bringup/environment/path.dsv
[28.971s] -- Up-to-date: /home/eyiza/Desktop/msds_ws/install/msds_bringup/share/msds_bringup/local_setup.bash
[28.972s] -- Up-to-date: /home/eyiza/Desktop/msds_ws/install/msds_bringup/share/msds_bringup/local_setup.sh
[28.973s] -- Up-to-date: /home/eyiza/Desktop/msds_ws/install/msds_bringup/share/msds_bringup/local_setup.zsh
[28.974s] -- Up-to-date: /home/eyiza/Desktop/msds_ws/install/msds_bringup/share/msds_bringup/local_setup.dsv
[28.974s] -- Up-to-date: /home/eyiza/Desktop/msds_ws/install/msds_bringup/share/msds_bringup/package.dsv
[28.975s] -- Up-to-date: /home/eyiza/Desktop/msds_ws/install/msds_bringup/share/ament_index/resource_index/packages/msds_bringup
[28.975s] -- Up-to-date: /home/eyiza/Desktop/msds_ws/install/msds_bringup/share/msds_bringup/cmake/msds_bringupConfig.cmake
[28.976s] -- Up-to-date: /home/eyiza/Desktop/msds_ws/install/msds_bringup/share/msds_bringup/cmake/msds_bringupConfig-version.cmake
[28.977s] -- Installing: /home/eyiza/Desktop/msds_ws/install/msds_bringup/share/msds_bringup/package.xml
[28.992s] Invoked command in '/home/eyiza/Desktop/msds_ws/build/msds_bringup' returned '0': CMAKE_PREFIX_PATH=${CMAKE_PREFIX_PATH}:/home/eyiza/Desktop/SelfDriving/bumperbot_ws/install/bumperbot_py_examples:/home/eyiza/Desktop/ROS/ros_ws/install/turtlesim_py:/home/eyiza/Desktop/ROS/ros_ws/install/my_py_pkg:/opt/ros/jazzy DEBUGINFOD_URLS=https://debuginfod.ubuntu.com /usr/bin/cmake --install /home/eyiza/Desktop/msds_ws/build/msds_bringup
