-- Found ament_cmake: 2.5.3 (/opt/ros/jazzy/share/ament_cmake/cmake)
-- Found rclcpp: 28.1.8 (/opt/ros/jazzy/share/rclcpp/cmake)
-- Found rosidl_generator_c: 4.6.5 (/opt/ros/jazzy/share/rosidl_generator_c/cmake)
-- Found rosidl_generator_cpp: 4.6.5 (/opt/ros/jazzy/share/rosidl_generator_cpp/cmake)
-- Using all available rosidl_typesupport_c: rosidl_typesupport_fastrtps_c;rosidl_typesupport_introspection_c
-- Using all available rosidl_typesupport_cpp: rosidl_typesupport_fastrtps_cpp;rosidl_typesupport_introspection_cpp
-- Found rmw_implementation_cmake: 7.3.2 (/opt/ros/jazzy/share/rmw_implementation_cmake/cmake)
-- Found rmw_fastrtps_cpp: 8.4.2 (/opt/ros/jazzy/share/rmw_fastrtps_cpp/cmake)
-- Found OpenSSL: /usr/lib/x86_64-linux-gnu/libcrypto.so (found version "3.0.13")  
-- Found FastRTPS: /opt/ros/jazzy/include (Required is at least version "2.13") 
-- Using RMW implementation 'rmw_fastrtps_cpp' as default
-- Found rclpy: 7.1.4 (/opt/ros/jazzy/share/rclpy/cmake)
-- Found geometry_msgs: 5.3.6 (/opt/ros/jazzy/share/geometry_msgs/cmake)
-- Found sensor_msgs: 5.3.6 (/opt/ros/jazzy/share/sensor_msgs/cmake)
-- Found nav_msgs: 5.3.6 (/opt/ros/jazzy/share/nav_msgs/cmake)
-- Found tf2_ros: 0.36.9 (/opt/ros/jazzy/share/tf2_ros/cmake)
-- Configuring done (29.7s)
-- Generating done (0.1s)
-- Build files have been written to: /home/eyiza/Desktop/msds_ws/build/msds_controller
Built target ament_cmake_python_copy_msds_controller
running egg_info
creating msds_controller.egg-info
writing msds_controller.egg-info/PKG-INFO
writing dependency_links to msds_controller.egg-info/dependency_links.txt
writing top-level names to msds_controller.egg-info/top_level.txt
writing manifest file 'msds_controller.egg-info/SOURCES.txt'
reading manifest file 'msds_controller.egg-info/SOURCES.txt'
writing manifest file 'msds_controller.egg-info/SOURCES.txt'
Built target ament_cmake_python_build_msds_controller_egg
-- Install configuration: ""
-- Installing: /home/eyiza/Desktop/msds_ws/install/msds_controller/share/msds_controller/environment/pythonpath.sh
-- Installing: /home/eyiza/Desktop/msds_ws/install/msds_controller/share/msds_controller/environment/pythonpath.dsv
-- Installing: /home/eyiza/Desktop/msds_ws/install/msds_controller/lib/python3.12/site-packages/msds_controller-0.0.0-py3.12.egg-info
-- Installing: /home/eyiza/Desktop/msds_ws/install/msds_controller/lib/python3.12/site-packages/msds_controller-0.0.0-py3.12.egg-info/top_level.txt
-- Installing: /home/eyiza/Desktop/msds_ws/install/msds_controller/lib/python3.12/site-packages/msds_controller-0.0.0-py3.12.egg-info/dependency_links.txt
-- Installing: /home/eyiza/Desktop/msds_ws/install/msds_controller/lib/python3.12/site-packages/msds_controller-0.0.0-py3.12.egg-info/SOURCES.txt
-- Installing: /home/eyiza/Desktop/msds_ws/install/msds_controller/lib/python3.12/site-packages/msds_controller-0.0.0-py3.12.egg-info/PKG-INFO
-- Installing: /home/eyiza/Desktop/msds_ws/install/msds_controller/lib/python3.12/site-packages/msds_controller
-- Installing: /home/eyiza/Desktop/msds_ws/install/msds_controller/lib/python3.12/site-packages/msds_controller/__init__.py
Listing '/home/eyiza/Desktop/msds_ws/install/msds_controller/lib/python3.12/site-packages/msds_controller'...
Compiling '/home/eyiza/Desktop/msds_ws/install/msds_controller/lib/python3.12/site-packages/msds_controller/__init__.py'...
-- Installing: /home/eyiza/Desktop/msds_ws/install/msds_controller/share/msds_controller/launch
-- Installing: /home/eyiza/Desktop/msds_ws/install/msds_controller/share/msds_controller/launch/controller.launch.py
-- Installing: /home/eyiza/Desktop/msds_ws/install/msds_controller/share/msds_controller/config
-- Installing: /home/eyiza/Desktop/msds_ws/install/msds_controller/share/msds_controller/config/msds_controllers.yaml
-- Installing: /home/eyiza/Desktop/msds_ws/install/msds_controller/share/ament_index/resource_index/package_run_dependencies/msds_controller
-- Installing: /home/eyiza/Desktop/msds_ws/install/msds_controller/share/ament_index/resource_index/parent_prefix_path/msds_controller
-- Up-to-date: /home/eyiza/Desktop/msds_ws/install/msds_controller/share/msds_controller/environment/ament_prefix_path.sh
-- Up-to-date: /home/eyiza/Desktop/msds_ws/install/msds_controller/share/msds_controller/environment/ament_prefix_path.dsv
-- Up-to-date: /home/eyiza/Desktop/msds_ws/install/msds_controller/share/msds_controller/environment/path.sh
-- Up-to-date: /home/eyiza/Desktop/msds_ws/install/msds_controller/share/msds_controller/environment/path.dsv
-- Up-to-date: /home/eyiza/Desktop/msds_ws/install/msds_controller/share/msds_controller/local_setup.bash
-- Installing: /home/eyiza/Desktop/msds_ws/install/msds_controller/share/msds_controller/local_setup.sh
-- Up-to-date: /home/eyiza/Desktop/msds_ws/install/msds_controller/share/msds_controller/local_setup.zsh
-- Installing: /home/eyiza/Desktop/msds_ws/install/msds_controller/share/msds_controller/local_setup.dsv
-- Installing: /home/eyiza/Desktop/msds_ws/install/msds_controller/share/msds_controller/package.dsv
-- Up-to-date: /home/eyiza/Desktop/msds_ws/install/msds_controller/share/ament_index/resource_index/packages/msds_controller
-- Up-to-date: /home/eyiza/Desktop/msds_ws/install/msds_controller/share/msds_controller/cmake/msds_controllerConfig.cmake
-- Up-to-date: /home/eyiza/Desktop/msds_ws/install/msds_controller/share/msds_controller/cmake/msds_controllerConfig-version.cmake
-- Installing: /home/eyiza/Desktop/msds_ws/install/msds_controller/share/msds_controller/package.xml
