[2.078s] Invoking command in '/home/eyiza/Desktop/msds_ws/build/msds_controller': CMAKE_PREFIX_PATH=${CMAKE_PREFIX_PATH}:/home/eyiza/Desktop/SelfDriving/bumperbot_ws/install/bumperbot_py_examples:/home/eyiza/Desktop/ROS/ros_ws/install/turtlesim_py:/home/eyiza/Desktop/ROS/ros_ws/install/my_py_pkg:/opt/ros/jazzy DEBUGINFOD_URLS=https://debuginfod.ubuntu.com /usr/bin/cmake --build /home/eyiza/Desktop/msds_ws/build/msds_controller -- -j8 -l8
[16.906s] -- Found ament_cmake: 2.5.3 (/opt/ros/jazzy/share/ament_cmake/cmake)
[24.234s] -- Found rclcpp: 28.1.8 (/opt/ros/jazzy/share/rclcpp/cmake)
[25.860s] -- Found rosidl_generator_c: 4.6.5 (/opt/ros/jazzy/share/rosidl_generator_c/cmake)
[26.049s] -- Found rosidl_generator_cpp: 4.6.5 (/opt/ros/jazzy/share/rosidl_generator_cpp/cmake)
[26.913s] -- Using all available rosidl_typesupport_c: rosidl_typesupport_fastrtps_c;rosidl_typesupport_introspection_c
[27.314s] -- Using all available rosidl_typesupport_cpp: rosidl_typesupport_fastrtps_cpp;rosidl_typesupport_introspection_cpp
[29.518s] -- Found rmw_implementation_cmake: 7.3.2 (/opt/ros/jazzy/share/rmw_implementation_cmake/cmake)
[29.648s] -- Found rmw_fastrtps_cpp: 8.4.2 (/opt/ros/jazzy/share/rmw_fastrtps_cpp/cmake)
[33.471s] -- Found OpenSSL: /usr/lib/x86_64-linux-gnu/libcrypto.so (found version "3.0.13")  
[33.548s] -- Found FastRTPS: /opt/ros/jazzy/include (Required is at least version "2.13") 
[33.635s] -- Using RMW implementation 'rmw_fastrtps_cpp' as default
[34.267s] -- Found rclpy: 7.1.4 (/opt/ros/jazzy/share/rclpy/cmake)
[34.328s] -- Found geometry_msgs: 5.3.6 (/opt/ros/jazzy/share/geometry_msgs/cmake)
[35.436s] -- Found sensor_msgs: 5.3.6 (/opt/ros/jazzy/share/sensor_msgs/cmake)
[35.983s] -- Found nav_msgs: 5.3.6 (/opt/ros/jazzy/share/nav_msgs/cmake)
[36.644s] -- Found tf2_ros: 0.36.9 (/opt/ros/jazzy/share/tf2_ros/cmake)
[41.874s] -- Configuring done (29.7s)
[42.145s] -- Generating done (0.1s)
[42.281s] -- Build files have been written to: /home/eyiza/Desktop/msds_ws/build/msds_controller
[42.569s] Built target ament_cmake_python_copy_msds_controller
[44.419s] running egg_info
[44.423s] creating msds_controller.egg-info
[44.591s] writing msds_controller.egg-info/PKG-INFO
[44.593s] writing dependency_links to msds_controller.egg-info/dependency_links.txt
[44.595s] writing top-level names to msds_controller.egg-info/top_level.txt
[44.595s] writing manifest file 'msds_controller.egg-info/SOURCES.txt'
[45.207s] reading manifest file 'msds_controller.egg-info/SOURCES.txt'
[45.212s] writing manifest file 'msds_controller.egg-info/SOURCES.txt'
[45.397s] Built target ament_cmake_python_build_msds_controller_egg
[45.481s] Invoked command in '/home/eyiza/Desktop/msds_ws/build/msds_controller' returned '0': CMAKE_PREFIX_PATH=${CMAKE_PREFIX_PATH}:/home/eyiza/Desktop/SelfDriving/bumperbot_ws/install/bumperbot_py_examples:/home/eyiza/Desktop/ROS/ros_ws/install/turtlesim_py:/home/eyiza/Desktop/ROS/ros_ws/install/my_py_pkg:/opt/ros/jazzy DEBUGINFOD_URLS=https://debuginfod.ubuntu.com /usr/bin/cmake --build /home/eyiza/Desktop/msds_ws/build/msds_controller -- -j8 -l8
[45.488s] Invoking command in '/home/eyiza/Desktop/msds_ws/build/msds_controller': CMAKE_PREFIX_PATH=${CMAKE_PREFIX_PATH}:/home/eyiza/Desktop/SelfDriving/bumperbot_ws/install/bumperbot_py_examples:/home/eyiza/Desktop/ROS/ros_ws/install/turtlesim_py:/home/eyiza/Desktop/ROS/ros_ws/install/my_py_pkg:/opt/ros/jazzy DEBUGINFOD_URLS=https://debuginfod.ubuntu.com /usr/bin/cmake --install /home/eyiza/Desktop/msds_ws/build/msds_controller
[45.554s] -- Install configuration: ""
[45.555s] -- Installing: /home/eyiza/Desktop/msds_ws/install/msds_controller/share/msds_controller/environment/pythonpath.sh
[45.555s] -- Installing: /home/eyiza/Desktop/msds_ws/install/msds_controller/share/msds_controller/environment/pythonpath.dsv
[45.559s] -- Installing: /home/eyiza/Desktop/msds_ws/install/msds_controller/lib/python3.12/site-packages/msds_controller-0.0.0-py3.12.egg-info
[45.560s] -- Installing: /home/eyiza/Desktop/msds_ws/install/msds_controller/lib/python3.12/site-packages/msds_controller-0.0.0-py3.12.egg-info/top_level.txt
[45.561s] -- Installing: /home/eyiza/Desktop/msds_ws/install/msds_controller/lib/python3.12/site-packages/msds_controller-0.0.0-py3.12.egg-info/dependency_links.txt
[45.562s] -- Installing: /home/eyiza/Desktop/msds_ws/install/msds_controller/lib/python3.12/site-packages/msds_controller-0.0.0-py3.12.egg-info/SOURCES.txt
[45.562s] -- Installing: /home/eyiza/Desktop/msds_ws/install/msds_controller/lib/python3.12/site-packages/msds_controller-0.0.0-py3.12.egg-info/PKG-INFO
[45.563s] -- Installing: /home/eyiza/Desktop/msds_ws/install/msds_controller/lib/python3.12/site-packages/msds_controller
[45.565s] -- Installing: /home/eyiza/Desktop/msds_ws/install/msds_controller/lib/python3.12/site-packages/msds_controller/__init__.py
[45.817s] Listing '/home/eyiza/Desktop/msds_ws/install/msds_controller/lib/python3.12/site-packages/msds_controller'...
[45.818s] Compiling '/home/eyiza/Desktop/msds_ws/install/msds_controller/lib/python3.12/site-packages/msds_controller/__init__.py'...
[45.860s] -- Installing: /home/eyiza/Desktop/msds_ws/install/msds_controller/share/msds_controller/launch
[45.861s] -- Installing: /home/eyiza/Desktop/msds_ws/install/msds_controller/share/msds_controller/launch/controller.launch.py
[45.862s] -- Installing: /home/eyiza/Desktop/msds_ws/install/msds_controller/share/msds_controller/config
[45.862s] -- Installing: /home/eyiza/Desktop/msds_ws/install/msds_controller/share/msds_controller/config/msds_controllers.yaml
[45.872s] -- Installing: /home/eyiza/Desktop/msds_ws/install/msds_controller/share/ament_index/resource_index/package_run_dependencies/msds_controller
[45.873s] -- Installing: /home/eyiza/Desktop/msds_ws/install/msds_controller/share/ament_index/resource_index/parent_prefix_path/msds_controller
[45.874s] -- Up-to-date: /home/eyiza/Desktop/msds_ws/install/msds_controller/share/msds_controller/environment/ament_prefix_path.sh
[45.875s] -- Up-to-date: /home/eyiza/Desktop/msds_ws/install/msds_controller/share/msds_controller/environment/ament_prefix_path.dsv
[45.875s] -- Up-to-date: /home/eyiza/Desktop/msds_ws/install/msds_controller/share/msds_controller/environment/path.sh
[45.877s] -- Up-to-date: /home/eyiza/Desktop/msds_ws/install/msds_controller/share/msds_controller/environment/path.dsv
[45.878s] -- Up-to-date: /home/eyiza/Desktop/msds_ws/install/msds_controller/share/msds_controller/local_setup.bash
[45.878s] -- Installing: /home/eyiza/Desktop/msds_ws/install/msds_controller/share/msds_controller/local_setup.sh
[45.879s] -- Up-to-date: /home/eyiza/Desktop/msds_ws/install/msds_controller/share/msds_controller/local_setup.zsh
[45.879s] -- Installing: /home/eyiza/Desktop/msds_ws/install/msds_controller/share/msds_controller/local_setup.dsv
[45.881s] -- Installing: /home/eyiza/Desktop/msds_ws/install/msds_controller/share/msds_controller/package.dsv
[45.883s] -- Up-to-date: /home/eyiza/Desktop/msds_ws/install/msds_controller/share/ament_index/resource_index/packages/msds_controller
[45.883s] -- Up-to-date: /home/eyiza/Desktop/msds_ws/install/msds_controller/share/msds_controller/cmake/msds_controllerConfig.cmake
[45.885s] -- Up-to-date: /home/eyiza/Desktop/msds_ws/install/msds_controller/share/msds_controller/cmake/msds_controllerConfig-version.cmake
[45.886s] -- Installing: /home/eyiza/Desktop/msds_ws/install/msds_controller/share/msds_controller/package.xml
[45.905s] Invoked command in '/home/eyiza/Desktop/msds_ws/build/msds_controller' returned '0': CMAKE_PREFIX_PATH=${CMAKE_PREFIX_PATH}:/home/eyiza/Desktop/SelfDriving/bumperbot_ws/install/bumperbot_py_examples:/home/eyiza/Desktop/ROS/ros_ws/install/turtlesim_py:/home/eyiza/Desktop/ROS/ros_ws/install/my_py_pkg:/opt/ros/jazzy DEBUGINFOD_URLS=https://debuginfod.ubuntu.com /usr/bin/cmake --install /home/eyiza/Desktop/msds_ws/build/msds_controller
