[0.184s] Invoking command in '/home/eyiza/Desktop/msds_ws/build/msds_bringup': CMAKE_PREFIX_PATH=${CMAKE_PREFIX_PATH}:/home/eyiza/Desktop/SelfDriving/bumperbot_ws/install/bumperbot_py_examples:/home/eyiza/Desktop/ROS/ros_ws/install/turtlesim_py:/home/eyiza/Desktop/ROS/ros_ws/install/my_py_pkg:/opt/ros/jazzy DEBUGINFOD_URLS=https://debuginfod.ubuntu.com /usr/bin/cmake /home/eyiza/Desktop/msds_ws/src/msds_bringup -DCMAKE_INSTALL_PREFIX=/home/eyiza/Desktop/msds_ws/install/msds_bringup
[0.659s] -- The C compiler identification is GNU 12.3.0
[1.130s] -- The CXX compiler identification is GNU 13.3.0
[1.287s] -- Detecting C compiler ABI info
[2.065s] -- Detecting C compiler ABI info - done
[2.405s] -- Check for working C compiler: /usr/bin/cc - skipped
[2.406s] -- Detecting C compile features
[2.414s] -- Detecting C compile features - done
[2.595s] -- Detecting CXX compiler ABI info
[3.501s] -- Detecting CXX compiler ABI info - done
[3.588s] -- Check for working CXX compiler: /usr/bin/c++ - skipped
[3.590s] -- Detecting CXX compile features
[3.594s] -- Detecting CXX compile features - done
[3.634s] -- Found ament_cmake: 2.5.3 (/opt/ros/jazzy/share/ament_cmake/cmake)
[4.996s] -- Found Python3: /usr/bin/python3 (found version "3.12.3") found components: Interpreter 
[6.000s] -- Found ament_lint_auto: 0.17.2 (/opt/ros/jazzy/share/ament_lint_auto/cmake)
[6.971s] -- Added test 'lint_cmake' to check CMake code style
[6.981s] -- Added test 'xmllint' to check XML markup files
[7.004s] -- Configuring done (6.8s)
[7.024s] -- Generating done (0.0s)
[7.038s] -- Build files have been written to: /home/eyiza/Desktop/msds_ws/build/msds_bringup
[7.084s] Invoked command in '/home/eyiza/Desktop/msds_ws/build/msds_bringup' returned '0': CMAKE_PREFIX_PATH=${CMAKE_PREFIX_PATH}:/home/eyiza/Desktop/SelfDriving/bumperbot_ws/install/bumperbot_py_examples:/home/eyiza/Desktop/ROS/ros_ws/install/turtlesim_py:/home/eyiza/Desktop/ROS/ros_ws/install/my_py_pkg:/opt/ros/jazzy DEBUGINFOD_URLS=https://debuginfod.ubuntu.com /usr/bin/cmake /home/eyiza/Desktop/msds_ws/src/msds_bringup -DCMAKE_INSTALL_PREFIX=/home/eyiza/Desktop/msds_ws/install/msds_bringup
[7.117s] Invoking command in '/home/eyiza/Desktop/msds_ws/build/msds_bringup': CMAKE_PREFIX_PATH=${CMAKE_PREFIX_PATH}:/home/eyiza/Desktop/SelfDriving/bumperbot_ws/install/bumperbot_py_examples:/home/eyiza/Desktop/ROS/ros_ws/install/turtlesim_py:/home/eyiza/Desktop/ROS/ros_ws/install/my_py_pkg:/opt/ros/jazzy DEBUGINFOD_URLS=https://debuginfod.ubuntu.com /usr/bin/cmake --build /home/eyiza/Desktop/msds_ws/build/msds_bringup -- -j8 -l8
[7.365s] Invoked command in '/home/eyiza/Desktop/msds_ws/build/msds_bringup' returned '0': CMAKE_PREFIX_PATH=${CMAKE_PREFIX_PATH}:/home/eyiza/Desktop/SelfDriving/bumperbot_ws/install/bumperbot_py_examples:/home/eyiza/Desktop/ROS/ros_ws/install/turtlesim_py:/home/eyiza/Desktop/ROS/ros_ws/install/my_py_pkg:/opt/ros/jazzy DEBUGINFOD_URLS=https://debuginfod.ubuntu.com /usr/bin/cmake --build /home/eyiza/Desktop/msds_ws/build/msds_bringup -- -j8 -l8
[7.438s] Invoking command in '/home/eyiza/Desktop/msds_ws/build/msds_bringup': CMAKE_PREFIX_PATH=${CMAKE_PREFIX_PATH}:/home/eyiza/Desktop/SelfDriving/bumperbot_ws/install/bumperbot_py_examples:/home/eyiza/Desktop/ROS/ros_ws/install/turtlesim_py:/home/eyiza/Desktop/ROS/ros_ws/install/my_py_pkg:/opt/ros/jazzy DEBUGINFOD_URLS=https://debuginfod.ubuntu.com /usr/bin/cmake --install /home/eyiza/Desktop/msds_ws/build/msds_bringup
[7.521s] -- Install configuration: ""
[7.523s] -- Installing: /home/eyiza/Desktop/msds_ws/install/msds_bringup/share/ament_index/resource_index/package_run_dependencies/msds_bringup
[7.524s] -- Installing: /home/eyiza/Desktop/msds_ws/install/msds_bringup/share/ament_index/resource_index/parent_prefix_path/msds_bringup
[7.526s] -- Installing: /home/eyiza/Desktop/msds_ws/install/msds_bringup/share/msds_bringup/environment/ament_prefix_path.sh
[7.529s] -- Installing: /home/eyiza/Desktop/msds_ws/install/msds_bringup/share/msds_bringup/environment/ament_prefix_path.dsv
[7.531s] -- Installing: /home/eyiza/Desktop/msds_ws/install/msds_bringup/share/msds_bringup/environment/path.sh
[7.534s] -- Installing: /home/eyiza/Desktop/msds_ws/install/msds_bringup/share/msds_bringup/environment/path.dsv
[7.535s] -- Installing: /home/eyiza/Desktop/msds_ws/install/msds_bringup/share/msds_bringup/local_setup.bash
[7.536s] -- Installing: /home/eyiza/Desktop/msds_ws/install/msds_bringup/share/msds_bringup/local_setup.sh
[7.539s] -- Installing: /home/eyiza/Desktop/msds_ws/install/msds_bringup/share/msds_bringup/local_setup.zsh
[7.540s] -- Installing: /home/eyiza/Desktop/msds_ws/install/msds_bringup/share/msds_bringup/local_setup.dsv
[7.548s] -- Installing: /home/eyiza/Desktop/msds_ws/install/msds_bringup/share/msds_bringup/package.dsv
[7.549s] -- Installing: /home/eyiza/Desktop/msds_ws/install/msds_bringup/share/ament_index/resource_index/packages/msds_bringup
[7.550s] -- Installing: /home/eyiza/Desktop/msds_ws/install/msds_bringup/share/msds_bringup/cmake/msds_bringupConfig.cmake
[7.585s] -- Installing: /home/eyiza/Desktop/msds_ws/install/msds_bringup/share/msds_bringup/cmake/msds_bringupConfig-version.cmake
[7.615s] -- Installing: /home/eyiza/Desktop/msds_ws/install/msds_bringup/share/msds_bringup/package.xml
[7.743s] Invoked command in '/home/eyiza/Desktop/msds_ws/build/msds_bringup' returned '0': CMAKE_PREFIX_PATH=${CMAKE_PREFIX_PATH}:/home/eyiza/Desktop/SelfDriving/bumperbot_ws/install/bumperbot_py_examples:/home/eyiza/Desktop/ROS/ros_ws/install/turtlesim_py:/home/eyiza/Desktop/ROS/ros_ws/install/my_py_pkg:/opt/ros/jazzy DEBUGINFOD_URLS=https://debuginfod.ubuntu.com /usr/bin/cmake --install /home/eyiza/Desktop/msds_ws/build/msds_bringup
