[2.156s] Invoking command in '/home/eyiza/Desktop/msds_ws/build/msds_firmware': CMAKE_PREFIX_PATH=${CMAKE_PREFIX_PATH}:/home/eyiza/Desktop/SelfDriving/bumperbot_ws/install/bumperbot_py_examples:/home/eyiza/Desktop/ROS/ros_ws/install/turtlesim_py:/home/eyiza/Desktop/ROS/ros_ws/install/my_py_pkg:/opt/ros/jazzy DEBUGINFOD_URLS=https://debuginfod.ubuntu.com /usr/bin/cmake --build /home/eyiza/Desktop/msds_ws/build/msds_firmware -- -j8 -l8
[16.815s] -- Found ament_cmake: 2.5.3 (/opt/ros/jazzy/share/ament_cmake/cmake)
[23.391s] -- Found rclcpp: 28.1.8 (/opt/ros/jazzy/share/rclcpp/cmake)
[25.657s] -- Found rosidl_generator_c: 4.6.5 (/opt/ros/jazzy/share/rosidl_generator_c/cmake)
[25.956s] -- Found rosidl_generator_cpp: 4.6.5 (/opt/ros/jazzy/share/rosidl_generator_cpp/cmake)
[26.820s] -- Using all available rosidl_typesupport_c: rosidl_typesupport_fastrtps_c;rosidl_typesupport_introspection_c
[27.221s] -- Using all available rosidl_typesupport_cpp: rosidl_typesupport_fastrtps_cpp;rosidl_typesupport_introspection_cpp
[29.425s] -- Found rmw_implementation_cmake: 7.3.2 (/opt/ros/jazzy/share/rmw_implementation_cmake/cmake)
[29.535s] -- Found rmw_fastrtps_cpp: 8.4.2 (/opt/ros/jazzy/share/rmw_fastrtps_cpp/cmake)
[32.415s] -- Using RMW implementation 'rmw_fastrtps_cpp' as default
[34.174s] -- Found rclpy: 7.1.4 (/opt/ros/jazzy/share/rclpy/cmake)
[34.184s] -- Found std_msgs: 5.3.6 (/opt/ros/jazzy/share/std_msgs/cmake)
[35.046s] -- Found hardware_interface: 4.27.0 (/opt/ros/jazzy/share/hardware_interface/cmake)
[42.167s] -- Configuring done (30.1s)
[42.214s] -- Generating done (0.0s)
[42.295s] -- Build files have been written to: /home/eyiza/Desktop/msds_ws/build/msds_firmware
[42.588s] Built target ament_cmake_python_copy_msds_firmware
[44.415s] running egg_info
[44.421s] creating msds_firmware.egg-info
[44.608s] writing msds_firmware.egg-info/PKG-INFO
[44.610s] writing dependency_links to msds_firmware.egg-info/dependency_links.txt
[44.611s] writing top-level names to msds_firmware.egg-info/top_level.txt
[44.612s] writing manifest file 'msds_firmware.egg-info/SOURCES.txt'
[45.159s] reading manifest file 'msds_firmware.egg-info/SOURCES.txt'
[45.170s] writing manifest file 'msds_firmware.egg-info/SOURCES.txt'
[45.349s] Built target ament_cmake_python_build_msds_firmware_egg
[45.423s] Invoked command in '/home/eyiza/Desktop/msds_ws/build/msds_firmware' returned '0': CMAKE_PREFIX_PATH=${CMAKE_PREFIX_PATH}:/home/eyiza/Desktop/SelfDriving/bumperbot_ws/install/bumperbot_py_examples:/home/eyiza/Desktop/ROS/ros_ws/install/turtlesim_py:/home/eyiza/Desktop/ROS/ros_ws/install/my_py_pkg:/opt/ros/jazzy DEBUGINFOD_URLS=https://debuginfod.ubuntu.com /usr/bin/cmake --build /home/eyiza/Desktop/msds_ws/build/msds_firmware -- -j8 -l8
[45.431s] Invoking command in '/home/eyiza/Desktop/msds_ws/build/msds_firmware': CMAKE_PREFIX_PATH=${CMAKE_PREFIX_PATH}:/home/eyiza/Desktop/SelfDriving/bumperbot_ws/install/bumperbot_py_examples:/home/eyiza/Desktop/ROS/ros_ws/install/turtlesim_py:/home/eyiza/Desktop/ROS/ros_ws/install/my_py_pkg:/opt/ros/jazzy DEBUGINFOD_URLS=https://debuginfod.ubuntu.com /usr/bin/cmake --install /home/eyiza/Desktop/msds_ws/build/msds_firmware
[45.490s] -- Install configuration: ""
[45.496s] -- Installing: /home/eyiza/Desktop/msds_ws/install/msds_firmware/share/msds_firmware/environment/pythonpath.sh
[45.499s] -- Installing: /home/eyiza/Desktop/msds_ws/install/msds_firmware/share/msds_firmware/environment/pythonpath.dsv
[45.500s] -- Installing: /home/eyiza/Desktop/msds_ws/install/msds_firmware/lib/python3.12/site-packages/msds_firmware-0.0.0-py3.12.egg-info
[45.501s] -- Installing: /home/eyiza/Desktop/msds_ws/install/msds_firmware/lib/python3.12/site-packages/msds_firmware-0.0.0-py3.12.egg-info/top_level.txt
[45.501s] -- Installing: /home/eyiza/Desktop/msds_ws/install/msds_firmware/lib/python3.12/site-packages/msds_firmware-0.0.0-py3.12.egg-info/dependency_links.txt
[45.502s] -- Installing: /home/eyiza/Desktop/msds_ws/install/msds_firmware/lib/python3.12/site-packages/msds_firmware-0.0.0-py3.12.egg-info/SOURCES.txt
[45.502s] -- Installing: /home/eyiza/Desktop/msds_ws/install/msds_firmware/lib/python3.12/site-packages/msds_firmware-0.0.0-py3.12.egg-info/PKG-INFO
[45.503s] -- Installing: /home/eyiza/Desktop/msds_ws/install/msds_firmware/lib/python3.12/site-packages/msds_firmware
[45.503s] -- Installing: /home/eyiza/Desktop/msds_ws/install/msds_firmware/lib/python3.12/site-packages/msds_firmware/__init__.py
[45.504s] -- Installing: /home/eyiza/Desktop/msds_ws/install/msds_firmware/lib/python3.12/site-packages/msds_firmware/mpu6050_driver.py
[45.505s] -- Installing: /home/eyiza/Desktop/msds_ws/install/msds_firmware/lib/python3.12/site-packages/msds_firmware/simple_serial_transmitter.py
[45.506s] -- Installing: /home/eyiza/Desktop/msds_ws/install/msds_firmware/lib/python3.12/site-packages/msds_firmware/simple_serial_receiver.py
[45.795s] Listing '/home/eyiza/Desktop/msds_ws/install/msds_firmware/lib/python3.12/site-packages/msds_firmware'...
[45.795s] Compiling '/home/eyiza/Desktop/msds_ws/install/msds_firmware/lib/python3.12/site-packages/msds_firmware/__init__.py'...
[45.796s] Compiling '/home/eyiza/Desktop/msds_ws/install/msds_firmware/lib/python3.12/site-packages/msds_firmware/mpu6050_driver.py'...
[45.797s] Compiling '/home/eyiza/Desktop/msds_ws/install/msds_firmware/lib/python3.12/site-packages/msds_firmware/simple_serial_receiver.py'...
[45.809s] Compiling '/home/eyiza/Desktop/msds_ws/install/msds_firmware/lib/python3.12/site-packages/msds_firmware/simple_serial_transmitter.py'...
[45.827s] -- Installing: /home/eyiza/Desktop/msds_ws/install/msds_firmware/share/msds_firmware/msds_interface.xml
[45.877s] -- Installing: /home/eyiza/Desktop/msds_ws/install/msds_firmware/share/msds_firmware/launch
[45.878s] -- Installing: /home/eyiza/Desktop/msds_ws/install/msds_firmware/share/msds_firmware/launch/hardware_interface.launch.py
[45.881s] -- Installing: /home/eyiza/Desktop/msds_ws/install/msds_firmware/lib/msds_firmware/simple_serial_transmitter.py
[45.887s] -- Installing: /home/eyiza/Desktop/msds_ws/install/msds_firmware/lib/msds_firmware/simple_serial_receiver.py
[45.889s] -- Installing: /home/eyiza/Desktop/msds_ws/install/msds_firmware/lib/msds_firmware/mpu6050_driver.py
[45.890s] -- Installing: /home/eyiza/Desktop/msds_ws/install/msds_firmware/share/ament_index/resource_index/package_run_dependencies/msds_firmware
[45.891s] -- Installing: /home/eyiza/Desktop/msds_ws/install/msds_firmware/share/ament_index/resource_index/parent_prefix_path/msds_firmware
[45.892s] -- Up-to-date: /home/eyiza/Desktop/msds_ws/install/msds_firmware/share/msds_firmware/environment/ament_prefix_path.sh
[45.893s] -- Up-to-date: /home/eyiza/Desktop/msds_ws/install/msds_firmware/share/msds_firmware/environment/ament_prefix_path.dsv
[45.893s] -- Up-to-date: /home/eyiza/Desktop/msds_ws/install/msds_firmware/share/msds_firmware/environment/path.sh
[45.894s] -- Up-to-date: /home/eyiza/Desktop/msds_ws/install/msds_firmware/share/msds_firmware/environment/path.dsv
[45.894s] -- Up-to-date: /home/eyiza/Desktop/msds_ws/install/msds_firmware/share/msds_firmware/local_setup.bash
[45.895s] -- Installing: /home/eyiza/Desktop/msds_ws/install/msds_firmware/share/msds_firmware/local_setup.sh
[45.896s] -- Up-to-date: /home/eyiza/Desktop/msds_ws/install/msds_firmware/share/msds_firmware/local_setup.zsh
[45.900s] -- Installing: /home/eyiza/Desktop/msds_ws/install/msds_firmware/share/msds_firmware/local_setup.dsv
[45.900s] -- Installing: /home/eyiza/Desktop/msds_ws/install/msds_firmware/share/msds_firmware/package.dsv
[45.901s] -- Up-to-date: /home/eyiza/Desktop/msds_ws/install/msds_firmware/share/ament_index/resource_index/packages/msds_firmware
[45.901s] -- Installing: /home/eyiza/Desktop/msds_ws/install/msds_firmware/share/ament_index/resource_index/hardware_interface__pluginlib__plugin/msds_firmware
[45.902s] -- Installing: /home/eyiza/Desktop/msds_ws/install/msds_firmware/share/msds_firmware/cmake/ament_cmake_export_dependencies-extras.cmake
[45.903s] -- Installing: /home/eyiza/Desktop/msds_ws/install/msds_firmware/share/msds_firmware/cmake/msds_firmwareConfig.cmake
[45.903s] -- Up-to-date: /home/eyiza/Desktop/msds_ws/install/msds_firmware/share/msds_firmware/cmake/msds_firmwareConfig-version.cmake
[45.907s] -- Installing: /home/eyiza/Desktop/msds_ws/install/msds_firmware/share/msds_firmware/package.xml
[45.924s] Invoked command in '/home/eyiza/Desktop/msds_ws/build/msds_firmware' returned '0': CMAKE_PREFIX_PATH=${CMAKE_PREFIX_PATH}:/home/eyiza/Desktop/SelfDriving/bumperbot_ws/install/bumperbot_py_examples:/home/eyiza/Desktop/ROS/ros_ws/install/turtlesim_py:/home/eyiza/Desktop/ROS/ros_ws/install/my_py_pkg:/opt/ros/jazzy DEBUGINFOD_URLS=https://debuginfod.ubuntu.com /usr/bin/cmake --install /home/eyiza/Desktop/msds_ws/build/msds_firmware
