Built target ament_cmake_python_copy_msds_controller
running egg_info
writing msds_controller.egg-info/PKG-INFO
writing dependency_links to msds_controller.egg-info/dependency_links.txt
writing top-level names to msds_controller.egg-info/top_level.txt
reading manifest file 'msds_controller.egg-info/SOURCES.txt'
writing manifest file 'msds_controller.egg-info/SOURCES.txt'
Built target ament_cmake_python_build_msds_controller_egg
-- Install configuration: ""
-- Up-to-date: /home/eyiza/Desktop/msds_ws/install/msds_controller/share/msds_controller/environment/pythonpath.sh
-- Up-to-date: /home/eyiza/Desktop/msds_ws/install/msds_controller/share/msds_controller/environment/pythonpath.dsv
-- Up-to-date: /home/eyiza/Desktop/msds_ws/install/msds_controller/lib/python3.12/site-packages/msds_controller-0.0.0-py3.12.egg-info
-- Installing: /home/eyiza/Desktop/msds_ws/install/msds_controller/lib/python3.12/site-packages/msds_controller-0.0.0-py3.12.egg-info/top_level.txt
-- Installing: /home/eyiza/Desktop/msds_ws/install/msds_controller/lib/python3.12/site-packages/msds_controller-0.0.0-py3.12.egg-info/dependency_links.txt
-- Installing: /home/eyiza/Desktop/msds_ws/install/msds_controller/lib/python3.12/site-packages/msds_controller-0.0.0-py3.12.egg-info/SOURCES.txt
-- Installing: /home/eyiza/Desktop/msds_ws/install/msds_controller/lib/python3.12/site-packages/msds_controller-0.0.0-py3.12.egg-info/PKG-INFO
-- Up-to-date: /home/eyiza/Desktop/msds_ws/install/msds_controller/lib/python3.12/site-packages/msds_controller
-- Up-to-date: /home/eyiza/Desktop/msds_ws/install/msds_controller/lib/python3.12/site-packages/msds_controller/__init__.py
Listing '/home/eyiza/Desktop/msds_ws/install/msds_controller/lib/python3.12/site-packages/msds_controller'...
-- Up-to-date: /home/eyiza/Desktop/msds_ws/install/msds_controller/share/msds_controller/launch
-- Up-to-date: /home/eyiza/Desktop/msds_ws/install/msds_controller/share/msds_controller/launch/controller.launch.py
-- Up-to-date: /home/eyiza/Desktop/msds_ws/install/msds_controller/share/msds_controller/config
-- Up-to-date: /home/eyiza/Desktop/msds_ws/install/msds_controller/share/msds_controller/config/msds_controllers.yaml
-- Up-to-date: /home/eyiza/Desktop/msds_ws/install/msds_controller/share/ament_index/resource_index/package_run_dependencies/msds_controller
-- Up-to-date: /home/eyiza/Desktop/msds_ws/install/msds_controller/share/ament_index/resource_index/parent_prefix_path/msds_controller
-- Up-to-date: /home/eyiza/Desktop/msds_ws/install/msds_controller/share/msds_controller/environment/ament_prefix_path.sh
-- Up-to-date: /home/eyiza/Desktop/msds_ws/install/msds_controller/share/msds_controller/environment/ament_prefix_path.dsv
-- Up-to-date: /home/eyiza/Desktop/msds_ws/install/msds_controller/share/msds_controller/environment/path.sh
-- Up-to-date: /home/eyiza/Desktop/msds_ws/install/msds_controller/share/msds_controller/environment/path.dsv
-- Up-to-date: /home/eyiza/Desktop/msds_ws/install/msds_controller/share/msds_controller/local_setup.bash
-- Up-to-date: /home/eyiza/Desktop/msds_ws/install/msds_controller/share/msds_controller/local_setup.sh
-- Up-to-date: /home/eyiza/Desktop/msds_ws/install/msds_controller/share/msds_controller/local_setup.zsh
-- Up-to-date: /home/eyiza/Desktop/msds_ws/install/msds_controller/share/msds_controller/local_setup.dsv
-- Installing: /home/eyiza/Desktop/msds_ws/install/msds_controller/share/msds_controller/package.dsv
-- Up-to-date: /home/eyiza/Desktop/msds_ws/install/msds_controller/share/ament_index/resource_index/packages/msds_controller
-- Up-to-date: /home/eyiza/Desktop/msds_ws/install/msds_controller/share/msds_controller/cmake/msds_controllerConfig.cmake
-- Up-to-date: /home/eyiza/Desktop/msds_ws/install/msds_controller/share/msds_controller/cmake/msds_controllerConfig-version.cmake
-- Up-to-date: /home/eyiza/Desktop/msds_ws/install/msds_controller/share/msds_controller/package.xml
