[0.358s] Invoking command in '/home/eyiza/Desktop/msds_ws/build/msds_controller': CMAKE_PREFIX_PATH=${CMAKE_PREFIX_PATH}:/home/eyiza/Desktop/SelfDriving/bumperbot_ws/install/bumperbot_py_examples:/home/eyiza/Desktop/ROS/ros_ws/install/turtlesim_py:/home/eyiza/Desktop/ROS/ros_ws/install/my_py_pkg:/opt/ros/jazzy DEBUGINFOD_URLS=https://debuginfod.ubuntu.com /usr/bin/cmake --build /home/eyiza/Desktop/msds_ws/build/msds_controller -- -j8 -l8
[1.260s] Built target ament_cmake_python_copy_msds_controller
[1.539s] running egg_info
[1.571s] writing msds_controller.egg-info/PKG-INFO
[1.571s] writing dependency_links to msds_controller.egg-info/dependency_links.txt
[1.571s] writing top-level names to msds_controller.egg-info/top_level.txt
[1.662s] reading manifest file 'msds_controller.egg-info/SOURCES.txt'
[1.682s] writing manifest file 'msds_controller.egg-info/SOURCES.txt'
[1.724s] Built target ament_cmake_python_build_msds_controller_egg
[1.737s] Invoked command in '/home/eyiza/Desktop/msds_ws/build/msds_controller' returned '0': CMAKE_PREFIX_PATH=${CMAKE_PREFIX_PATH}:/home/eyiza/Desktop/SelfDriving/bumperbot_ws/install/bumperbot_py_examples:/home/eyiza/Desktop/ROS/ros_ws/install/turtlesim_py:/home/eyiza/Desktop/ROS/ros_ws/install/my_py_pkg:/opt/ros/jazzy DEBUGINFOD_URLS=https://debuginfod.ubuntu.com /usr/bin/cmake --build /home/eyiza/Desktop/msds_ws/build/msds_controller -- -j8 -l8
[1.739s] Invoking command in '/home/eyiza/Desktop/msds_ws/build/msds_controller': CMAKE_PREFIX_PATH=${CMAKE_PREFIX_PATH}:/home/eyiza/Desktop/SelfDriving/bumperbot_ws/install/bumperbot_py_examples:/home/eyiza/Desktop/ROS/ros_ws/install/turtlesim_py:/home/eyiza/Desktop/ROS/ros_ws/install/my_py_pkg:/opt/ros/jazzy DEBUGINFOD_URLS=https://debuginfod.ubuntu.com /usr/bin/cmake --install /home/eyiza/Desktop/msds_ws/build/msds_controller
[1.753s] -- Install configuration: ""
[1.754s] -- Up-to-date: /home/eyiza/Desktop/msds_ws/install/msds_controller/share/msds_controller/environment/pythonpath.sh
[1.754s] -- Up-to-date: /home/eyiza/Desktop/msds_ws/install/msds_controller/share/msds_controller/environment/pythonpath.dsv
[1.755s] -- Up-to-date: /home/eyiza/Desktop/msds_ws/install/msds_controller/lib/python3.12/site-packages/msds_controller-0.0.0-py3.12.egg-info
[1.755s] -- Installing: /home/eyiza/Desktop/msds_ws/install/msds_controller/lib/python3.12/site-packages/msds_controller-0.0.0-py3.12.egg-info/top_level.txt
[1.755s] -- Installing: /home/eyiza/Desktop/msds_ws/install/msds_controller/lib/python3.12/site-packages/msds_controller-0.0.0-py3.12.egg-info/dependency_links.txt
[1.755s] -- Installing: /home/eyiza/Desktop/msds_ws/install/msds_controller/lib/python3.12/site-packages/msds_controller-0.0.0-py3.12.egg-info/SOURCES.txt
[1.755s] -- Installing: /home/eyiza/Desktop/msds_ws/install/msds_controller/lib/python3.12/site-packages/msds_controller-0.0.0-py3.12.egg-info/PKG-INFO
[1.755s] -- Up-to-date: /home/eyiza/Desktop/msds_ws/install/msds_controller/lib/python3.12/site-packages/msds_controller
[1.756s] -- Up-to-date: /home/eyiza/Desktop/msds_ws/install/msds_controller/lib/python3.12/site-packages/msds_controller/__init__.py
[1.838s] Listing '/home/eyiza/Desktop/msds_ws/install/msds_controller/lib/python3.12/site-packages/msds_controller'...
[1.840s] -- Up-to-date: /home/eyiza/Desktop/msds_ws/install/msds_controller/share/msds_controller/launch
[1.840s] -- Up-to-date: /home/eyiza/Desktop/msds_ws/install/msds_controller/share/msds_controller/launch/controller.launch.py
[1.841s] -- Up-to-date: /home/eyiza/Desktop/msds_ws/install/msds_controller/share/msds_controller/config
[1.841s] -- Up-to-date: /home/eyiza/Desktop/msds_ws/install/msds_controller/share/msds_controller/config/msds_controllers.yaml
[1.841s] -- Up-to-date: /home/eyiza/Desktop/msds_ws/install/msds_controller/share/ament_index/resource_index/package_run_dependencies/msds_controller
[1.841s] -- Up-to-date: /home/eyiza/Desktop/msds_ws/install/msds_controller/share/ament_index/resource_index/parent_prefix_path/msds_controller
[1.842s] -- Up-to-date: /home/eyiza/Desktop/msds_ws/install/msds_controller/share/msds_controller/environment/ament_prefix_path.sh
[1.842s] -- Up-to-date: /home/eyiza/Desktop/msds_ws/install/msds_controller/share/msds_controller/environment/ament_prefix_path.dsv
[1.842s] -- Up-to-date: /home/eyiza/Desktop/msds_ws/install/msds_controller/share/msds_controller/environment/path.sh
[1.842s] -- Up-to-date: /home/eyiza/Desktop/msds_ws/install/msds_controller/share/msds_controller/environment/path.dsv
[1.842s] -- Up-to-date: /home/eyiza/Desktop/msds_ws/install/msds_controller/share/msds_controller/local_setup.bash
[1.842s] -- Up-to-date: /home/eyiza/Desktop/msds_ws/install/msds_controller/share/msds_controller/local_setup.sh
[1.842s] -- Up-to-date: /home/eyiza/Desktop/msds_ws/install/msds_controller/share/msds_controller/local_setup.zsh
[1.843s] -- Up-to-date: /home/eyiza/Desktop/msds_ws/install/msds_controller/share/msds_controller/local_setup.dsv
[1.843s] -- Installing: /home/eyiza/Desktop/msds_ws/install/msds_controller/share/msds_controller/package.dsv
[1.843s] -- Up-to-date: /home/eyiza/Desktop/msds_ws/install/msds_controller/share/ament_index/resource_index/packages/msds_controller
[1.843s] -- Up-to-date: /home/eyiza/Desktop/msds_ws/install/msds_controller/share/msds_controller/cmake/msds_controllerConfig.cmake
[1.843s] -- Up-to-date: /home/eyiza/Desktop/msds_ws/install/msds_controller/share/msds_controller/cmake/msds_controllerConfig-version.cmake
[1.843s] -- Up-to-date: /home/eyiza/Desktop/msds_ws/install/msds_controller/share/msds_controller/package.xml
[1.857s] Invoked command in '/home/eyiza/Desktop/msds_ws/build/msds_controller' returned '0': CMAKE_PREFIX_PATH=${CMAKE_PREFIX_PATH}:/home/eyiza/Desktop/SelfDriving/bumperbot_ws/install/bumperbot_py_examples:/home/eyiza/Desktop/ROS/ros_ws/install/turtlesim_py:/home/eyiza/Desktop/ROS/ros_ws/install/my_py_pkg:/opt/ros/jazzy DEBUGINFOD_URLS=https://debuginfod.ubuntu.com /usr/bin/cmake --install /home/eyiza/Desktop/msds_ws/build/msds_controller
