[1.349s] Invoking command in '/home/eyiza/Desktop/msds_ws/build/msds_firmware': CMAKE_PREFIX_PATH=${CMAKE_PREFIX_PATH}:/home/eyiza/Desktop/SelfDriving/bumperbot_ws/install/bumperbot_py_examples:/home/eyiza/Desktop/ROS/ros_ws/install/turtlesim_py:/home/eyiza/Desktop/ROS/ros_ws/install/my_py_pkg:/opt/ros/jazzy DEBUGINFOD_URLS=https://debuginfod.ubuntu.com /usr/bin/cmake --build /home/eyiza/Desktop/msds_ws/build/msds_firmware -- -j8 -l8
[6.610s] -- Found ament_cmake: 2.5.3 (/opt/ros/jazzy/share/ament_cmake/cmake)
[30.449s] -- Found rclcpp: 28.1.8 (/opt/ros/jazzy/share/rclcpp/cmake)
[46.389s] -- Found rosidl_generator_c: 4.6.5 (/opt/ros/jazzy/share/rosidl_generator_c/cmake)
[48.279s] -- Found rosidl_generator_cpp: 4.6.5 (/opt/ros/jazzy/share/rosidl_generator_cpp/cmake)
[53.895s] -- Using all available rosidl_typesupport_c: rosidl_typesupport_fastrtps_c;rosidl_typesupport_introspection_c
[57.040s] -- Using all available rosidl_typesupport_cpp: rosidl_typesupport_fastrtps_cpp;rosidl_typesupport_introspection_cpp
[77.626s] -- Found rmw_implementation_cmake: 7.3.2 (/opt/ros/jazzy/share/rmw_implementation_cmake/cmake)
[78.437s] -- Found rmw_fastrtps_cpp: 8.4.2 (/opt/ros/jazzy/share/rmw_fastrtps_cpp/cmake)
[115.067s] -- Found OpenSSL: /usr/lib/x86_64-linux-gnu/libcrypto.so (found version "3.0.13")  
[116.362s] -- Found FastRTPS: /opt/ros/jazzy/include (Required is at least version "2.13") 
[116.579s] -- Using RMW implementation 'rmw_fastrtps_cpp' as default
[129.382s] -- Found rclpy: 7.1.4 (/opt/ros/jazzy/share/rclpy/cmake)
[129.613s] -- Found std_msgs: 5.3.6 (/opt/ros/jazzy/share/std_msgs/cmake)
[132.041s] -- Found hardware_interface: 4.27.0 (/opt/ros/jazzy/share/hardware_interface/cmake)
[218.522s] -- Found PkgConfig: /usr/bin/pkg-config (found version "1.8.1") 
[218.525s] -- Checking for module 'libserial'
[219.159s] --   Found libserial, version 1.0.0
[220.403s] [31mCMake Error at /opt/ros/jazzy/share/pluginlib/cmake/pluginlib_export_plugin_description_file.cmake:84 (message):
[220.404s]   Given plugin description file
[220.405s]   '/home/eyiza/Desktop/msds_ws/src/msds_firmware/bumperbot_interface.xml'
[220.405s]   does not exist
[220.406s] Call Stack (most recent call first):
[220.406s]   CMakeLists.txt:22 (pluginlib_export_plugin_description_file)
[220.406s] 
[220.407s] [0m
[220.407s] -- Configuring incomplete, errors occurred!
[222.118s] gmake: *** [Makefile:226: cmake_check_build_system] Error 1
[222.124s] Invoked command in '/home/eyiza/Desktop/msds_ws/build/msds_firmware' returned '2': CMAKE_PREFIX_PATH=${CMAKE_PREFIX_PATH}:/home/eyiza/Desktop/SelfDriving/bumperbot_ws/install/bumperbot_py_examples:/home/eyiza/Desktop/ROS/ros_ws/install/turtlesim_py:/home/eyiza/Desktop/ROS/ros_ws/install/my_py_pkg:/opt/ros/jazzy DEBUGINFOD_URLS=https://debuginfod.ubuntu.com /usr/bin/cmake --build /home/eyiza/Desktop/msds_ws/build/msds_firmware -- -j8 -l8
