[0.284s] DEBUG:colcon:Command line arguments: ['/usr/bin/colcon', 'build']
[0.285s] DEBUG:colcon:Parsed command line arguments: Namespace(log_base=None, log_level=None, verb_name='build', build_base='build', install_base='install', merge_install=False, symlink_install=False, test_result_base=None, continue_on_error=False, executor='parallel', parallel_workers=8, event_handlers=None, ignore_user_meta=False, metas=['./colcon.meta'], base_paths=['.'], packages_ignore=None, packages_ignore_regex=None, paths=None, packages_up_to=None, packages_up_to_regex=None, packages_above=None, packages_above_and_dependencies=None, packages_above_depth=None, packages_select_by_dep=None, packages_skip_by_dep=None, packages_skip_up_to=None, packages_select_build_failed=False, packages_skip_build_finished=False, packages_select_test_failures=False, packages_skip_test_passed=False, packages_select=None, packages_skip=None, packages_select_regex=None, packages_skip_regex=None, packages_start=None, packages_end=None, allow_overriding=[], cmake_args=None, cmake_target=None, cmake_target_skip_unavailable=False, cmake_clean_cache=False, cmake_clean_first=False, cmake_force_configure=False, ament_cmake_args=None, catkin_cmake_args=None, catkin_skip_building_tests=False, mixin_files=None, mixin=None, verb_parser=<colcon_mixin.mixin.mixin_argument.MixinArgumentDecorator object at 0x72c5643ec380>, verb_extension=<colcon_core.verb.build.BuildVerb object at 0x72c5643ebf80>, main=<bound method BuildVerb.main of <colcon_core.verb.build.BuildVerb object at 0x72c5643ebf80>>, mixin_verb=('build',))
[0.422s] Level 1:colcon.colcon_core.package_discovery:discover_packages(colcon_meta) check parameters
[0.423s] Level 1:colcon.colcon_core.package_discovery:discover_packages(recursive) check parameters
[0.423s] Level 1:colcon.colcon_core.package_discovery:discover_packages(ignore) check parameters
[0.424s] Level 1:colcon.colcon_core.package_discovery:discover_packages(path) check parameters
[0.424s] Level 1:colcon.colcon_core.package_discovery:discover_packages(colcon_meta) discover
[0.425s] Level 1:colcon.colcon_core.package_discovery:discover_packages(recursive) discover
[0.426s] INFO:colcon.colcon_core.package_discovery:Crawling recursively for packages in '/home/eyiza/Desktop/msds_ws'
[0.426s] Level 1:colcon.colcon_core.package_identification:_identify(.) by extensions ['ignore', 'ignore_ament_install']
[0.427s] Level 1:colcon.colcon_core.package_identification:_identify(.) by extension 'ignore'
[0.428s] Level 1:colcon.colcon_core.package_identification:_identify(.) by extension 'ignore_ament_install'
[0.428s] Level 1:colcon.colcon_core.package_identification:_identify(.) by extensions ['colcon_pkg']
[0.428s] Level 1:colcon.colcon_core.package_identification:_identify(.) by extension 'colcon_pkg'
[0.429s] Level 1:colcon.colcon_core.package_identification:_identify(.) by extensions ['colcon_meta']
[0.429s] Level 1:colcon.colcon_core.package_identification:_identify(.) by extension 'colcon_meta'
[0.429s] Level 1:colcon.colcon_core.package_identification:_identify(.) by extensions ['ros']
[0.429s] Level 1:colcon.colcon_core.package_identification:_identify(.) by extension 'ros'
[0.687s] Level 1:colcon.colcon_core.package_identification:_identify(.) by extensions ['cmake', 'python']
[0.687s] Level 1:colcon.colcon_core.package_identification:_identify(.) by extension 'cmake'
[0.687s] Level 1:colcon.colcon_core.package_identification:_identify(.) by extension 'python'
[0.688s] Level 1:colcon.colcon_core.package_identification:_identify(.) by extensions ['python_setup_py']
[0.688s] Level 1:colcon.colcon_core.package_identification:_identify(.) by extension 'python_setup_py'
[0.689s] Level 1:colcon.colcon_core.package_identification:_identify(build) by extensions ['ignore', 'ignore_ament_install']
[0.689s] Level 1:colcon.colcon_core.package_identification:_identify(build) by extension 'ignore'
[0.689s] Level 1:colcon.colcon_core.package_identification:_identify(build) ignored
[0.690s] Level 1:colcon.colcon_core.package_identification:_identify(install) by extensions ['ignore', 'ignore_ament_install']
[0.690s] Level 1:colcon.colcon_core.package_identification:_identify(install) by extension 'ignore'
[0.690s] Level 1:colcon.colcon_core.package_identification:_identify(install) ignored
[0.691s] Level 1:colcon.colcon_core.package_identification:_identify(log) by extensions ['ignore', 'ignore_ament_install']
[0.691s] Level 1:colcon.colcon_core.package_identification:_identify(log) by extension 'ignore'
[0.692s] Level 1:colcon.colcon_core.package_identification:_identify(log) ignored
[0.692s] Level 1:colcon.colcon_core.package_identification:_identify(src) by extensions ['ignore', 'ignore_ament_install']
[0.693s] Level 1:colcon.colcon_core.package_identification:_identify(src) by extension 'ignore'
[0.693s] Level 1:colcon.colcon_core.package_identification:_identify(src) by extension 'ignore_ament_install'
[0.693s] Level 1:colcon.colcon_core.package_identification:_identify(src) by extensions ['colcon_pkg']
[0.694s] Level 1:colcon.colcon_core.package_identification:_identify(src) by extension 'colcon_pkg'
[0.694s] Level 1:colcon.colcon_core.package_identification:_identify(src) by extensions ['colcon_meta']
[0.694s] Level 1:colcon.colcon_core.package_identification:_identify(src) by extension 'colcon_meta'
[0.694s] Level 1:colcon.colcon_core.package_identification:_identify(src) by extensions ['ros']
[0.694s] Level 1:colcon.colcon_core.package_identification:_identify(src) by extension 'ros'
[0.695s] Level 1:colcon.colcon_core.package_identification:_identify(src) by extensions ['cmake', 'python']
[0.695s] Level 1:colcon.colcon_core.package_identification:_identify(src) by extension 'cmake'
[0.695s] Level 1:colcon.colcon_core.package_identification:_identify(src) by extension 'python'
[0.696s] Level 1:colcon.colcon_core.package_identification:_identify(src) by extensions ['python_setup_py']
[0.696s] Level 1:colcon.colcon_core.package_identification:_identify(src) by extension 'python_setup_py'
[0.696s] Level 1:colcon.colcon_core.package_identification:_identify(src/msds_bringup) by extensions ['ignore', 'ignore_ament_install']
[0.696s] Level 1:colcon.colcon_core.package_identification:_identify(src/msds_bringup) by extension 'ignore'
[0.697s] Level 1:colcon.colcon_core.package_identification:_identify(src/msds_bringup) by extension 'ignore_ament_install'
[0.697s] Level 1:colcon.colcon_core.package_identification:_identify(src/msds_bringup) by extensions ['colcon_pkg']
[0.697s] Level 1:colcon.colcon_core.package_identification:_identify(src/msds_bringup) by extension 'colcon_pkg'
[0.698s] Level 1:colcon.colcon_core.package_identification:_identify(src/msds_bringup) by extensions ['colcon_meta']
[0.698s] Level 1:colcon.colcon_core.package_identification:_identify(src/msds_bringup) by extension 'colcon_meta'
[0.698s] Level 1:colcon.colcon_core.package_identification:_identify(src/msds_bringup) by extensions ['ros']
[0.698s] Level 1:colcon.colcon_core.package_identification:_identify(src/msds_bringup) by extension 'ros'
[0.718s] DEBUG:colcon.colcon_core.package_identification:Package 'src/msds_bringup' with type 'ros.ament_cmake' and name 'msds_bringup'
[0.718s] Level 1:colcon.colcon_core.package_identification:_identify(src/msds_controller) by extensions ['ignore', 'ignore_ament_install']
[0.719s] Level 1:colcon.colcon_core.package_identification:_identify(src/msds_controller) by extension 'ignore'
[0.719s] Level 1:colcon.colcon_core.package_identification:_identify(src/msds_controller) by extension 'ignore_ament_install'
[0.719s] Level 1:colcon.colcon_core.package_identification:_identify(src/msds_controller) by extensions ['colcon_pkg']
[0.719s] Level 1:colcon.colcon_core.package_identification:_identify(src/msds_controller) by extension 'colcon_pkg'
[0.719s] Level 1:colcon.colcon_core.package_identification:_identify(src/msds_controller) by extensions ['colcon_meta']
[0.720s] Level 1:colcon.colcon_core.package_identification:_identify(src/msds_controller) by extension 'colcon_meta'
[0.720s] Level 1:colcon.colcon_core.package_identification:_identify(src/msds_controller) by extensions ['ros']
[0.720s] Level 1:colcon.colcon_core.package_identification:_identify(src/msds_controller) by extension 'ros'
[0.726s] DEBUG:colcon.colcon_core.package_identification:Package 'src/msds_controller' with type 'ros.ament_cmake' and name 'msds_controller'
[0.727s] Level 1:colcon.colcon_core.package_identification:_identify(src/msds_firmware) by extensions ['ignore', 'ignore_ament_install']
[0.727s] Level 1:colcon.colcon_core.package_identification:_identify(src/msds_firmware) by extension 'ignore'
[0.727s] Level 1:colcon.colcon_core.package_identification:_identify(src/msds_firmware) by extension 'ignore_ament_install'
[0.728s] Level 1:colcon.colcon_core.package_identification:_identify(src/msds_firmware) by extensions ['colcon_pkg']
[0.728s] Level 1:colcon.colcon_core.package_identification:_identify(src/msds_firmware) by extension 'colcon_pkg'
[0.729s] Level 1:colcon.colcon_core.package_identification:_identify(src/msds_firmware) by extensions ['colcon_meta']
[0.729s] Level 1:colcon.colcon_core.package_identification:_identify(src/msds_firmware) by extension 'colcon_meta'
[0.729s] Level 1:colcon.colcon_core.package_identification:_identify(src/msds_firmware) by extensions ['ros']
[0.729s] Level 1:colcon.colcon_core.package_identification:_identify(src/msds_firmware) by extension 'ros'
[0.741s] DEBUG:colcon.colcon_core.package_identification:Package 'src/msds_firmware' with type 'ros.ament_cmake' and name 'msds_firmware'
[0.742s] Level 1:colcon.colcon_core.package_identification:_identify(src/msds_localization) by extensions ['ignore', 'ignore_ament_install']
[0.742s] Level 1:colcon.colcon_core.package_identification:_identify(src/msds_localization) by extension 'ignore'
[0.743s] Level 1:colcon.colcon_core.package_identification:_identify(src/msds_localization) by extension 'ignore_ament_install'
[0.743s] Level 1:colcon.colcon_core.package_identification:_identify(src/msds_localization) by extensions ['colcon_pkg']
[0.743s] Level 1:colcon.colcon_core.package_identification:_identify(src/msds_localization) by extension 'colcon_pkg'
[0.744s] Level 1:colcon.colcon_core.package_identification:_identify(src/msds_localization) by extensions ['colcon_meta']
[0.744s] Level 1:colcon.colcon_core.package_identification:_identify(src/msds_localization) by extension 'colcon_meta'
[0.744s] Level 1:colcon.colcon_core.package_identification:_identify(src/msds_localization) by extensions ['ros']
[0.744s] Level 1:colcon.colcon_core.package_identification:_identify(src/msds_localization) by extension 'ros'
[0.748s] DEBUG:colcon.colcon_core.package_identification:Package 'src/msds_localization' with type 'ros.ament_cmake' and name 'msds_localization'
[0.748s] Level 1:colcon.colcon_core.package_discovery:discover_packages(recursive) using defaults
[0.748s] Level 1:colcon.colcon_core.package_discovery:discover_packages(ignore) discover
[0.748s] Level 1:colcon.colcon_core.package_discovery:discover_packages(ignore) using defaults
[0.748s] Level 1:colcon.colcon_core.package_discovery:discover_packages(path) discover
[0.748s] Level 1:colcon.colcon_core.package_discovery:discover_packages(path) using defaults
[0.875s] Level 1:colcon.colcon_core.package_discovery:discover_packages(prefix_path) check parameters
[0.875s] Level 1:colcon.colcon_core.package_discovery:discover_packages(prefix_path) discover
[0.880s] WARNING:colcon.colcon_ros.prefix_path.ament:The path '/home/eyiza/Desktop/msds_ws/install/msds_localization' in the environment variable AMENT_PREFIX_PATH doesn't exist
[0.881s] WARNING:colcon.colcon_ros.prefix_path.ament:The path '/home/eyiza/Desktop/msds_ws/install/msds_firmware' in the environment variable AMENT_PREFIX_PATH doesn't exist
[0.881s] WARNING:colcon.colcon_ros.prefix_path.ament:The path '/home/eyiza/Desktop/msds_ws/install/msds_controller' in the environment variable AMENT_PREFIX_PATH doesn't exist
[0.881s] WARNING:colcon.colcon_ros.prefix_path.ament:The path '/home/eyiza/Desktop/msds_ws/install/msds_bringup' in the environment variable AMENT_PREFIX_PATH doesn't exist
[0.885s] WARNING:colcon.colcon_ros.prefix_path.catkin:The path '/home/eyiza/Desktop/msds_ws/install/msds_localization' in the environment variable CMAKE_PREFIX_PATH doesn't exist
[0.885s] WARNING:colcon.colcon_ros.prefix_path.catkin:The path '/home/eyiza/Desktop/msds_ws/install/msds_firmware' in the environment variable CMAKE_PREFIX_PATH doesn't exist
[0.885s] WARNING:colcon.colcon_ros.prefix_path.catkin:The path '/home/eyiza/Desktop/msds_ws/install/msds_controller' in the environment variable CMAKE_PREFIX_PATH doesn't exist
[0.885s] WARNING:colcon.colcon_ros.prefix_path.catkin:The path '/home/eyiza/Desktop/msds_ws/install/msds_bringup' in the environment variable CMAKE_PREFIX_PATH doesn't exist
[0.890s] DEBUG:colcon.colcon_installed_package_information.package_discovery:Found 0 installed packages in /home/eyiza/Desktop/msds_ws/install
[0.894s] DEBUG:colcon.colcon_installed_package_information.package_discovery:Found 8 installed packages in /home/eyiza/Desktop/SelfDriving/bumperbot_ws/install
[0.896s] DEBUG:colcon.colcon_installed_package_information.package_discovery:Found 2 installed packages in /home/eyiza/Desktop/ROS/urdf_ws/install
[0.899s] DEBUG:colcon.colcon_installed_package_information.package_discovery:Found 5 installed packages in /home/eyiza/Desktop/ROS/ros_ws/install
[0.911s] DEBUG:colcon.colcon_installed_package_information.package_discovery:Found 386 installed packages in /opt/ros/jazzy
[0.915s] Level 1:colcon.colcon_core.package_discovery:discover_packages(prefix_path) using defaults
[1.357s] Level 5:colcon.colcon_core.verb:set package 'msds_bringup' build argument 'cmake_args' from command line to 'None'
[1.358s] Level 5:colcon.colcon_core.verb:set package 'msds_bringup' build argument 'cmake_target' from command line to 'None'
[1.358s] Level 5:colcon.colcon_core.verb:set package 'msds_bringup' build argument 'cmake_target_skip_unavailable' from command line to 'False'
[1.358s] Level 5:colcon.colcon_core.verb:set package 'msds_bringup' build argument 'cmake_clean_cache' from command line to 'False'
[1.358s] Level 5:colcon.colcon_core.verb:set package 'msds_bringup' build argument 'cmake_clean_first' from command line to 'False'
[1.358s] Level 5:colcon.colcon_core.verb:set package 'msds_bringup' build argument 'cmake_force_configure' from command line to 'False'
[1.359s] Level 5:colcon.colcon_core.verb:set package 'msds_bringup' build argument 'ament_cmake_args' from command line to 'None'
[1.359s] Level 5:colcon.colcon_core.verb:set package 'msds_bringup' build argument 'catkin_cmake_args' from command line to 'None'
[1.359s] Level 5:colcon.colcon_core.verb:set package 'msds_bringup' build argument 'catkin_skip_building_tests' from command line to 'False'
[1.359s] DEBUG:colcon.colcon_core.verb:Building package 'msds_bringup' with the following arguments: {'ament_cmake_args': None, 'build_base': '/home/eyiza/Desktop/msds_ws/build/msds_bringup', 'catkin_cmake_args': None, 'catkin_skip_building_tests': False, 'cmake_args': None, 'cmake_clean_cache': False, 'cmake_clean_first': False, 'cmake_force_configure': False, 'cmake_target': None, 'cmake_target_skip_unavailable': False, 'install_base': '/home/eyiza/Desktop/msds_ws/install/msds_bringup', 'merge_install': False, 'path': '/home/eyiza/Desktop/msds_ws/src/msds_bringup', 'symlink_install': False, 'test_result_base': None}
[1.361s] Level 5:colcon.colcon_core.verb:set package 'msds_controller' build argument 'cmake_args' from command line to 'None'
[1.361s] Level 5:colcon.colcon_core.verb:set package 'msds_controller' build argument 'cmake_target' from command line to 'None'
[1.362s] Level 5:colcon.colcon_core.verb:set package 'msds_controller' build argument 'cmake_target_skip_unavailable' from command line to 'False'
[1.362s] Level 5:colcon.colcon_core.verb:set package 'msds_controller' build argument 'cmake_clean_cache' from command line to 'False'
[1.362s] Level 5:colcon.colcon_core.verb:set package 'msds_controller' build argument 'cmake_clean_first' from command line to 'False'
[1.362s] Level 5:colcon.colcon_core.verb:set package 'msds_controller' build argument 'cmake_force_configure' from command line to 'False'
[1.362s] Level 5:colcon.colcon_core.verb:set package 'msds_controller' build argument 'ament_cmake_args' from command line to 'None'
[1.362s] Level 5:colcon.colcon_core.verb:set package 'msds_controller' build argument 'catkin_cmake_args' from command line to 'None'
[1.362s] Level 5:colcon.colcon_core.verb:set package 'msds_controller' build argument 'catkin_skip_building_tests' from command line to 'False'
[1.362s] DEBUG:colcon.colcon_core.verb:Building package 'msds_controller' with the following arguments: {'ament_cmake_args': None, 'build_base': '/home/eyiza/Desktop/msds_ws/build/msds_controller', 'catkin_cmake_args': None, 'catkin_skip_building_tests': False, 'cmake_args': None, 'cmake_clean_cache': False, 'cmake_clean_first': False, 'cmake_force_configure': False, 'cmake_target': None, 'cmake_target_skip_unavailable': False, 'install_base': '/home/eyiza/Desktop/msds_ws/install/msds_controller', 'merge_install': False, 'path': '/home/eyiza/Desktop/msds_ws/src/msds_controller', 'symlink_install': False, 'test_result_base': None}
[1.364s] Level 5:colcon.colcon_core.verb:set package 'msds_firmware' build argument 'cmake_args' from command line to 'None'
[1.364s] Level 5:colcon.colcon_core.verb:set package 'msds_firmware' build argument 'cmake_target' from command line to 'None'
[1.364s] Level 5:colcon.colcon_core.verb:set package 'msds_firmware' build argument 'cmake_target_skip_unavailable' from command line to 'False'
[1.365s] Level 5:colcon.colcon_core.verb:set package 'msds_firmware' build argument 'cmake_clean_cache' from command line to 'False'
[1.365s] Level 5:colcon.colcon_core.verb:set package 'msds_firmware' build argument 'cmake_clean_first' from command line to 'False'
[1.365s] Level 5:colcon.colcon_core.verb:set package 'msds_firmware' build argument 'cmake_force_configure' from command line to 'False'
[1.365s] Level 5:colcon.colcon_core.verb:set package 'msds_firmware' build argument 'ament_cmake_args' from command line to 'None'
[1.365s] Level 5:colcon.colcon_core.verb:set package 'msds_firmware' build argument 'catkin_cmake_args' from command line to 'None'
[1.366s] Level 5:colcon.colcon_core.verb:set package 'msds_firmware' build argument 'catkin_skip_building_tests' from command line to 'False'
[1.366s] DEBUG:colcon.colcon_core.verb:Building package 'msds_firmware' with the following arguments: {'ament_cmake_args': None, 'build_base': '/home/eyiza/Desktop/msds_ws/build/msds_firmware', 'catkin_cmake_args': None, 'catkin_skip_building_tests': False, 'cmake_args': None, 'cmake_clean_cache': False, 'cmake_clean_first': False, 'cmake_force_configure': False, 'cmake_target': None, 'cmake_target_skip_unavailable': False, 'install_base': '/home/eyiza/Desktop/msds_ws/install/msds_firmware', 'merge_install': False, 'path': '/home/eyiza/Desktop/msds_ws/src/msds_firmware', 'symlink_install': False, 'test_result_base': None}
[1.368s] Level 5:colcon.colcon_core.verb:set package 'msds_localization' build argument 'cmake_args' from command line to 'None'
[1.368s] Level 5:colcon.colcon_core.verb:set package 'msds_localization' build argument 'cmake_target' from command line to 'None'
[1.368s] Level 5:colcon.colcon_core.verb:set package 'msds_localization' build argument 'cmake_target_skip_unavailable' from command line to 'False'
[1.369s] Level 5:colcon.colcon_core.verb:set package 'msds_localization' build argument 'cmake_clean_cache' from command line to 'False'
[1.369s] Level 5:colcon.colcon_core.verb:set package 'msds_localization' build argument 'cmake_clean_first' from command line to 'False'
[1.369s] Level 5:colcon.colcon_core.verb:set package 'msds_localization' build argument 'cmake_force_configure' from command line to 'False'
[1.369s] Level 5:colcon.colcon_core.verb:set package 'msds_localization' build argument 'ament_cmake_args' from command line to 'None'
[1.370s] Level 5:colcon.colcon_core.verb:set package 'msds_localization' build argument 'catkin_cmake_args' from command line to 'None'
[1.370s] Level 5:colcon.colcon_core.verb:set package 'msds_localization' build argument 'catkin_skip_building_tests' from command line to 'False'
[1.370s] DEBUG:colcon.colcon_core.verb:Building package 'msds_localization' with the following arguments: {'ament_cmake_args': None, 'build_base': '/home/eyiza/Desktop/msds_ws/build/msds_localization', 'catkin_cmake_args': None, 'catkin_skip_building_tests': False, 'cmake_args': None, 'cmake_clean_cache': False, 'cmake_clean_first': False, 'cmake_force_configure': False, 'cmake_target': None, 'cmake_target_skip_unavailable': False, 'install_base': '/home/eyiza/Desktop/msds_ws/install/msds_localization', 'merge_install': False, 'path': '/home/eyiza/Desktop/msds_ws/src/msds_localization', 'symlink_install': False, 'test_result_base': None}
[1.371s] INFO:colcon.colcon_core.executor:Executing jobs using 'parallel' executor
[1.375s] DEBUG:colcon.colcon_parallel_executor.executor.parallel:run_until_complete
[1.376s] INFO:colcon.colcon_ros.task.ament_cmake.build:Building ROS package in '/home/eyiza/Desktop/msds_ws/src/msds_bringup' with build type 'ament_cmake'
[1.377s] INFO:colcon.colcon_cmake.task.cmake.build:Building CMake package in '/home/eyiza/Desktop/msds_ws/src/msds_bringup'
[1.391s] INFO:colcon.colcon_core.plugin_system:Skipping extension 'colcon_core.shell.bat': Not used on non-Windows systems
[1.392s] INFO:colcon.colcon_core.shell:Skip shell extension 'powershell' for command environment: Not usable outside of PowerShell
[1.392s] DEBUG:colcon.colcon_core.shell:Skip shell extension 'dsv' for command environment
[1.420s] INFO:colcon.colcon_ros.task.ament_cmake.build:Building ROS package in '/home/eyiza/Desktop/msds_ws/src/msds_controller' with build type 'ament_cmake'
[1.421s] INFO:colcon.colcon_cmake.task.cmake.build:Building CMake package in '/home/eyiza/Desktop/msds_ws/src/msds_controller'
[1.421s] INFO:colcon.colcon_core.shell:Skip shell extension 'powershell' for command environment: Not usable outside of PowerShell
[1.422s] DEBUG:colcon.colcon_core.shell:Skip shell extension 'dsv' for command environment
[1.455s] INFO:colcon.colcon_ros.task.ament_cmake.build:Building ROS package in '/home/eyiza/Desktop/msds_ws/src/msds_firmware' with build type 'ament_cmake'
[1.455s] INFO:colcon.colcon_cmake.task.cmake.build:Building CMake package in '/home/eyiza/Desktop/msds_ws/src/msds_firmware'
[1.457s] INFO:colcon.colcon_core.shell:Skip shell extension 'powershell' for command environment: Not usable outside of PowerShell
[1.457s] DEBUG:colcon.colcon_core.shell:Skip shell extension 'dsv' for command environment
[1.489s] INFO:colcon.colcon_ros.task.ament_cmake.build:Building ROS package in '/home/eyiza/Desktop/msds_ws/src/msds_localization' with build type 'ament_cmake'
[1.490s] INFO:colcon.colcon_cmake.task.cmake.build:Building CMake package in '/home/eyiza/Desktop/msds_ws/src/msds_localization'
[1.491s] INFO:colcon.colcon_core.shell:Skip shell extension 'powershell' for command environment: Not usable outside of PowerShell
[1.491s] DEBUG:colcon.colcon_core.shell:Skip shell extension 'dsv' for command environment
[1.537s] DEBUG:colcon.colcon_core.event_handler.log_command:Invoking command in '/home/eyiza/Desktop/msds_ws/build/msds_bringup': CMAKE_PREFIX_PATH=${CMAKE_PREFIX_PATH}:/home/eyiza/Desktop/SelfDriving/bumperbot_ws/install/bumperbot_py_examples:/home/eyiza/Desktop/ROS/ros_ws/install/turtlesim_py:/home/eyiza/Desktop/ROS/ros_ws/install/my_py_pkg:/opt/ros/jazzy DEBUGINFOD_URLS=https://debuginfod.ubuntu.com /usr/bin/cmake /home/eyiza/Desktop/msds_ws/src/msds_bringup -DCMAKE_INSTALL_PREFIX=/home/eyiza/Desktop/msds_ws/install/msds_bringup
[1.566s] DEBUG:colcon.colcon_core.event_handler.log_command:Invoking command in '/home/eyiza/Desktop/msds_ws/build/msds_controller': CMAKE_PREFIX_PATH=${CMAKE_PREFIX_PATH}:/home/eyiza/Desktop/SelfDriving/bumperbot_ws/install/bumperbot_py_examples:/home/eyiza/Desktop/ROS/ros_ws/install/turtlesim_py:/home/eyiza/Desktop/ROS/ros_ws/install/my_py_pkg:/opt/ros/jazzy DEBUGINFOD_URLS=https://debuginfod.ubuntu.com /usr/bin/cmake /home/eyiza/Desktop/msds_ws/src/msds_controller -DCMAKE_INSTALL_PREFIX=/home/eyiza/Desktop/msds_ws/install/msds_controller
[1.575s] DEBUG:colcon.colcon_core.event_handler.log_command:Invoking command in '/home/eyiza/Desktop/msds_ws/build/msds_firmware': CMAKE_PREFIX_PATH=${CMAKE_PREFIX_PATH}:/home/eyiza/Desktop/SelfDriving/bumperbot_ws/install/bumperbot_py_examples:/home/eyiza/Desktop/ROS/ros_ws/install/turtlesim_py:/home/eyiza/Desktop/ROS/ros_ws/install/my_py_pkg:/opt/ros/jazzy DEBUGINFOD_URLS=https://debuginfod.ubuntu.com /usr/bin/cmake /home/eyiza/Desktop/msds_ws/src/msds_firmware -DCMAKE_INSTALL_PREFIX=/home/eyiza/Desktop/msds_ws/install/msds_firmware
[1.599s] DEBUG:colcon.colcon_core.event_handler.log_command:Invoking command in '/home/eyiza/Desktop/msds_ws/build/msds_localization': CMAKE_PREFIX_PATH=${CMAKE_PREFIX_PATH}:/home/eyiza/Desktop/SelfDriving/bumperbot_ws/install/bumperbot_py_examples:/home/eyiza/Desktop/ROS/ros_ws/install/turtlesim_py:/home/eyiza/Desktop/ROS/ros_ws/install/my_py_pkg:/opt/ros/jazzy DEBUGINFOD_URLS=https://debuginfod.ubuntu.com /usr/bin/cmake /home/eyiza/Desktop/msds_ws/src/msds_localization -DCMAKE_INSTALL_PREFIX=/home/eyiza/Desktop/msds_ws/install/msds_localization
[10.518s] DEBUG:colcon.colcon_core.event_handler.log_command:Invoked command in '/home/eyiza/Desktop/msds_ws/build/msds_bringup' returned '0': CMAKE_PREFIX_PATH=${CMAKE_PREFIX_PATH}:/home/eyiza/Desktop/SelfDriving/bumperbot_ws/install/bumperbot_py_examples:/home/eyiza/Desktop/ROS/ros_ws/install/turtlesim_py:/home/eyiza/Desktop/ROS/ros_ws/install/my_py_pkg:/opt/ros/jazzy DEBUGINFOD_URLS=https://debuginfod.ubuntu.com /usr/bin/cmake /home/eyiza/Desktop/msds_ws/src/msds_bringup -DCMAKE_INSTALL_PREFIX=/home/eyiza/Desktop/msds_ws/install/msds_bringup
[10.525s] DEBUG:colcon.colcon_core.event_handler.log_command:Invoking command in '/home/eyiza/Desktop/msds_ws/build/msds_bringup': CMAKE_PREFIX_PATH=${CMAKE_PREFIX_PATH}:/home/eyiza/Desktop/SelfDriving/bumperbot_ws/install/bumperbot_py_examples:/home/eyiza/Desktop/ROS/ros_ws/install/turtlesim_py:/home/eyiza/Desktop/ROS/ros_ws/install/my_py_pkg:/opt/ros/jazzy DEBUGINFOD_URLS=https://debuginfod.ubuntu.com /usr/bin/cmake --build /home/eyiza/Desktop/msds_ws/build/msds_bringup -- -j8 -l8
[10.735s] DEBUG:colcon.colcon_core.event_handler.log_command:Invoked command in '/home/eyiza/Desktop/msds_ws/build/msds_bringup' returned '0': CMAKE_PREFIX_PATH=${CMAKE_PREFIX_PATH}:/home/eyiza/Desktop/SelfDriving/bumperbot_ws/install/bumperbot_py_examples:/home/eyiza/Desktop/ROS/ros_ws/install/turtlesim_py:/home/eyiza/Desktop/ROS/ros_ws/install/my_py_pkg:/opt/ros/jazzy DEBUGINFOD_URLS=https://debuginfod.ubuntu.com /usr/bin/cmake --build /home/eyiza/Desktop/msds_ws/build/msds_bringup -- -j8 -l8
[10.797s] DEBUG:colcon.colcon_core.event_handler.log_command:Invoking command in '/home/eyiza/Desktop/msds_ws/build/msds_bringup': CMAKE_PREFIX_PATH=${CMAKE_PREFIX_PATH}:/home/eyiza/Desktop/SelfDriving/bumperbot_ws/install/bumperbot_py_examples:/home/eyiza/Desktop/ROS/ros_ws/install/turtlesim_py:/home/eyiza/Desktop/ROS/ros_ws/install/my_py_pkg:/opt/ros/jazzy DEBUGINFOD_URLS=https://debuginfod.ubuntu.com /usr/bin/cmake --install /home/eyiza/Desktop/msds_ws/build/msds_bringup
[10.878s] Level 1:colcon.colcon_core.environment:create_environment_scripts_only(msds_bringup)
[10.879s] DEBUG:colcon.colcon_core.event_handler.log_command:Invoked command in '/home/eyiza/Desktop/msds_ws/build/msds_bringup' returned '0': CMAKE_PREFIX_PATH=${CMAKE_PREFIX_PATH}:/home/eyiza/Desktop/SelfDriving/bumperbot_ws/install/bumperbot_py_examples:/home/eyiza/Desktop/ROS/ros_ws/install/turtlesim_py:/home/eyiza/Desktop/ROS/ros_ws/install/my_py_pkg:/opt/ros/jazzy DEBUGINFOD_URLS=https://debuginfod.ubuntu.com /usr/bin/cmake --install /home/eyiza/Desktop/msds_ws/build/msds_bringup
[10.893s] Level 1:colcon.colcon_core.environment:checking '/home/eyiza/Desktop/msds_ws/install/msds_bringup' for CMake module files
[10.896s] Level 1:colcon.colcon_core.environment:checking '/home/eyiza/Desktop/msds_ws/install/msds_bringup' for CMake config files
[10.896s] Level 1:colcon.colcon_core.shell:create_environment_hook('msds_bringup', 'cmake_prefix_path')
[10.897s] INFO:colcon.colcon_core.shell:Creating environment hook '/home/eyiza/Desktop/msds_ws/install/msds_bringup/share/msds_bringup/hook/cmake_prefix_path.ps1'
[10.900s] INFO:colcon.colcon_core.shell:Creating environment descriptor '/home/eyiza/Desktop/msds_ws/install/msds_bringup/share/msds_bringup/hook/cmake_prefix_path.dsv'
[10.901s] INFO:colcon.colcon_core.shell:Creating environment hook '/home/eyiza/Desktop/msds_ws/install/msds_bringup/share/msds_bringup/hook/cmake_prefix_path.sh'
[10.904s] Level 1:colcon.colcon_core.environment:checking '/home/eyiza/Desktop/msds_ws/install/msds_bringup/bin'
[10.905s] Level 1:colcon.colcon_core.environment:checking '/home/eyiza/Desktop/msds_ws/install/msds_bringup/lib/pkgconfig/msds_bringup.pc'
[10.906s] Level 1:colcon.colcon_core.environment:checking '/home/eyiza/Desktop/msds_ws/install/msds_bringup/lib/python3.12/site-packages'
[10.907s] Level 1:colcon.colcon_core.environment:checking '/home/eyiza/Desktop/msds_ws/install/msds_bringup/bin'
[10.908s] INFO:colcon.colcon_core.shell:Creating package script '/home/eyiza/Desktop/msds_ws/install/msds_bringup/share/msds_bringup/package.ps1'
[10.911s] INFO:colcon.colcon_core.shell:Creating package descriptor '/home/eyiza/Desktop/msds_ws/install/msds_bringup/share/msds_bringup/package.dsv'
[10.914s] INFO:colcon.colcon_core.shell:Creating package script '/home/eyiza/Desktop/msds_ws/install/msds_bringup/share/msds_bringup/package.sh'
[10.916s] INFO:colcon.colcon_core.shell:Creating package script '/home/eyiza/Desktop/msds_ws/install/msds_bringup/share/msds_bringup/package.bash'
[10.919s] INFO:colcon.colcon_core.shell:Creating package script '/home/eyiza/Desktop/msds_ws/install/msds_bringup/share/msds_bringup/package.zsh'
[10.922s] Level 1:colcon.colcon_core.environment:create_file_with_runtime_dependencies(/home/eyiza/Desktop/msds_ws/install/msds_bringup/share/colcon-core/packages/msds_bringup)
[10.925s] Level 1:colcon.colcon_core.environment:create_environment_scripts_only(msds_bringup)
[10.926s] Level 1:colcon.colcon_core.environment:checking '/home/eyiza/Desktop/msds_ws/install/msds_bringup' for CMake module files
[10.928s] Level 1:colcon.colcon_core.environment:checking '/home/eyiza/Desktop/msds_ws/install/msds_bringup' for CMake config files
[10.929s] Level 1:colcon.colcon_core.shell:create_environment_hook('msds_bringup', 'cmake_prefix_path')
[10.930s] INFO:colcon.colcon_core.shell:Creating environment hook '/home/eyiza/Desktop/msds_ws/install/msds_bringup/share/msds_bringup/hook/cmake_prefix_path.ps1'
[10.932s] INFO:colcon.colcon_core.shell:Creating environment descriptor '/home/eyiza/Desktop/msds_ws/install/msds_bringup/share/msds_bringup/hook/cmake_prefix_path.dsv'
[10.934s] INFO:colcon.colcon_core.shell:Creating environment hook '/home/eyiza/Desktop/msds_ws/install/msds_bringup/share/msds_bringup/hook/cmake_prefix_path.sh'
[10.937s] Level 1:colcon.colcon_core.environment:checking '/home/eyiza/Desktop/msds_ws/install/msds_bringup/bin'
[10.937s] Level 1:colcon.colcon_core.environment:checking '/home/eyiza/Desktop/msds_ws/install/msds_bringup/lib/pkgconfig/msds_bringup.pc'
[10.939s] Level 1:colcon.colcon_core.environment:checking '/home/eyiza/Desktop/msds_ws/install/msds_bringup/lib/python3.12/site-packages'
[10.941s] Level 1:colcon.colcon_core.environment:checking '/home/eyiza/Desktop/msds_ws/install/msds_bringup/bin'
[10.942s] INFO:colcon.colcon_core.shell:Creating package script '/home/eyiza/Desktop/msds_ws/install/msds_bringup/share/msds_bringup/package.ps1'
[10.944s] INFO:colcon.colcon_core.shell:Creating package descriptor '/home/eyiza/Desktop/msds_ws/install/msds_bringup/share/msds_bringup/package.dsv'
[10.948s] INFO:colcon.colcon_core.shell:Creating package script '/home/eyiza/Desktop/msds_ws/install/msds_bringup/share/msds_bringup/package.sh'
[10.950s] INFO:colcon.colcon_core.shell:Creating package script '/home/eyiza/Desktop/msds_ws/install/msds_bringup/share/msds_bringup/package.bash'
[10.954s] INFO:colcon.colcon_core.shell:Creating package script '/home/eyiza/Desktop/msds_ws/install/msds_bringup/share/msds_bringup/package.zsh'
[10.957s] Level 1:colcon.colcon_core.environment:create_file_with_runtime_dependencies(/home/eyiza/Desktop/msds_ws/install/msds_bringup/share/colcon-core/packages/msds_bringup)
[16.110s] DEBUG:colcon.colcon_core.event_handler.log_command:Invoked command in '/home/eyiza/Desktop/msds_ws/build/msds_localization' returned '0': CMAKE_PREFIX_PATH=${CMAKE_PREFIX_PATH}:/home/eyiza/Desktop/SelfDriving/bumperbot_ws/install/bumperbot_py_examples:/home/eyiza/Desktop/ROS/ros_ws/install/turtlesim_py:/home/eyiza/Desktop/ROS/ros_ws/install/my_py_pkg:/opt/ros/jazzy DEBUGINFOD_URLS=https://debuginfod.ubuntu.com /usr/bin/cmake /home/eyiza/Desktop/msds_ws/src/msds_localization -DCMAKE_INSTALL_PREFIX=/home/eyiza/Desktop/msds_ws/install/msds_localization
[16.115s] DEBUG:colcon.colcon_core.event_handler.log_command:Invoking command in '/home/eyiza/Desktop/msds_ws/build/msds_localization': CMAKE_PREFIX_PATH=${CMAKE_PREFIX_PATH}:/home/eyiza/Desktop/SelfDriving/bumperbot_ws/install/bumperbot_py_examples:/home/eyiza/Desktop/ROS/ros_ws/install/turtlesim_py:/home/eyiza/Desktop/ROS/ros_ws/install/my_py_pkg:/opt/ros/jazzy DEBUGINFOD_URLS=https://debuginfod.ubuntu.com /usr/bin/cmake --build /home/eyiza/Desktop/msds_ws/build/msds_localization -- -j8 -l8
[17.275s] DEBUG:colcon.colcon_core.event_handler.log_command:Invoked command in '/home/eyiza/Desktop/msds_ws/build/msds_controller' returned '0': CMAKE_PREFIX_PATH=${CMAKE_PREFIX_PATH}:/home/eyiza/Desktop/SelfDriving/bumperbot_ws/install/bumperbot_py_examples:/home/eyiza/Desktop/ROS/ros_ws/install/turtlesim_py:/home/eyiza/Desktop/ROS/ros_ws/install/my_py_pkg:/opt/ros/jazzy DEBUGINFOD_URLS=https://debuginfod.ubuntu.com /usr/bin/cmake /home/eyiza/Desktop/msds_ws/src/msds_controller -DCMAKE_INSTALL_PREFIX=/home/eyiza/Desktop/msds_ws/install/msds_controller
[17.281s] DEBUG:colcon.colcon_core.event_handler.log_command:Invoking command in '/home/eyiza/Desktop/msds_ws/build/msds_controller': CMAKE_PREFIX_PATH=${CMAKE_PREFIX_PATH}:/home/eyiza/Desktop/SelfDriving/bumperbot_ws/install/bumperbot_py_examples:/home/eyiza/Desktop/ROS/ros_ws/install/turtlesim_py:/home/eyiza/Desktop/ROS/ros_ws/install/my_py_pkg:/opt/ros/jazzy DEBUGINFOD_URLS=https://debuginfod.ubuntu.com /usr/bin/cmake --build /home/eyiza/Desktop/msds_ws/build/msds_controller -- -j8 -l8
[18.668s] DEBUG:colcon.colcon_core.event_handler.log_command:Invoked command in '/home/eyiza/Desktop/msds_ws/build/msds_localization' returned '0': CMAKE_PREFIX_PATH=${CMAKE_PREFIX_PATH}:/home/eyiza/Desktop/SelfDriving/bumperbot_ws/install/bumperbot_py_examples:/home/eyiza/Desktop/ROS/ros_ws/install/turtlesim_py:/home/eyiza/Desktop/ROS/ros_ws/install/my_py_pkg:/opt/ros/jazzy DEBUGINFOD_URLS=https://debuginfod.ubuntu.com /usr/bin/cmake --build /home/eyiza/Desktop/msds_ws/build/msds_localization -- -j8 -l8
[18.674s] DEBUG:colcon.colcon_core.event_handler.log_command:Invoking command in '/home/eyiza/Desktop/msds_ws/build/msds_localization': CMAKE_PREFIX_PATH=${CMAKE_PREFIX_PATH}:/home/eyiza/Desktop/SelfDriving/bumperbot_ws/install/bumperbot_py_examples:/home/eyiza/Desktop/ROS/ros_ws/install/turtlesim_py:/home/eyiza/Desktop/ROS/ros_ws/install/my_py_pkg:/opt/ros/jazzy DEBUGINFOD_URLS=https://debuginfod.ubuntu.com /usr/bin/cmake --install /home/eyiza/Desktop/msds_ws/build/msds_localization
[18.763s] DEBUG:colcon.colcon_core.event_handler.log_command:Invoked command in '/home/eyiza/Desktop/msds_ws/build/msds_firmware' returned '1': CMAKE_PREFIX_PATH=${CMAKE_PREFIX_PATH}:/home/eyiza/Desktop/SelfDriving/bumperbot_ws/install/bumperbot_py_examples:/home/eyiza/Desktop/ROS/ros_ws/install/turtlesim_py:/home/eyiza/Desktop/ROS/ros_ws/install/my_py_pkg:/opt/ros/jazzy DEBUGINFOD_URLS=https://debuginfod.ubuntu.com /usr/bin/cmake /home/eyiza/Desktop/msds_ws/src/msds_firmware -DCMAKE_INSTALL_PREFIX=/home/eyiza/Desktop/msds_ws/install/msds_firmware
[18.851s] Level 1:colcon.colcon_core.environment:create_environment_scripts_only(msds_firmware)
[18.852s] Level 1:colcon.colcon_core.environment:checking '/home/eyiza/Desktop/msds_ws/install/msds_firmware' for CMake module files
[18.855s] Level 1:colcon.colcon_core.environment:checking '/home/eyiza/Desktop/msds_ws/install/msds_firmware' for CMake config files
[18.857s] Level 1:colcon.colcon_core.environment:checking '/home/eyiza/Desktop/msds_ws/install/msds_firmware/bin'
[18.857s] Level 1:colcon.colcon_core.environment:checking '/home/eyiza/Desktop/msds_ws/install/msds_firmware/lib/pkgconfig/msds_firmware.pc'
[18.859s] Level 1:colcon.colcon_core.environment:checking '/home/eyiza/Desktop/msds_ws/install/msds_firmware/lib/python3.12/site-packages'
[18.861s] Level 1:colcon.colcon_core.environment:checking '/home/eyiza/Desktop/msds_ws/install/msds_firmware/bin'
[18.862s] INFO:colcon.colcon_core.shell:Creating package script '/home/eyiza/Desktop/msds_ws/install/msds_firmware/share/msds_firmware/package.ps1'
[18.864s] INFO:colcon.colcon_core.shell:Creating package descriptor '/home/eyiza/Desktop/msds_ws/install/msds_firmware/share/msds_firmware/package.dsv'
[18.867s] INFO:colcon.colcon_core.shell:Creating package script '/home/eyiza/Desktop/msds_ws/install/msds_firmware/share/msds_firmware/package.sh'
[18.869s] INFO:colcon.colcon_core.shell:Creating package script '/home/eyiza/Desktop/msds_ws/install/msds_firmware/share/msds_firmware/package.bash'
[18.871s] INFO:colcon.colcon_core.shell:Creating package script '/home/eyiza/Desktop/msds_ws/install/msds_firmware/share/msds_firmware/package.zsh'
[18.873s] Level 1:colcon.colcon_core.environment:create_file_with_runtime_dependencies(/home/eyiza/Desktop/msds_ws/install/msds_firmware/share/colcon-core/packages/msds_firmware)
[20.066s] DEBUG:colcon.colcon_parallel_executor.executor.parallel:closing loop
[20.066s] DEBUG:colcon.colcon_parallel_executor.executor.parallel:loop closed
[20.066s] DEBUG:colcon.colcon_parallel_executor.executor.parallel:run_until_complete finished with '1'
[20.067s] DEBUG:colcon.colcon_core.event_reactor:joining thread
[20.090s] INFO:colcon.colcon_core.plugin_system:Skipping extension 'colcon_notification.desktop_notification.terminal_notifier': Not used on non-Darwin systems
[20.090s] INFO:colcon.colcon_core.plugin_system:Skipping extension 'colcon_notification.desktop_notification.win32': Not used on non-Windows systems
[20.091s] INFO:colcon.colcon_notification.desktop_notification:Sending desktop notification using 'notify2'
[20.152s] DEBUG:colcon.colcon_core.event_reactor:joined thread
[20.153s] INFO:colcon.colcon_core.shell:Creating prefix script '/home/eyiza/Desktop/msds_ws/install/local_setup.ps1'
[20.159s] INFO:colcon.colcon_core.shell:Creating prefix util module '/home/eyiza/Desktop/msds_ws/install/_local_setup_util_ps1.py'
[20.169s] INFO:colcon.colcon_core.shell:Creating prefix chain script '/home/eyiza/Desktop/msds_ws/install/setup.ps1'
[20.182s] INFO:colcon.colcon_core.shell:Creating prefix script '/home/eyiza/Desktop/msds_ws/install/local_setup.sh'
[20.185s] INFO:colcon.colcon_core.shell:Creating prefix util module '/home/eyiza/Desktop/msds_ws/install/_local_setup_util_sh.py'
[20.187s] INFO:colcon.colcon_core.shell:Creating prefix chain script '/home/eyiza/Desktop/msds_ws/install/setup.sh'
[20.200s] INFO:colcon.colcon_core.shell:Creating prefix script '/home/eyiza/Desktop/msds_ws/install/local_setup.bash'
[20.203s] INFO:colcon.colcon_core.shell:Creating prefix chain script '/home/eyiza/Desktop/msds_ws/install/setup.bash'
[20.213s] INFO:colcon.colcon_core.shell:Creating prefix script '/home/eyiza/Desktop/msds_ws/install/local_setup.zsh'
[20.215s] INFO:colcon.colcon_core.shell:Creating prefix chain script '/home/eyiza/Desktop/msds_ws/install/setup.zsh'
