[18.576s] DEBUG:colcon:Command line arguments: ['/usr/bin/colcon', 'build']
[18.577s] DEBUG:colcon:Parsed command line arguments: Namespace(log_base=None, log_level=None, verb_name='build', build_base='build', install_base='install', merge_install=False, symlink_install=False, test_result_base=None, continue_on_error=False, executor='parallel', parallel_workers=8, event_handlers=None, ignore_user_meta=False, metas=['./colcon.meta'], base_paths=['.'], packages_ignore=None, packages_ignore_regex=None, paths=None, packages_up_to=None, packages_up_to_regex=None, packages_above=None, packages_above_and_dependencies=None, packages_above_depth=None, packages_select_by_dep=None, packages_skip_by_dep=None, packages_skip_up_to=None, packages_select_build_failed=False, packages_skip_build_finished=False, packages_select_test_failures=False, packages_skip_test_passed=False, packages_select=None, packages_skip=None, packages_select_regex=None, packages_skip_regex=None, packages_start=None, packages_end=None, allow_overriding=[], cmake_args=None, cmake_target=None, cmake_target_skip_unavailable=False, cmake_clean_cache=False, cmake_clean_first=False, cmake_force_configure=False, ament_cmake_args=None, catkin_cmake_args=None, catkin_skip_building_tests=False, mixin_files=None, mixin=None, verb_parser=<colcon_mixin.mixin.mixin_argument.MixinArgumentDecorator object at 0x7db75c623ec0>, verb_extension=<colcon_core.verb.build.BuildVerb object at 0x7db75c623bf0>, main=<bound method BuildVerb.main of <colcon_core.verb.build.BuildVerb object at 0x7db75c623bf0>>, mixin_verb=('build',))
[19.893s] Level 1:colcon.colcon_core.package_discovery:discover_packages(colcon_meta) check parameters
[19.894s] Level 1:colcon.colcon_core.package_discovery:discover_packages(recursive) check parameters
[19.894s] Level 1:colcon.colcon_core.package_discovery:discover_packages(ignore) check parameters
[19.894s] Level 1:colcon.colcon_core.package_discovery:discover_packages(path) check parameters
[19.895s] Level 1:colcon.colcon_core.package_discovery:discover_packages(colcon_meta) discover
[19.895s] Level 1:colcon.colcon_core.package_discovery:discover_packages(recursive) discover
[19.895s] INFO:colcon.colcon_core.package_discovery:Crawling recursively for packages in '/home/eyiza/Desktop/msds_ws'
[19.896s] Level 1:colcon.colcon_core.package_identification:_identify(.) by extensions ['ignore', 'ignore_ament_install']
[19.896s] Level 1:colcon.colcon_core.package_identification:_identify(.) by extension 'ignore'
[19.897s] Level 1:colcon.colcon_core.package_identification:_identify(.) by extension 'ignore_ament_install'
[19.897s] Level 1:colcon.colcon_core.package_identification:_identify(.) by extensions ['colcon_pkg']
[19.897s] Level 1:colcon.colcon_core.package_identification:_identify(.) by extension 'colcon_pkg'
[19.898s] Level 1:colcon.colcon_core.package_identification:_identify(.) by extensions ['colcon_meta']
[19.898s] Level 1:colcon.colcon_core.package_identification:_identify(.) by extension 'colcon_meta'
[19.898s] Level 1:colcon.colcon_core.package_identification:_identify(.) by extensions ['ros']
[19.898s] Level 1:colcon.colcon_core.package_identification:_identify(.) by extension 'ros'
[20.578s] Level 1:colcon.colcon_core.package_identification:_identify(.) by extensions ['cmake', 'python']
[20.578s] Level 1:colcon.colcon_core.package_identification:_identify(.) by extension 'cmake'
[20.578s] Level 1:colcon.colcon_core.package_identification:_identify(.) by extension 'python'
[20.579s] Level 1:colcon.colcon_core.package_identification:_identify(.) by extensions ['python_setup_py']
[20.579s] Level 1:colcon.colcon_core.package_identification:_identify(.) by extension 'python_setup_py'
[20.579s] Level 1:colcon.colcon_core.package_identification:_identify(build) by extensions ['ignore', 'ignore_ament_install']
[20.579s] Level 1:colcon.colcon_core.package_identification:_identify(build) by extension 'ignore'
[20.580s] Level 1:colcon.colcon_core.package_identification:_identify(build) ignored
[20.580s] Level 1:colcon.colcon_core.package_identification:_identify(install) by extensions ['ignore', 'ignore_ament_install']
[20.581s] Level 1:colcon.colcon_core.package_identification:_identify(install) by extension 'ignore'
[20.581s] Level 1:colcon.colcon_core.package_identification:_identify(install) ignored
[20.581s] Level 1:colcon.colcon_core.package_identification:_identify(log) by extensions ['ignore', 'ignore_ament_install']
[20.582s] Level 1:colcon.colcon_core.package_identification:_identify(log) by extension 'ignore'
[20.582s] Level 1:colcon.colcon_core.package_identification:_identify(log) ignored
[20.582s] Level 1:colcon.colcon_core.package_identification:_identify(src) by extensions ['ignore', 'ignore_ament_install']
[20.582s] Level 1:colcon.colcon_core.package_identification:_identify(src) by extension 'ignore'
[20.582s] Level 1:colcon.colcon_core.package_identification:_identify(src) by extension 'ignore_ament_install'
[20.583s] Level 1:colcon.colcon_core.package_identification:_identify(src) by extensions ['colcon_pkg']
[20.583s] Level 1:colcon.colcon_core.package_identification:_identify(src) by extension 'colcon_pkg'
[20.583s] Level 1:colcon.colcon_core.package_identification:_identify(src) by extensions ['colcon_meta']
[20.583s] Level 1:colcon.colcon_core.package_identification:_identify(src) by extension 'colcon_meta'
[20.583s] Level 1:colcon.colcon_core.package_identification:_identify(src) by extensions ['ros']
[20.583s] Level 1:colcon.colcon_core.package_identification:_identify(src) by extension 'ros'
[20.584s] Level 1:colcon.colcon_core.package_identification:_identify(src) by extensions ['cmake', 'python']
[20.584s] Level 1:colcon.colcon_core.package_identification:_identify(src) by extension 'cmake'
[20.584s] Level 1:colcon.colcon_core.package_identification:_identify(src) by extension 'python'
[20.584s] Level 1:colcon.colcon_core.package_identification:_identify(src) by extensions ['python_setup_py']
[20.584s] Level 1:colcon.colcon_core.package_identification:_identify(src) by extension 'python_setup_py'
[20.584s] Level 1:colcon.colcon_core.package_identification:_identify(src/msds_bringup) by extensions ['ignore', 'ignore_ament_install']
[20.585s] Level 1:colcon.colcon_core.package_identification:_identify(src/msds_bringup) by extension 'ignore'
[20.585s] Level 1:colcon.colcon_core.package_identification:_identify(src/msds_bringup) by extension 'ignore_ament_install'
[20.585s] Level 1:colcon.colcon_core.package_identification:_identify(src/msds_bringup) by extensions ['colcon_pkg']
[20.585s] Level 1:colcon.colcon_core.package_identification:_identify(src/msds_bringup) by extension 'colcon_pkg'
[20.585s] Level 1:colcon.colcon_core.package_identification:_identify(src/msds_bringup) by extensions ['colcon_meta']
[20.585s] Level 1:colcon.colcon_core.package_identification:_identify(src/msds_bringup) by extension 'colcon_meta'
[20.586s] Level 1:colcon.colcon_core.package_identification:_identify(src/msds_bringup) by extensions ['ros']
[20.586s] Level 1:colcon.colcon_core.package_identification:_identify(src/msds_bringup) by extension 'ros'
[20.830s] DEBUG:colcon.colcon_core.package_identification:Package 'src/msds_bringup' with type 'ros.ament_cmake' and name 'msds_bringup'
[20.831s] Level 1:colcon.colcon_core.package_identification:_identify(src/msds_controller) by extensions ['ignore', 'ignore_ament_install']
[20.831s] Level 1:colcon.colcon_core.package_identification:_identify(src/msds_controller) by extension 'ignore'
[20.832s] Level 1:colcon.colcon_core.package_identification:_identify(src/msds_controller) by extension 'ignore_ament_install'
[20.832s] Level 1:colcon.colcon_core.package_identification:_identify(src/msds_controller) by extensions ['colcon_pkg']
[20.832s] Level 1:colcon.colcon_core.package_identification:_identify(src/msds_controller) by extension 'colcon_pkg'
[20.832s] Level 1:colcon.colcon_core.package_identification:_identify(src/msds_controller) by extensions ['colcon_meta']
[20.833s] Level 1:colcon.colcon_core.package_identification:_identify(src/msds_controller) by extension 'colcon_meta'
[20.833s] Level 1:colcon.colcon_core.package_identification:_identify(src/msds_controller) by extensions ['ros']
[20.833s] Level 1:colcon.colcon_core.package_identification:_identify(src/msds_controller) by extension 'ros'
[20.834s] DEBUG:colcon.colcon_core.package_identification:Package 'src/msds_controller' with type 'ros.ament_cmake' and name 'msds_controller'
[20.835s] Level 1:colcon.colcon_core.package_identification:_identify(src/msds_firmware) by extensions ['ignore', 'ignore_ament_install']
[20.835s] Level 1:colcon.colcon_core.package_identification:_identify(src/msds_firmware) by extension 'ignore'
[20.835s] Level 1:colcon.colcon_core.package_identification:_identify(src/msds_firmware) by extension 'ignore_ament_install'
[20.836s] Level 1:colcon.colcon_core.package_identification:_identify(src/msds_firmware) by extensions ['colcon_pkg']
[20.836s] Level 1:colcon.colcon_core.package_identification:_identify(src/msds_firmware) by extension 'colcon_pkg'
[20.836s] Level 1:colcon.colcon_core.package_identification:_identify(src/msds_firmware) by extensions ['colcon_meta']
[20.836s] Level 1:colcon.colcon_core.package_identification:_identify(src/msds_firmware) by extension 'colcon_meta'
[20.836s] Level 1:colcon.colcon_core.package_identification:_identify(src/msds_firmware) by extensions ['ros']
[20.836s] Level 1:colcon.colcon_core.package_identification:_identify(src/msds_firmware) by extension 'ros'
[20.839s] DEBUG:colcon.colcon_core.package_identification:Package 'src/msds_firmware' with type 'ros.ament_cmake' and name 'msds_firmware'
[20.839s] Level 1:colcon.colcon_core.package_identification:_identify(src/msds_localization) by extensions ['ignore', 'ignore_ament_install']
[20.839s] Level 1:colcon.colcon_core.package_identification:_identify(src/msds_localization) by extension 'ignore'
[20.840s] Level 1:colcon.colcon_core.package_identification:_identify(src/msds_localization) by extension 'ignore_ament_install'
[20.840s] Level 1:colcon.colcon_core.package_identification:_identify(src/msds_localization) by extensions ['colcon_pkg']
[20.840s] Level 1:colcon.colcon_core.package_identification:_identify(src/msds_localization) by extension 'colcon_pkg'
[20.840s] Level 1:colcon.colcon_core.package_identification:_identify(src/msds_localization) by extensions ['colcon_meta']
[20.840s] Level 1:colcon.colcon_core.package_identification:_identify(src/msds_localization) by extension 'colcon_meta'
[20.840s] Level 1:colcon.colcon_core.package_identification:_identify(src/msds_localization) by extensions ['ros']
[20.841s] Level 1:colcon.colcon_core.package_identification:_identify(src/msds_localization) by extension 'ros'
[20.847s] DEBUG:colcon.colcon_core.package_identification:Package 'src/msds_localization' with type 'ros.ament_cmake' and name 'msds_localization'
[20.847s] Level 1:colcon.colcon_core.package_discovery:discover_packages(recursive) using defaults
[20.847s] Level 1:colcon.colcon_core.package_discovery:discover_packages(ignore) discover
[20.847s] Level 1:colcon.colcon_core.package_discovery:discover_packages(ignore) using defaults
[20.847s] Level 1:colcon.colcon_core.package_discovery:discover_packages(path) discover
[20.847s] Level 1:colcon.colcon_core.package_discovery:discover_packages(path) using defaults
[21.615s] Level 1:colcon.colcon_core.package_discovery:discover_packages(prefix_path) check parameters
[21.615s] Level 1:colcon.colcon_core.package_discovery:discover_packages(prefix_path) discover
[24.439s] DEBUG:colcon.colcon_installed_package_information.package_discovery:Found 8 installed packages in /home/eyiza/Desktop/SelfDriving/bumperbot_ws/install
[24.568s] DEBUG:colcon.colcon_installed_package_information.package_discovery:Found 2 installed packages in /home/eyiza/Desktop/ROS/urdf_ws/install
[24.611s] DEBUG:colcon.colcon_installed_package_information.package_discovery:Found 5 installed packages in /home/eyiza/Desktop/ROS/ros_ws/install
[24.618s] DEBUG:colcon.colcon_installed_package_information.package_discovery:Found 386 installed packages in /opt/ros/jazzy
[24.621s] Level 1:colcon.colcon_core.package_discovery:discover_packages(prefix_path) using defaults
[26.031s] Level 5:colcon.colcon_core.verb:set package 'msds_bringup' build argument 'cmake_args' from command line to 'None'
[26.032s] Level 5:colcon.colcon_core.verb:set package 'msds_bringup' build argument 'cmake_target' from command line to 'None'
[26.032s] Level 5:colcon.colcon_core.verb:set package 'msds_bringup' build argument 'cmake_target_skip_unavailable' from command line to 'False'
[26.032s] Level 5:colcon.colcon_core.verb:set package 'msds_bringup' build argument 'cmake_clean_cache' from command line to 'False'
[26.032s] Level 5:colcon.colcon_core.verb:set package 'msds_bringup' build argument 'cmake_clean_first' from command line to 'False'
[26.032s] Level 5:colcon.colcon_core.verb:set package 'msds_bringup' build argument 'cmake_force_configure' from command line to 'False'
[26.032s] Level 5:colcon.colcon_core.verb:set package 'msds_bringup' build argument 'ament_cmake_args' from command line to 'None'
[26.033s] Level 5:colcon.colcon_core.verb:set package 'msds_bringup' build argument 'catkin_cmake_args' from command line to 'None'
[26.033s] Level 5:colcon.colcon_core.verb:set package 'msds_bringup' build argument 'catkin_skip_building_tests' from command line to 'False'
[26.033s] DEBUG:colcon.colcon_core.verb:Building package 'msds_bringup' with the following arguments: {'ament_cmake_args': None, 'build_base': '/home/eyiza/Desktop/msds_ws/build/msds_bringup', 'catkin_cmake_args': None, 'catkin_skip_building_tests': False, 'cmake_args': None, 'cmake_clean_cache': False, 'cmake_clean_first': False, 'cmake_force_configure': False, 'cmake_target': None, 'cmake_target_skip_unavailable': False, 'install_base': '/home/eyiza/Desktop/msds_ws/install/msds_bringup', 'merge_install': False, 'path': '/home/eyiza/Desktop/msds_ws/src/msds_bringup', 'symlink_install': False, 'test_result_base': None}
[26.035s] Level 5:colcon.colcon_core.verb:set package 'msds_controller' build argument 'cmake_args' from command line to 'None'
[26.035s] Level 5:colcon.colcon_core.verb:set package 'msds_controller' build argument 'cmake_target' from command line to 'None'
[26.035s] Level 5:colcon.colcon_core.verb:set package 'msds_controller' build argument 'cmake_target_skip_unavailable' from command line to 'False'
[26.035s] Level 5:colcon.colcon_core.verb:set package 'msds_controller' build argument 'cmake_clean_cache' from command line to 'False'
[26.035s] Level 5:colcon.colcon_core.verb:set package 'msds_controller' build argument 'cmake_clean_first' from command line to 'False'
[26.035s] Level 5:colcon.colcon_core.verb:set package 'msds_controller' build argument 'cmake_force_configure' from command line to 'False'
[26.035s] Level 5:colcon.colcon_core.verb:set package 'msds_controller' build argument 'ament_cmake_args' from command line to 'None'
[26.036s] Level 5:colcon.colcon_core.verb:set package 'msds_controller' build argument 'catkin_cmake_args' from command line to 'None'
[26.036s] Level 5:colcon.colcon_core.verb:set package 'msds_controller' build argument 'catkin_skip_building_tests' from command line to 'False'
[26.036s] DEBUG:colcon.colcon_core.verb:Building package 'msds_controller' with the following arguments: {'ament_cmake_args': None, 'build_base': '/home/eyiza/Desktop/msds_ws/build/msds_controller', 'catkin_cmake_args': None, 'catkin_skip_building_tests': False, 'cmake_args': None, 'cmake_clean_cache': False, 'cmake_clean_first': False, 'cmake_force_configure': False, 'cmake_target': None, 'cmake_target_skip_unavailable': False, 'install_base': '/home/eyiza/Desktop/msds_ws/install/msds_controller', 'merge_install': False, 'path': '/home/eyiza/Desktop/msds_ws/src/msds_controller', 'symlink_install': False, 'test_result_base': None}
[26.037s] Level 5:colcon.colcon_core.verb:set package 'msds_firmware' build argument 'cmake_args' from command line to 'None'
[26.037s] Level 5:colcon.colcon_core.verb:set package 'msds_firmware' build argument 'cmake_target' from command line to 'None'
[26.038s] Level 5:colcon.colcon_core.verb:set package 'msds_firmware' build argument 'cmake_target_skip_unavailable' from command line to 'False'
[26.038s] Level 5:colcon.colcon_core.verb:set package 'msds_firmware' build argument 'cmake_clean_cache' from command line to 'False'
[26.038s] Level 5:colcon.colcon_core.verb:set package 'msds_firmware' build argument 'cmake_clean_first' from command line to 'False'
[26.038s] Level 5:colcon.colcon_core.verb:set package 'msds_firmware' build argument 'cmake_force_configure' from command line to 'False'
[26.038s] Level 5:colcon.colcon_core.verb:set package 'msds_firmware' build argument 'ament_cmake_args' from command line to 'None'
[26.038s] Level 5:colcon.colcon_core.verb:set package 'msds_firmware' build argument 'catkin_cmake_args' from command line to 'None'
[26.038s] Level 5:colcon.colcon_core.verb:set package 'msds_firmware' build argument 'catkin_skip_building_tests' from command line to 'False'
[26.038s] DEBUG:colcon.colcon_core.verb:Building package 'msds_firmware' with the following arguments: {'ament_cmake_args': None, 'build_base': '/home/eyiza/Desktop/msds_ws/build/msds_firmware', 'catkin_cmake_args': None, 'catkin_skip_building_tests': False, 'cmake_args': None, 'cmake_clean_cache': False, 'cmake_clean_first': False, 'cmake_force_configure': False, 'cmake_target': None, 'cmake_target_skip_unavailable': False, 'install_base': '/home/eyiza/Desktop/msds_ws/install/msds_firmware', 'merge_install': False, 'path': '/home/eyiza/Desktop/msds_ws/src/msds_firmware', 'symlink_install': False, 'test_result_base': None}
[26.039s] Level 5:colcon.colcon_core.verb:set package 'msds_localization' build argument 'cmake_args' from command line to 'None'
[26.040s] Level 5:colcon.colcon_core.verb:set package 'msds_localization' build argument 'cmake_target' from command line to 'None'
[26.040s] Level 5:colcon.colcon_core.verb:set package 'msds_localization' build argument 'cmake_target_skip_unavailable' from command line to 'False'
[26.040s] Level 5:colcon.colcon_core.verb:set package 'msds_localization' build argument 'cmake_clean_cache' from command line to 'False'
[26.040s] Level 5:colcon.colcon_core.verb:set package 'msds_localization' build argument 'cmake_clean_first' from command line to 'False'
[26.040s] Level 5:colcon.colcon_core.verb:set package 'msds_localization' build argument 'cmake_force_configure' from command line to 'False'
[26.040s] Level 5:colcon.colcon_core.verb:set package 'msds_localization' build argument 'ament_cmake_args' from command line to 'None'
[26.040s] Level 5:colcon.colcon_core.verb:set package 'msds_localization' build argument 'catkin_cmake_args' from command line to 'None'
[26.041s] Level 5:colcon.colcon_core.verb:set package 'msds_localization' build argument 'catkin_skip_building_tests' from command line to 'False'
[26.041s] DEBUG:colcon.colcon_core.verb:Building package 'msds_localization' with the following arguments: {'ament_cmake_args': None, 'build_base': '/home/eyiza/Desktop/msds_ws/build/msds_localization', 'catkin_cmake_args': None, 'catkin_skip_building_tests': False, 'cmake_args': None, 'cmake_clean_cache': False, 'cmake_clean_first': False, 'cmake_force_configure': False, 'cmake_target': None, 'cmake_target_skip_unavailable': False, 'install_base': '/home/eyiza/Desktop/msds_ws/install/msds_localization', 'merge_install': False, 'path': '/home/eyiza/Desktop/msds_ws/src/msds_localization', 'symlink_install': False, 'test_result_base': None}
[26.041s] INFO:colcon.colcon_core.executor:Executing jobs using 'parallel' executor
[26.044s] DEBUG:colcon.colcon_parallel_executor.executor.parallel:run_until_complete
[26.044s] INFO:colcon.colcon_ros.task.ament_cmake.build:Building ROS package in '/home/eyiza/Desktop/msds_ws/src/msds_bringup' with build type 'ament_cmake'
[26.044s] INFO:colcon.colcon_cmake.task.cmake.build:Building CMake package in '/home/eyiza/Desktop/msds_ws/src/msds_bringup'
[26.053s] INFO:colcon.colcon_core.plugin_system:Skipping extension 'colcon_core.shell.bat': Not used on non-Windows systems
[26.053s] INFO:colcon.colcon_core.shell:Skip shell extension 'powershell' for command environment: Not usable outside of PowerShell
[26.053s] DEBUG:colcon.colcon_core.shell:Skip shell extension 'dsv' for command environment
[26.104s] INFO:colcon.colcon_ros.task.ament_cmake.build:Building ROS package in '/home/eyiza/Desktop/msds_ws/src/msds_controller' with build type 'ament_cmake'
[26.105s] INFO:colcon.colcon_cmake.task.cmake.build:Building CMake package in '/home/eyiza/Desktop/msds_ws/src/msds_controller'
[26.106s] INFO:colcon.colcon_core.shell:Skip shell extension 'powershell' for command environment: Not usable outside of PowerShell
[26.106s] DEBUG:colcon.colcon_core.shell:Skip shell extension 'dsv' for command environment
[26.155s] INFO:colcon.colcon_ros.task.ament_cmake.build:Building ROS package in '/home/eyiza/Desktop/msds_ws/src/msds_firmware' with build type 'ament_cmake'
[26.155s] INFO:colcon.colcon_cmake.task.cmake.build:Building CMake package in '/home/eyiza/Desktop/msds_ws/src/msds_firmware'
[26.156s] INFO:colcon.colcon_core.shell:Skip shell extension 'powershell' for command environment: Not usable outside of PowerShell
[26.156s] DEBUG:colcon.colcon_core.shell:Skip shell extension 'dsv' for command environment
[26.189s] INFO:colcon.colcon_ros.task.ament_cmake.build:Building ROS package in '/home/eyiza/Desktop/msds_ws/src/msds_localization' with build type 'ament_cmake'
[26.189s] INFO:colcon.colcon_cmake.task.cmake.build:Building CMake package in '/home/eyiza/Desktop/msds_ws/src/msds_localization'
[26.190s] INFO:colcon.colcon_core.shell:Skip shell extension 'powershell' for command environment: Not usable outside of PowerShell
[26.190s] DEBUG:colcon.colcon_core.shell:Skip shell extension 'dsv' for command environment
[26.554s] DEBUG:colcon.colcon_core.event_handler.log_command:Invoking command in '/home/eyiza/Desktop/msds_ws/build/msds_bringup': CMAKE_PREFIX_PATH=${CMAKE_PREFIX_PATH}:/home/eyiza/Desktop/SelfDriving/bumperbot_ws/install/bumperbot_py_examples:/home/eyiza/Desktop/ROS/ros_ws/install/turtlesim_py:/home/eyiza/Desktop/ROS/ros_ws/install/my_py_pkg:/opt/ros/jazzy DEBUGINFOD_URLS=https://debuginfod.ubuntu.com /usr/bin/cmake --build /home/eyiza/Desktop/msds_ws/build/msds_bringup -- -j8 -l8
[27.074s] DEBUG:colcon.colcon_core.event_handler.log_command:Invoking command in '/home/eyiza/Desktop/msds_ws/build/msds_controller': CMAKE_PREFIX_PATH=${CMAKE_PREFIX_PATH}:/home/eyiza/Desktop/SelfDriving/bumperbot_ws/install/bumperbot_py_examples:/home/eyiza/Desktop/ROS/ros_ws/install/turtlesim_py:/home/eyiza/Desktop/ROS/ros_ws/install/my_py_pkg:/opt/ros/jazzy DEBUGINFOD_URLS=https://debuginfod.ubuntu.com /usr/bin/cmake --build /home/eyiza/Desktop/msds_ws/build/msds_controller -- -j8 -l8
[27.506s] DEBUG:colcon.colcon_core.event_handler.log_command:Invoking command in '/home/eyiza/Desktop/msds_ws/build/msds_firmware': CMAKE_PREFIX_PATH=${CMAKE_PREFIX_PATH}:/home/eyiza/Desktop/SelfDriving/bumperbot_ws/install/bumperbot_py_examples:/home/eyiza/Desktop/ROS/ros_ws/install/turtlesim_py:/home/eyiza/Desktop/ROS/ros_ws/install/my_py_pkg:/opt/ros/jazzy DEBUGINFOD_URLS=https://debuginfod.ubuntu.com /usr/bin/cmake --build /home/eyiza/Desktop/msds_ws/build/msds_firmware -- -j8 -l8
[28.192s] DEBUG:colcon.colcon_core.event_handler.log_command:Invoking command in '/home/eyiza/Desktop/msds_ws/build/msds_localization': CMAKE_PREFIX_PATH=${CMAKE_PREFIX_PATH}:/home/eyiza/Desktop/SelfDriving/bumperbot_ws/install/bumperbot_py_examples:/home/eyiza/Desktop/ROS/ros_ws/install/turtlesim_py:/home/eyiza/Desktop/ROS/ros_ws/install/my_py_pkg:/opt/ros/jazzy DEBUGINFOD_URLS=https://debuginfod.ubuntu.com /usr/bin/cmake --build /home/eyiza/Desktop/msds_ws/build/msds_localization -- -j8 -l8
[29.035s] DEBUG:colcon.colcon_core.event_handler.log_command:Invoked command in '/home/eyiza/Desktop/msds_ws/build/msds_controller' returned '0': CMAKE_PREFIX_PATH=${CMAKE_PREFIX_PATH}:/home/eyiza/Desktop/SelfDriving/bumperbot_ws/install/bumperbot_py_examples:/home/eyiza/Desktop/ROS/ros_ws/install/turtlesim_py:/home/eyiza/Desktop/ROS/ros_ws/install/my_py_pkg:/opt/ros/jazzy DEBUGINFOD_URLS=https://debuginfod.ubuntu.com /usr/bin/cmake --build /home/eyiza/Desktop/msds_ws/build/msds_controller -- -j8 -l8
[29.379s] DEBUG:colcon.colcon_core.event_handler.log_command:Invoking command in '/home/eyiza/Desktop/msds_ws/build/msds_controller': CMAKE_PREFIX_PATH=${CMAKE_PREFIX_PATH}:/home/eyiza/Desktop/SelfDriving/bumperbot_ws/install/bumperbot_py_examples:/home/eyiza/Desktop/ROS/ros_ws/install/turtlesim_py:/home/eyiza/Desktop/ROS/ros_ws/install/my_py_pkg:/opt/ros/jazzy DEBUGINFOD_URLS=https://debuginfod.ubuntu.com /usr/bin/cmake --install /home/eyiza/Desktop/msds_ws/build/msds_controller
[29.935s] Level 1:colcon.colcon_core.environment:create_environment_scripts_only(msds_controller)
[29.937s] DEBUG:colcon.colcon_core.event_handler.log_command:Invoked command in '/home/eyiza/Desktop/msds_ws/build/msds_controller' returned '0': CMAKE_PREFIX_PATH=${CMAKE_PREFIX_PATH}:/home/eyiza/Desktop/SelfDriving/bumperbot_ws/install/bumperbot_py_examples:/home/eyiza/Desktop/ROS/ros_ws/install/turtlesim_py:/home/eyiza/Desktop/ROS/ros_ws/install/my_py_pkg:/opt/ros/jazzy DEBUGINFOD_URLS=https://debuginfod.ubuntu.com /usr/bin/cmake --install /home/eyiza/Desktop/msds_ws/build/msds_controller
[31.100s] Level 1:colcon.colcon_core.environment:checking '/home/eyiza/Desktop/msds_ws/install/msds_controller' for CMake module files
[31.103s] Level 1:colcon.colcon_core.environment:checking '/home/eyiza/Desktop/msds_ws/install/msds_controller' for CMake config files
[31.104s] Level 1:colcon.colcon_core.shell:create_environment_hook('msds_controller', 'cmake_prefix_path')
[31.105s] INFO:colcon.colcon_core.shell:Creating environment hook '/home/eyiza/Desktop/msds_ws/install/msds_controller/share/msds_controller/hook/cmake_prefix_path.ps1'
[31.130s] INFO:colcon.colcon_core.shell:Creating environment descriptor '/home/eyiza/Desktop/msds_ws/install/msds_controller/share/msds_controller/hook/cmake_prefix_path.dsv'
[31.136s] INFO:colcon.colcon_core.shell:Creating environment hook '/home/eyiza/Desktop/msds_ws/install/msds_controller/share/msds_controller/hook/cmake_prefix_path.sh'
[31.219s] Level 1:colcon.colcon_core.environment:checking '/home/eyiza/Desktop/msds_ws/install/msds_controller/bin'
[31.219s] Level 1:colcon.colcon_core.environment:checking '/home/eyiza/Desktop/msds_ws/install/msds_controller/lib/pkgconfig/msds_controller.pc'
[31.220s] Level 1:colcon.colcon_core.environment:checking '/home/eyiza/Desktop/msds_ws/install/msds_controller/lib/python3.12/site-packages'
[31.221s] Level 1:colcon.colcon_core.environment:checking '/home/eyiza/Desktop/msds_ws/install/msds_controller/bin'
[31.221s] INFO:colcon.colcon_core.shell:Creating package script '/home/eyiza/Desktop/msds_ws/install/msds_controller/share/msds_controller/package.ps1'
[31.262s] INFO:colcon.colcon_core.shell:Creating package descriptor '/home/eyiza/Desktop/msds_ws/install/msds_controller/share/msds_controller/package.dsv'
[31.278s] INFO:colcon.colcon_core.shell:Creating package script '/home/eyiza/Desktop/msds_ws/install/msds_controller/share/msds_controller/package.sh'
[31.280s] INFO:colcon.colcon_core.shell:Creating package script '/home/eyiza/Desktop/msds_ws/install/msds_controller/share/msds_controller/package.bash'
[31.283s] INFO:colcon.colcon_core.shell:Creating package script '/home/eyiza/Desktop/msds_ws/install/msds_controller/share/msds_controller/package.zsh'
[31.284s] Level 1:colcon.colcon_core.environment:create_file_with_runtime_dependencies(/home/eyiza/Desktop/msds_ws/install/msds_controller/share/colcon-core/packages/msds_controller)
[31.286s] Level 1:colcon.colcon_core.environment:create_environment_scripts_only(msds_controller)
[31.287s] Level 1:colcon.colcon_core.environment:checking '/home/eyiza/Desktop/msds_ws/install/msds_controller' for CMake module files
[31.290s] Level 1:colcon.colcon_core.environment:checking '/home/eyiza/Desktop/msds_ws/install/msds_controller' for CMake config files
[31.290s] Level 1:colcon.colcon_core.shell:create_environment_hook('msds_controller', 'cmake_prefix_path')
[31.291s] INFO:colcon.colcon_core.shell:Creating environment hook '/home/eyiza/Desktop/msds_ws/install/msds_controller/share/msds_controller/hook/cmake_prefix_path.ps1'
[31.293s] INFO:colcon.colcon_core.shell:Creating environment descriptor '/home/eyiza/Desktop/msds_ws/install/msds_controller/share/msds_controller/hook/cmake_prefix_path.dsv'
[31.294s] INFO:colcon.colcon_core.shell:Creating environment hook '/home/eyiza/Desktop/msds_ws/install/msds_controller/share/msds_controller/hook/cmake_prefix_path.sh'
[31.296s] Level 1:colcon.colcon_core.environment:checking '/home/eyiza/Desktop/msds_ws/install/msds_controller/bin'
[31.296s] Level 1:colcon.colcon_core.environment:checking '/home/eyiza/Desktop/msds_ws/install/msds_controller/lib/pkgconfig/msds_controller.pc'
[31.297s] Level 1:colcon.colcon_core.environment:checking '/home/eyiza/Desktop/msds_ws/install/msds_controller/lib/python3.12/site-packages'
[31.298s] Level 1:colcon.colcon_core.environment:checking '/home/eyiza/Desktop/msds_ws/install/msds_controller/bin'
[31.299s] INFO:colcon.colcon_core.shell:Creating package script '/home/eyiza/Desktop/msds_ws/install/msds_controller/share/msds_controller/package.ps1'
[31.301s] INFO:colcon.colcon_core.shell:Creating package descriptor '/home/eyiza/Desktop/msds_ws/install/msds_controller/share/msds_controller/package.dsv'
[32.186s] INFO:colcon.colcon_core.shell:Creating package script '/home/eyiza/Desktop/msds_ws/install/msds_controller/share/msds_controller/package.sh'
[32.352s] INFO:colcon.colcon_core.shell:Creating package script '/home/eyiza/Desktop/msds_ws/install/msds_controller/share/msds_controller/package.bash'
[32.627s] INFO:colcon.colcon_core.shell:Creating package script '/home/eyiza/Desktop/msds_ws/install/msds_controller/share/msds_controller/package.zsh'
[32.766s] Level 1:colcon.colcon_core.environment:create_file_with_runtime_dependencies(/home/eyiza/Desktop/msds_ws/install/msds_controller/share/colcon-core/packages/msds_controller)
[54.963s] DEBUG:colcon.colcon_core.event_handler.log_command:Invoked command in '/home/eyiza/Desktop/msds_ws/build/msds_bringup' returned '0': CMAKE_PREFIX_PATH=${CMAKE_PREFIX_PATH}:/home/eyiza/Desktop/SelfDriving/bumperbot_ws/install/bumperbot_py_examples:/home/eyiza/Desktop/ROS/ros_ws/install/turtlesim_py:/home/eyiza/Desktop/ROS/ros_ws/install/my_py_pkg:/opt/ros/jazzy DEBUGINFOD_URLS=https://debuginfod.ubuntu.com /usr/bin/cmake --build /home/eyiza/Desktop/msds_ws/build/msds_bringup -- -j8 -l8
[54.971s] DEBUG:colcon.colcon_core.event_handler.log_command:Invoking command in '/home/eyiza/Desktop/msds_ws/build/msds_bringup': CMAKE_PREFIX_PATH=${CMAKE_PREFIX_PATH}:/home/eyiza/Desktop/SelfDriving/bumperbot_ws/install/bumperbot_py_examples:/home/eyiza/Desktop/ROS/ros_ws/install/turtlesim_py:/home/eyiza/Desktop/ROS/ros_ws/install/my_py_pkg:/opt/ros/jazzy DEBUGINFOD_URLS=https://debuginfod.ubuntu.com /usr/bin/cmake --install /home/eyiza/Desktop/msds_ws/build/msds_bringup
[55.036s] Level 1:colcon.colcon_core.environment:create_environment_scripts_only(msds_bringup)
[55.037s] Level 1:colcon.colcon_core.environment:checking '/home/eyiza/Desktop/msds_ws/install/msds_bringup' for CMake module files
[55.040s] DEBUG:colcon.colcon_core.event_handler.log_command:Invoked command in '/home/eyiza/Desktop/msds_ws/build/msds_bringup' returned '0': CMAKE_PREFIX_PATH=${CMAKE_PREFIX_PATH}:/home/eyiza/Desktop/SelfDriving/bumperbot_ws/install/bumperbot_py_examples:/home/eyiza/Desktop/ROS/ros_ws/install/turtlesim_py:/home/eyiza/Desktop/ROS/ros_ws/install/my_py_pkg:/opt/ros/jazzy DEBUGINFOD_URLS=https://debuginfod.ubuntu.com /usr/bin/cmake --install /home/eyiza/Desktop/msds_ws/build/msds_bringup
[55.043s] Level 1:colcon.colcon_core.environment:checking '/home/eyiza/Desktop/msds_ws/install/msds_bringup' for CMake config files
[55.044s] Level 1:colcon.colcon_core.shell:create_environment_hook('msds_bringup', 'cmake_prefix_path')
[55.045s] INFO:colcon.colcon_core.shell:Creating environment hook '/home/eyiza/Desktop/msds_ws/install/msds_bringup/share/msds_bringup/hook/cmake_prefix_path.ps1'
[55.080s] INFO:colcon.colcon_core.shell:Creating environment descriptor '/home/eyiza/Desktop/msds_ws/install/msds_bringup/share/msds_bringup/hook/cmake_prefix_path.dsv'
[55.173s] INFO:colcon.colcon_core.shell:Creating environment hook '/home/eyiza/Desktop/msds_ws/install/msds_bringup/share/msds_bringup/hook/cmake_prefix_path.sh'
[55.227s] Level 1:colcon.colcon_core.environment:checking '/home/eyiza/Desktop/msds_ws/install/msds_bringup/bin'
[55.227s] Level 1:colcon.colcon_core.environment:checking '/home/eyiza/Desktop/msds_ws/install/msds_bringup/lib/pkgconfig/msds_bringup.pc'
[55.228s] Level 1:colcon.colcon_core.environment:checking '/home/eyiza/Desktop/msds_ws/install/msds_bringup/lib/python3.12/site-packages'
[55.229s] Level 1:colcon.colcon_core.environment:checking '/home/eyiza/Desktop/msds_ws/install/msds_bringup/bin'
[55.229s] INFO:colcon.colcon_core.shell:Creating package script '/home/eyiza/Desktop/msds_ws/install/msds_bringup/share/msds_bringup/package.ps1'
[55.304s] INFO:colcon.colcon_core.shell:Creating package descriptor '/home/eyiza/Desktop/msds_ws/install/msds_bringup/share/msds_bringup/package.dsv'
[55.360s] INFO:colcon.colcon_core.shell:Creating package script '/home/eyiza/Desktop/msds_ws/install/msds_bringup/share/msds_bringup/package.sh'
[55.453s] INFO:colcon.colcon_core.shell:Creating package script '/home/eyiza/Desktop/msds_ws/install/msds_bringup/share/msds_bringup/package.bash'
[55.477s] INFO:colcon.colcon_core.shell:Creating package script '/home/eyiza/Desktop/msds_ws/install/msds_bringup/share/msds_bringup/package.zsh'
[55.515s] Level 1:colcon.colcon_core.environment:create_file_with_runtime_dependencies(/home/eyiza/Desktop/msds_ws/install/msds_bringup/share/colcon-core/packages/msds_bringup)
[55.517s] Level 1:colcon.colcon_core.environment:create_environment_scripts_only(msds_bringup)
[55.518s] Level 1:colcon.colcon_core.environment:checking '/home/eyiza/Desktop/msds_ws/install/msds_bringup' for CMake module files
[55.520s] Level 1:colcon.colcon_core.environment:checking '/home/eyiza/Desktop/msds_ws/install/msds_bringup' for CMake config files
[55.521s] Level 1:colcon.colcon_core.shell:create_environment_hook('msds_bringup', 'cmake_prefix_path')
[55.522s] INFO:colcon.colcon_core.shell:Creating environment hook '/home/eyiza/Desktop/msds_ws/install/msds_bringup/share/msds_bringup/hook/cmake_prefix_path.ps1'
[55.679s] INFO:colcon.colcon_core.shell:Creating environment descriptor '/home/eyiza/Desktop/msds_ws/install/msds_bringup/share/msds_bringup/hook/cmake_prefix_path.dsv'
[55.700s] INFO:colcon.colcon_core.shell:Creating environment hook '/home/eyiza/Desktop/msds_ws/install/msds_bringup/share/msds_bringup/hook/cmake_prefix_path.sh'
[55.719s] Level 1:colcon.colcon_core.environment:checking '/home/eyiza/Desktop/msds_ws/install/msds_bringup/bin'
[55.720s] Level 1:colcon.colcon_core.environment:checking '/home/eyiza/Desktop/msds_ws/install/msds_bringup/lib/pkgconfig/msds_bringup.pc'
[55.720s] Level 1:colcon.colcon_core.environment:checking '/home/eyiza/Desktop/msds_ws/install/msds_bringup/lib/python3.12/site-packages'
[55.721s] Level 1:colcon.colcon_core.environment:checking '/home/eyiza/Desktop/msds_ws/install/msds_bringup/bin'
[55.722s] INFO:colcon.colcon_core.shell:Creating package script '/home/eyiza/Desktop/msds_ws/install/msds_bringup/share/msds_bringup/package.ps1'
[55.751s] INFO:colcon.colcon_core.shell:Creating package descriptor '/home/eyiza/Desktop/msds_ws/install/msds_bringup/share/msds_bringup/package.dsv'
[55.783s] INFO:colcon.colcon_core.shell:Creating package script '/home/eyiza/Desktop/msds_ws/install/msds_bringup/share/msds_bringup/package.sh'
[55.820s] INFO:colcon.colcon_core.shell:Creating package script '/home/eyiza/Desktop/msds_ws/install/msds_bringup/share/msds_bringup/package.bash'
[55.883s] INFO:colcon.colcon_core.shell:Creating package script '/home/eyiza/Desktop/msds_ws/install/msds_bringup/share/msds_bringup/package.zsh'
[55.925s] Level 1:colcon.colcon_core.environment:create_file_with_runtime_dependencies(/home/eyiza/Desktop/msds_ws/install/msds_bringup/share/colcon-core/packages/msds_bringup)
[172.431s] DEBUG:colcon.colcon_core.event_handler.log_command:Invoked command in '/home/eyiza/Desktop/msds_ws/build/msds_localization' returned '0': CMAKE_PREFIX_PATH=${CMAKE_PREFIX_PATH}:/home/eyiza/Desktop/SelfDriving/bumperbot_ws/install/bumperbot_py_examples:/home/eyiza/Desktop/ROS/ros_ws/install/turtlesim_py:/home/eyiza/Desktop/ROS/ros_ws/install/my_py_pkg:/opt/ros/jazzy DEBUGINFOD_URLS=https://debuginfod.ubuntu.com /usr/bin/cmake --build /home/eyiza/Desktop/msds_ws/build/msds_localization -- -j8 -l8
[172.436s] DEBUG:colcon.colcon_core.event_handler.log_command:Invoking command in '/home/eyiza/Desktop/msds_ws/build/msds_localization': CMAKE_PREFIX_PATH=${CMAKE_PREFIX_PATH}:/home/eyiza/Desktop/SelfDriving/bumperbot_ws/install/bumperbot_py_examples:/home/eyiza/Desktop/ROS/ros_ws/install/turtlesim_py:/home/eyiza/Desktop/ROS/ros_ws/install/my_py_pkg:/opt/ros/jazzy DEBUGINFOD_URLS=https://debuginfod.ubuntu.com /usr/bin/cmake --install /home/eyiza/Desktop/msds_ws/build/msds_localization
[173.392s] Level 1:colcon.colcon_core.environment:create_environment_scripts_only(msds_localization)
[173.395s] Level 1:colcon.colcon_core.environment:checking '/home/eyiza/Desktop/msds_ws/install/msds_localization' for CMake module files
[173.397s] DEBUG:colcon.colcon_core.event_handler.log_command:Invoked command in '/home/eyiza/Desktop/msds_ws/build/msds_localization' returned '0': CMAKE_PREFIX_PATH=${CMAKE_PREFIX_PATH}:/home/eyiza/Desktop/SelfDriving/bumperbot_ws/install/bumperbot_py_examples:/home/eyiza/Desktop/ROS/ros_ws/install/turtlesim_py:/home/eyiza/Desktop/ROS/ros_ws/install/my_py_pkg:/opt/ros/jazzy DEBUGINFOD_URLS=https://debuginfod.ubuntu.com /usr/bin/cmake --install /home/eyiza/Desktop/msds_ws/build/msds_localization
[173.401s] Level 1:colcon.colcon_core.environment:checking '/home/eyiza/Desktop/msds_ws/install/msds_localization' for CMake config files
[173.404s] Level 1:colcon.colcon_core.shell:create_environment_hook('msds_localization', 'cmake_prefix_path')
[173.404s] INFO:colcon.colcon_core.shell:Creating environment hook '/home/eyiza/Desktop/msds_ws/install/msds_localization/share/msds_localization/hook/cmake_prefix_path.ps1'
[173.564s] INFO:colcon.colcon_core.shell:Creating environment descriptor '/home/eyiza/Desktop/msds_ws/install/msds_localization/share/msds_localization/hook/cmake_prefix_path.dsv'
[173.566s] INFO:colcon.colcon_core.shell:Creating environment hook '/home/eyiza/Desktop/msds_ws/install/msds_localization/share/msds_localization/hook/cmake_prefix_path.sh'
[173.567s] Level 1:colcon.colcon_core.environment:checking '/home/eyiza/Desktop/msds_ws/install/msds_localization/lib'
[173.568s] Level 1:colcon.colcon_core.environment:checking '/home/eyiza/Desktop/msds_ws/install/msds_localization/bin'
[173.568s] Level 1:colcon.colcon_core.environment:checking '/home/eyiza/Desktop/msds_ws/install/msds_localization/lib/pkgconfig/msds_localization.pc'
[173.569s] Level 1:colcon.colcon_core.environment:checking '/home/eyiza/Desktop/msds_ws/install/msds_localization/lib/python3.12/site-packages'
[173.569s] Level 1:colcon.colcon_core.shell:create_environment_hook('msds_localization', 'pythonpath')
[173.570s] INFO:colcon.colcon_core.shell:Creating environment hook '/home/eyiza/Desktop/msds_ws/install/msds_localization/share/msds_localization/hook/pythonpath.ps1'
[173.571s] INFO:colcon.colcon_core.shell:Creating environment descriptor '/home/eyiza/Desktop/msds_ws/install/msds_localization/share/msds_localization/hook/pythonpath.dsv'
[173.572s] INFO:colcon.colcon_core.shell:Creating environment hook '/home/eyiza/Desktop/msds_ws/install/msds_localization/share/msds_localization/hook/pythonpath.sh'
[173.574s] Level 1:colcon.colcon_core.environment:checking '/home/eyiza/Desktop/msds_ws/install/msds_localization/bin'
[173.574s] INFO:colcon.colcon_core.shell:Creating package script '/home/eyiza/Desktop/msds_ws/install/msds_localization/share/msds_localization/package.ps1'
[173.699s] INFO:colcon.colcon_core.shell:Creating package descriptor '/home/eyiza/Desktop/msds_ws/install/msds_localization/share/msds_localization/package.dsv'
[173.898s] INFO:colcon.colcon_core.shell:Creating package script '/home/eyiza/Desktop/msds_ws/install/msds_localization/share/msds_localization/package.sh'
[173.901s] INFO:colcon.colcon_core.shell:Creating package script '/home/eyiza/Desktop/msds_ws/install/msds_localization/share/msds_localization/package.bash'
[173.902s] INFO:colcon.colcon_core.shell:Creating package script '/home/eyiza/Desktop/msds_ws/install/msds_localization/share/msds_localization/package.zsh'
[173.904s] Level 1:colcon.colcon_core.environment:create_file_with_runtime_dependencies(/home/eyiza/Desktop/msds_ws/install/msds_localization/share/colcon-core/packages/msds_localization)
[173.908s] Level 1:colcon.colcon_core.environment:create_environment_scripts_only(msds_localization)
[173.909s] Level 1:colcon.colcon_core.environment:checking '/home/eyiza/Desktop/msds_ws/install/msds_localization' for CMake module files
[173.913s] Level 1:colcon.colcon_core.environment:checking '/home/eyiza/Desktop/msds_ws/install/msds_localization' for CMake config files
[173.914s] Level 1:colcon.colcon_core.shell:create_environment_hook('msds_localization', 'cmake_prefix_path')
[173.915s] INFO:colcon.colcon_core.shell:Creating environment hook '/home/eyiza/Desktop/msds_ws/install/msds_localization/share/msds_localization/hook/cmake_prefix_path.ps1'
[173.920s] INFO:colcon.colcon_core.shell:Creating environment descriptor '/home/eyiza/Desktop/msds_ws/install/msds_localization/share/msds_localization/hook/cmake_prefix_path.dsv'
[173.921s] INFO:colcon.colcon_core.shell:Creating environment hook '/home/eyiza/Desktop/msds_ws/install/msds_localization/share/msds_localization/hook/cmake_prefix_path.sh'
[173.926s] Level 1:colcon.colcon_core.environment:checking '/home/eyiza/Desktop/msds_ws/install/msds_localization/lib'
[173.926s] Level 1:colcon.colcon_core.environment:checking '/home/eyiza/Desktop/msds_ws/install/msds_localization/bin'
[173.927s] Level 1:colcon.colcon_core.environment:checking '/home/eyiza/Desktop/msds_ws/install/msds_localization/lib/pkgconfig/msds_localization.pc'
[173.928s] Level 1:colcon.colcon_core.environment:checking '/home/eyiza/Desktop/msds_ws/install/msds_localization/lib/python3.12/site-packages'
[173.929s] Level 1:colcon.colcon_core.shell:create_environment_hook('msds_localization', 'pythonpath')
[173.930s] INFO:colcon.colcon_core.shell:Creating environment hook '/home/eyiza/Desktop/msds_ws/install/msds_localization/share/msds_localization/hook/pythonpath.ps1'
[173.937s] INFO:colcon.colcon_core.shell:Creating environment descriptor '/home/eyiza/Desktop/msds_ws/install/msds_localization/share/msds_localization/hook/pythonpath.dsv'
[173.942s] INFO:colcon.colcon_core.shell:Creating environment hook '/home/eyiza/Desktop/msds_ws/install/msds_localization/share/msds_localization/hook/pythonpath.sh'
[173.946s] Level 1:colcon.colcon_core.environment:checking '/home/eyiza/Desktop/msds_ws/install/msds_localization/bin'
[173.947s] INFO:colcon.colcon_core.shell:Creating package script '/home/eyiza/Desktop/msds_ws/install/msds_localization/share/msds_localization/package.ps1'
[173.949s] INFO:colcon.colcon_core.shell:Creating package descriptor '/home/eyiza/Desktop/msds_ws/install/msds_localization/share/msds_localization/package.dsv'
[173.961s] INFO:colcon.colcon_core.shell:Creating package script '/home/eyiza/Desktop/msds_ws/install/msds_localization/share/msds_localization/package.sh'
[173.983s] INFO:colcon.colcon_core.shell:Creating package script '/home/eyiza/Desktop/msds_ws/install/msds_localization/share/msds_localization/package.bash'
[173.987s] INFO:colcon.colcon_core.shell:Creating package script '/home/eyiza/Desktop/msds_ws/install/msds_localization/share/msds_localization/package.zsh'
[173.992s] Level 1:colcon.colcon_core.environment:create_file_with_runtime_dependencies(/home/eyiza/Desktop/msds_ws/install/msds_localization/share/colcon-core/packages/msds_localization)
[248.280s] DEBUG:colcon.colcon_core.event_handler.log_command:Invoked command in '/home/eyiza/Desktop/msds_ws/build/msds_firmware' returned '2': CMAKE_PREFIX_PATH=${CMAKE_PREFIX_PATH}:/home/eyiza/Desktop/SelfDriving/bumperbot_ws/install/bumperbot_py_examples:/home/eyiza/Desktop/ROS/ros_ws/install/turtlesim_py:/home/eyiza/Desktop/ROS/ros_ws/install/my_py_pkg:/opt/ros/jazzy DEBUGINFOD_URLS=https://debuginfod.ubuntu.com /usr/bin/cmake --build /home/eyiza/Desktop/msds_ws/build/msds_firmware -- -j8 -l8
[254.223s] Level 1:colcon.colcon_core.environment:create_environment_scripts_only(msds_firmware)
[254.273s] Level 1:colcon.colcon_core.environment:checking '/home/eyiza/Desktop/msds_ws/install/msds_firmware' for CMake module files
[254.276s] Level 1:colcon.colcon_core.environment:checking '/home/eyiza/Desktop/msds_ws/install/msds_firmware' for CMake config files
[254.277s] Level 1:colcon.colcon_core.shell:create_environment_hook('msds_firmware', 'cmake_prefix_path')
[254.278s] INFO:colcon.colcon_core.shell:Creating environment hook '/home/eyiza/Desktop/msds_ws/install/msds_firmware/share/msds_firmware/hook/cmake_prefix_path.ps1'
[254.571s] INFO:colcon.colcon_core.shell:Creating environment descriptor '/home/eyiza/Desktop/msds_ws/install/msds_firmware/share/msds_firmware/hook/cmake_prefix_path.dsv'
[254.573s] INFO:colcon.colcon_core.shell:Creating environment hook '/home/eyiza/Desktop/msds_ws/install/msds_firmware/share/msds_firmware/hook/cmake_prefix_path.sh'
[254.575s] Level 1:colcon.colcon_core.environment:checking '/home/eyiza/Desktop/msds_ws/install/msds_firmware/bin'
[254.575s] Level 1:colcon.colcon_core.environment:checking '/home/eyiza/Desktop/msds_ws/install/msds_firmware/lib/pkgconfig/msds_firmware.pc'
[254.576s] Level 1:colcon.colcon_core.environment:checking '/home/eyiza/Desktop/msds_ws/install/msds_firmware/lib/python3.12/site-packages'
[254.577s] Level 1:colcon.colcon_core.environment:checking '/home/eyiza/Desktop/msds_ws/install/msds_firmware/bin'
[254.578s] INFO:colcon.colcon_core.shell:Creating package script '/home/eyiza/Desktop/msds_ws/install/msds_firmware/share/msds_firmware/package.ps1'
[254.580s] INFO:colcon.colcon_core.shell:Creating package descriptor '/home/eyiza/Desktop/msds_ws/install/msds_firmware/share/msds_firmware/package.dsv'
[254.581s] INFO:colcon.colcon_core.shell:Creating package script '/home/eyiza/Desktop/msds_ws/install/msds_firmware/share/msds_firmware/package.sh'
[254.583s] INFO:colcon.colcon_core.shell:Creating package script '/home/eyiza/Desktop/msds_ws/install/msds_firmware/share/msds_firmware/package.bash'
[254.584s] INFO:colcon.colcon_core.shell:Creating package script '/home/eyiza/Desktop/msds_ws/install/msds_firmware/share/msds_firmware/package.zsh'
[254.586s] Level 1:colcon.colcon_core.environment:create_file_with_runtime_dependencies(/home/eyiza/Desktop/msds_ws/install/msds_firmware/share/colcon-core/packages/msds_firmware)
[254.597s] DEBUG:colcon.colcon_parallel_executor.executor.parallel:closing loop
[254.597s] DEBUG:colcon.colcon_parallel_executor.executor.parallel:loop closed
[254.598s] DEBUG:colcon.colcon_parallel_executor.executor.parallel:run_until_complete finished with '2'
[254.598s] DEBUG:colcon.colcon_core.event_reactor:joining thread
[256.939s] INFO:colcon.colcon_core.plugin_system:Skipping extension 'colcon_notification.desktop_notification.terminal_notifier': Not used on non-Darwin systems
[256.940s] INFO:colcon.colcon_core.plugin_system:Skipping extension 'colcon_notification.desktop_notification.win32': Not used on non-Windows systems
[256.940s] INFO:colcon.colcon_notification.desktop_notification:Sending desktop notification using 'notify2'
[256.985s] DEBUG:colcon.colcon_core.event_reactor:joined thread
[256.986s] INFO:colcon.colcon_core.shell:Creating prefix script '/home/eyiza/Desktop/msds_ws/install/local_setup.ps1'
[257.038s] INFO:colcon.colcon_core.shell:Creating prefix util module '/home/eyiza/Desktop/msds_ws/install/_local_setup_util_ps1.py'
[257.041s] INFO:colcon.colcon_core.shell:Creating prefix chain script '/home/eyiza/Desktop/msds_ws/install/setup.ps1'
[257.046s] INFO:colcon.colcon_core.shell:Creating prefix script '/home/eyiza/Desktop/msds_ws/install/local_setup.sh'
[257.255s] INFO:colcon.colcon_core.shell:Creating prefix util module '/home/eyiza/Desktop/msds_ws/install/_local_setup_util_sh.py'
[257.257s] INFO:colcon.colcon_core.shell:Creating prefix chain script '/home/eyiza/Desktop/msds_ws/install/setup.sh'
[257.262s] INFO:colcon.colcon_core.shell:Creating prefix script '/home/eyiza/Desktop/msds_ws/install/local_setup.bash'
[257.314s] INFO:colcon.colcon_core.shell:Creating prefix chain script '/home/eyiza/Desktop/msds_ws/install/setup.bash'
[257.319s] INFO:colcon.colcon_core.shell:Creating prefix script '/home/eyiza/Desktop/msds_ws/install/local_setup.zsh'
[257.422s] INFO:colcon.colcon_core.shell:Creating prefix chain script '/home/eyiza/Desktop/msds_ws/install/setup.zsh'
