[0.149s] Invoking command in '/home/eyiza/Desktop/msds_ws/build/msds_controller': CMAKE_PREFIX_PATH=${CMAKE_PREFIX_PATH}:/home/eyiza/Desktop/SelfDriving/bumperbot_ws/install/bumperbot_py_examples:/home/eyiza/Desktop/ROS/ros_ws/install/turtlesim_py:/home/eyiza/Desktop/ROS/ros_ws/install/my_py_pkg:/opt/ros/jazzy DEBUGINFOD_URLS=https://debuginfod.ubuntu.com /usr/bin/cmake /home/eyiza/Desktop/msds_ws/src/msds_controller -DCMAKE_INSTALL_PREFIX=/home/eyiza/Desktop/msds_ws/install/msds_controller
[0.596s] -- The C compiler identification is GNU 12.3.0
[1.254s] -- The CXX compiler identification is GNU 13.3.0
[1.387s] -- Detecting C compiler ABI info
[2.334s] -- Detecting C compiler ABI info - done
[2.498s] -- Check for working C compiler: /usr/bin/cc - skipped
[2.499s] -- Detecting C compile features
[2.505s] -- Detecting C compile features - done
[2.681s] -- Detecting CXX compiler ABI info
[3.672s] -- Detecting CXX compiler ABI info - done
[3.791s] -- Check for working CXX compiler: /usr/bin/c++ - skipped
[3.795s] -- Detecting CXX compile features
[3.802s] -- Detecting CXX compile features - done
[3.849s] -- Found ament_cmake: 2.5.3 (/opt/ros/jazzy/share/ament_cmake/cmake)
[5.299s] -- Found Python3: /usr/bin/python3 (found version "3.12.3") found components: Interpreter 
[6.352s] -- Found ament_lint_auto: 0.17.2 (/opt/ros/jazzy/share/ament_lint_auto/cmake)
[7.344s] -- Added test 'lint_cmake' to check CMake code style
[7.359s] -- Added test 'xmllint' to check XML markup files
[7.383s] -- Configuring done (7.2s)
[7.434s] -- Generating done (0.0s)
[7.436s] -- Build files have been written to: /home/eyiza/Desktop/msds_ws/build/msds_controller
[7.460s] Invoked command in '/home/eyiza/Desktop/msds_ws/build/msds_controller' returned '0': CMAKE_PREFIX_PATH=${CMAKE_PREFIX_PATH}:/home/eyiza/Desktop/SelfDriving/bumperbot_ws/install/bumperbot_py_examples:/home/eyiza/Desktop/ROS/ros_ws/install/turtlesim_py:/home/eyiza/Desktop/ROS/ros_ws/install/my_py_pkg:/opt/ros/jazzy DEBUGINFOD_URLS=https://debuginfod.ubuntu.com /usr/bin/cmake /home/eyiza/Desktop/msds_ws/src/msds_controller -DCMAKE_INSTALL_PREFIX=/home/eyiza/Desktop/msds_ws/install/msds_controller
[7.467s] Invoking command in '/home/eyiza/Desktop/msds_ws/build/msds_controller': CMAKE_PREFIX_PATH=${CMAKE_PREFIX_PATH}:/home/eyiza/Desktop/SelfDriving/bumperbot_ws/install/bumperbot_py_examples:/home/eyiza/Desktop/ROS/ros_ws/install/turtlesim_py:/home/eyiza/Desktop/ROS/ros_ws/install/my_py_pkg:/opt/ros/jazzy DEBUGINFOD_URLS=https://debuginfod.ubuntu.com /usr/bin/cmake --build /home/eyiza/Desktop/msds_ws/build/msds_controller -- -j8 -l8
[7.796s] Invoked command in '/home/eyiza/Desktop/msds_ws/build/msds_controller' returned '0': CMAKE_PREFIX_PATH=${CMAKE_PREFIX_PATH}:/home/eyiza/Desktop/SelfDriving/bumperbot_ws/install/bumperbot_py_examples:/home/eyiza/Desktop/ROS/ros_ws/install/turtlesim_py:/home/eyiza/Desktop/ROS/ros_ws/install/my_py_pkg:/opt/ros/jazzy DEBUGINFOD_URLS=https://debuginfod.ubuntu.com /usr/bin/cmake --build /home/eyiza/Desktop/msds_ws/build/msds_controller -- -j8 -l8
[7.803s] Invoking command in '/home/eyiza/Desktop/msds_ws/build/msds_controller': CMAKE_PREFIX_PATH=${CMAKE_PREFIX_PATH}:/home/eyiza/Desktop/SelfDriving/bumperbot_ws/install/bumperbot_py_examples:/home/eyiza/Desktop/ROS/ros_ws/install/turtlesim_py:/home/eyiza/Desktop/ROS/ros_ws/install/my_py_pkg:/opt/ros/jazzy DEBUGINFOD_URLS=https://debuginfod.ubuntu.com /usr/bin/cmake --install /home/eyiza/Desktop/msds_ws/build/msds_controller
[7.857s] -- Install configuration: ""
[7.858s] -- Installing: /home/eyiza/Desktop/msds_ws/install/msds_controller/share/ament_index/resource_index/package_run_dependencies/msds_controller
[7.859s] -- Installing: /home/eyiza/Desktop/msds_ws/install/msds_controller/share/ament_index/resource_index/parent_prefix_path/msds_controller
[7.861s] -- Installing: /home/eyiza/Desktop/msds_ws/install/msds_controller/share/msds_controller/environment/ament_prefix_path.sh
[7.862s] -- Installing: /home/eyiza/Desktop/msds_ws/install/msds_controller/share/msds_controller/environment/ament_prefix_path.dsv
[7.863s] -- Installing: /home/eyiza/Desktop/msds_ws/install/msds_controller/share/msds_controller/environment/path.sh
[7.864s] -- Installing: /home/eyiza/Desktop/msds_ws/install/msds_controller/share/msds_controller/environment/path.dsv
[7.865s] -- Installing: /home/eyiza/Desktop/msds_ws/install/msds_controller/share/msds_controller/local_setup.bash
[7.866s] -- Installing: /home/eyiza/Desktop/msds_ws/install/msds_controller/share/msds_controller/local_setup.sh
[7.867s] -- Installing: /home/eyiza/Desktop/msds_ws/install/msds_controller/share/msds_controller/local_setup.zsh
[7.868s] -- Installing: /home/eyiza/Desktop/msds_ws/install/msds_controller/share/msds_controller/local_setup.dsv
[7.870s] -- Installing: /home/eyiza/Desktop/msds_ws/install/msds_controller/share/msds_controller/package.dsv
[7.872s] -- Installing: /home/eyiza/Desktop/msds_ws/install/msds_controller/share/ament_index/resource_index/packages/msds_controller
[7.872s] -- Installing: /home/eyiza/Desktop/msds_ws/install/msds_controller/share/msds_controller/cmake/msds_controllerConfig.cmake
[7.873s] -- Installing: /home/eyiza/Desktop/msds_ws/install/msds_controller/share/msds_controller/cmake/msds_controllerConfig-version.cmake
[7.874s] -- Installing: /home/eyiza/Desktop/msds_ws/install/msds_controller/share/msds_controller/package.xml
[7.881s] Invoked command in '/home/eyiza/Desktop/msds_ws/build/msds_controller' returned '0': CMAKE_PREFIX_PATH=${CMAKE_PREFIX_PATH}:/home/eyiza/Desktop/SelfDriving/bumperbot_ws/install/bumperbot_py_examples:/home/eyiza/Desktop/ROS/ros_ws/install/turtlesim_py:/home/eyiza/Desktop/ROS/ros_ws/install/my_py_pkg:/opt/ros/jazzy DEBUGINFOD_URLS=https://debuginfod.ubuntu.com /usr/bin/cmake --install /home/eyiza/Desktop/msds_ws/build/msds_controller
