[0.254s] Invoking command in '/home/eyiza/Desktop/msds_ws/build/msds_bringup': CMAKE_PREFIX_PATH=${CMAKE_PREFIX_PATH}:/home/eyiza/Desktop/SelfDriving/bumperbot_ws/install/bumperbot_py_examples:/home/eyiza/Desktop/ROS/ros_ws/install/turtlesim_py:/home/eyiza/Desktop/ROS/ros_ws/install/my_py_pkg:/opt/ros/jazzy DEBUGINFOD_URLS=https://debuginfod.ubuntu.com /usr/bin/cmake --build /home/eyiza/Desktop/msds_ws/build/msds_bringup -- -j8 -l8
[1.327s] Invoked command in '/home/eyiza/Desktop/msds_ws/build/msds_bringup' returned '0': CMAKE_PREFIX_PATH=${CMAKE_PREFIX_PATH}:/home/eyiza/Desktop/SelfDriving/bumperbot_ws/install/bumperbot_py_examples:/home/eyiza/Desktop/ROS/ros_ws/install/turtlesim_py:/home/eyiza/Desktop/ROS/ros_ws/install/my_py_pkg:/opt/ros/jazzy DEBUGINFOD_URLS=https://debuginfod.ubuntu.com /usr/bin/cmake --build /home/eyiza/Desktop/msds_ws/build/msds_bringup -- -j8 -l8
[1.340s] Invoking command in '/home/eyiza/Desktop/msds_ws/build/msds_bringup': CMAKE_PREFIX_PATH=${CMAKE_PREFIX_PATH}:/home/eyiza/Desktop/SelfDriving/bumperbot_ws/install/bumperbot_py_examples:/home/eyiza/Desktop/ROS/ros_ws/install/turtlesim_py:/home/eyiza/Desktop/ROS/ros_ws/install/my_py_pkg:/opt/ros/jazzy DEBUGINFOD_URLS=https://debuginfod.ubuntu.com /usr/bin/cmake --install /home/eyiza/Desktop/msds_ws/build/msds_bringup
[1.352s] -- Install configuration: ""
[1.352s] -- Up-to-date: /home/eyiza/Desktop/msds_ws/install/msds_bringup/share/msds_bringup/launch
[1.352s] -- Up-to-date: /home/eyiza/Desktop/msds_ws/install/msds_bringup/share/msds_bringup/launch/real_robot.launch.py
[1.352s] -- Up-to-date: /home/eyiza/Desktop/msds_ws/install/msds_bringup/share/ament_index/resource_index/package_run_dependencies/msds_bringup
[1.353s] -- Up-to-date: /home/eyiza/Desktop/msds_ws/install/msds_bringup/share/ament_index/resource_index/parent_prefix_path/msds_bringup
[1.354s] -- Up-to-date: /home/eyiza/Desktop/msds_ws/install/msds_bringup/share/msds_bringup/environment/ament_prefix_path.sh
[1.355s] -- Up-to-date: /home/eyiza/Desktop/msds_ws/install/msds_bringup/share/msds_bringup/environment/ament_prefix_path.dsv
[1.355s] -- Up-to-date: /home/eyiza/Desktop/msds_ws/install/msds_bringup/share/msds_bringup/environment/path.sh
[1.355s] -- Up-to-date: /home/eyiza/Desktop/msds_ws/install/msds_bringup/share/msds_bringup/environment/path.dsv
[1.355s] -- Up-to-date: /home/eyiza/Desktop/msds_ws/install/msds_bringup/share/msds_bringup/local_setup.bash
[1.355s] -- Up-to-date: /home/eyiza/Desktop/msds_ws/install/msds_bringup/share/msds_bringup/local_setup.sh
[1.355s] -- Up-to-date: /home/eyiza/Desktop/msds_ws/install/msds_bringup/share/msds_bringup/local_setup.zsh
[1.356s] -- Up-to-date: /home/eyiza/Desktop/msds_ws/install/msds_bringup/share/msds_bringup/local_setup.dsv
[1.356s] -- Installing: /home/eyiza/Desktop/msds_ws/install/msds_bringup/share/msds_bringup/package.dsv
[1.356s] -- Up-to-date: /home/eyiza/Desktop/msds_ws/install/msds_bringup/share/ament_index/resource_index/packages/msds_bringup
[1.356s] -- Up-to-date: /home/eyiza/Desktop/msds_ws/install/msds_bringup/share/msds_bringup/cmake/msds_bringupConfig.cmake
[1.356s] -- Up-to-date: /home/eyiza/Desktop/msds_ws/install/msds_bringup/share/msds_bringup/cmake/msds_bringupConfig-version.cmake
[1.356s] -- Up-to-date: /home/eyiza/Desktop/msds_ws/install/msds_bringup/share/msds_bringup/package.xml
[1.357s] Invoked command in '/home/eyiza/Desktop/msds_ws/build/msds_bringup' returned '0': CMAKE_PREFIX_PATH=${CMAKE_PREFIX_PATH}:/home/eyiza/Desktop/SelfDriving/bumperbot_ws/install/bumperbot_py_examples:/home/eyiza/Desktop/ROS/ros_ws/install/turtlesim_py:/home/eyiza/Desktop/ROS/ros_ws/install/my_py_pkg:/opt/ros/jazzy DEBUGINFOD_URLS=https://debuginfod.ubuntu.com /usr/bin/cmake --install /home/eyiza/Desktop/msds_ws/build/msds_bringup
