[3.695s] DEBUG:colcon:Command line arguments: ['/usr/bin/colcon', 'build']
[3.695s] DEBUG:colcon:Parsed command line arguments: Namespace(log_base=None, log_level=None, verb_name='build', build_base='build', install_base='install', merge_install=False, symlink_install=False, test_result_base=None, continue_on_error=False, executor='parallel', parallel_workers=8, event_handlers=None, ignore_user_meta=False, metas=['./colcon.meta'], base_paths=['.'], packages_ignore=None, packages_ignore_regex=None, paths=None, packages_up_to=None, packages_up_to_regex=None, packages_above=None, packages_above_and_dependencies=None, packages_above_depth=None, packages_select_by_dep=None, packages_skip_by_dep=None, packages_skip_up_to=None, packages_select_build_failed=False, packages_skip_build_finished=False, packages_select_test_failures=False, packages_skip_test_passed=False, packages_select=None, packages_skip=None, packages_select_regex=None, packages_skip_regex=None, packages_start=None, packages_end=None, allow_overriding=[], cmake_args=None, cmake_target=None, cmake_target_skip_unavailable=False, cmake_clean_cache=False, cmake_clean_first=False, cmake_force_configure=False, ament_cmake_args=None, catkin_cmake_args=None, catkin_skip_building_tests=False, mixin_files=None, mixin=None, verb_parser=<colcon_mixin.mixin.mixin_argument.MixinArgumentDecorator object at 0x7483471f7fe0>, verb_extension=<colcon_core.verb.build.BuildVerb object at 0x7483471f7cb0>, main=<bound method BuildVerb.main of <colcon_core.verb.build.BuildVerb object at 0x7483471f7cb0>>, mixin_verb=('build',))
[3.816s] Level 1:colcon.colcon_core.package_discovery:discover_packages(colcon_meta) check parameters
[3.817s] Level 1:colcon.colcon_core.package_discovery:discover_packages(recursive) check parameters
[3.817s] Level 1:colcon.colcon_core.package_discovery:discover_packages(ignore) check parameters
[3.817s] Level 1:colcon.colcon_core.package_discovery:discover_packages(path) check parameters
[3.817s] Level 1:colcon.colcon_core.package_discovery:discover_packages(colcon_meta) discover
[3.817s] Level 1:colcon.colcon_core.package_discovery:discover_packages(recursive) discover
[3.817s] INFO:colcon.colcon_core.package_discovery:Crawling recursively for packages in '/home/eyiza/Desktop/msds_ws'
[3.818s] Level 1:colcon.colcon_core.package_identification:_identify(.) by extensions ['ignore', 'ignore_ament_install']
[3.818s] Level 1:colcon.colcon_core.package_identification:_identify(.) by extension 'ignore'
[3.818s] Level 1:colcon.colcon_core.package_identification:_identify(.) by extension 'ignore_ament_install'
[3.818s] Level 1:colcon.colcon_core.package_identification:_identify(.) by extensions ['colcon_pkg']
[3.818s] Level 1:colcon.colcon_core.package_identification:_identify(.) by extension 'colcon_pkg'
[3.818s] Level 1:colcon.colcon_core.package_identification:_identify(.) by extensions ['colcon_meta']
[3.818s] Level 1:colcon.colcon_core.package_identification:_identify(.) by extension 'colcon_meta'
[3.818s] Level 1:colcon.colcon_core.package_identification:_identify(.) by extensions ['ros']
[3.818s] Level 1:colcon.colcon_core.package_identification:_identify(.) by extension 'ros'
[3.849s] Level 1:colcon.colcon_core.package_identification:_identify(.) by extensions ['cmake', 'python']
[3.849s] Level 1:colcon.colcon_core.package_identification:_identify(.) by extension 'cmake'
[3.849s] Level 1:colcon.colcon_core.package_identification:_identify(.) by extension 'python'
[3.849s] Level 1:colcon.colcon_core.package_identification:_identify(.) by extensions ['python_setup_py']
[3.850s] Level 1:colcon.colcon_core.package_identification:_identify(.) by extension 'python_setup_py'
[3.850s] Level 1:colcon.colcon_core.package_identification:_identify(build) by extensions ['ignore', 'ignore_ament_install']
[3.850s] Level 1:colcon.colcon_core.package_identification:_identify(build) by extension 'ignore'
[3.850s] Level 1:colcon.colcon_core.package_identification:_identify(build) ignored
[3.850s] Level 1:colcon.colcon_core.package_identification:_identify(install) by extensions ['ignore', 'ignore_ament_install']
[3.850s] Level 1:colcon.colcon_core.package_identification:_identify(install) by extension 'ignore'
[3.850s] Level 1:colcon.colcon_core.package_identification:_identify(install) ignored
[3.850s] Level 1:colcon.colcon_core.package_identification:_identify(log) by extensions ['ignore', 'ignore_ament_install']
[3.850s] Level 1:colcon.colcon_core.package_identification:_identify(log) by extension 'ignore'
[3.850s] Level 1:colcon.colcon_core.package_identification:_identify(log) ignored
[3.850s] Level 1:colcon.colcon_core.package_identification:_identify(src) by extensions ['ignore', 'ignore_ament_install']
[3.850s] Level 1:colcon.colcon_core.package_identification:_identify(src) by extension 'ignore'
[3.850s] Level 1:colcon.colcon_core.package_identification:_identify(src) by extension 'ignore_ament_install'
[3.851s] Level 1:colcon.colcon_core.package_identification:_identify(src) by extensions ['colcon_pkg']
[3.851s] Level 1:colcon.colcon_core.package_identification:_identify(src) by extension 'colcon_pkg'
[3.851s] Level 1:colcon.colcon_core.package_identification:_identify(src) by extensions ['colcon_meta']
[3.851s] Level 1:colcon.colcon_core.package_identification:_identify(src) by extension 'colcon_meta'
[3.851s] Level 1:colcon.colcon_core.package_identification:_identify(src) by extensions ['ros']
[3.851s] Level 1:colcon.colcon_core.package_identification:_identify(src) by extension 'ros'
[3.851s] Level 1:colcon.colcon_core.package_identification:_identify(src) by extensions ['cmake', 'python']
[3.851s] Level 1:colcon.colcon_core.package_identification:_identify(src) by extension 'cmake'
[3.851s] Level 1:colcon.colcon_core.package_identification:_identify(src) by extension 'python'
[3.851s] Level 1:colcon.colcon_core.package_identification:_identify(src) by extensions ['python_setup_py']
[3.851s] Level 1:colcon.colcon_core.package_identification:_identify(src) by extension 'python_setup_py'
[3.851s] Level 1:colcon.colcon_core.package_identification:_identify(src/msds_bringup) by extensions ['ignore', 'ignore_ament_install']
[3.851s] Level 1:colcon.colcon_core.package_identification:_identify(src/msds_bringup) by extension 'ignore'
[3.851s] Level 1:colcon.colcon_core.package_identification:_identify(src/msds_bringup) by extension 'ignore_ament_install'
[3.851s] Level 1:colcon.colcon_core.package_identification:_identify(src/msds_bringup) by extensions ['colcon_pkg']
[3.851s] Level 1:colcon.colcon_core.package_identification:_identify(src/msds_bringup) by extension 'colcon_pkg'
[3.851s] Level 1:colcon.colcon_core.package_identification:_identify(src/msds_bringup) by extensions ['colcon_meta']
[3.851s] Level 1:colcon.colcon_core.package_identification:_identify(src/msds_bringup) by extension 'colcon_meta'
[3.851s] Level 1:colcon.colcon_core.package_identification:_identify(src/msds_bringup) by extensions ['ros']
[3.851s] Level 1:colcon.colcon_core.package_identification:_identify(src/msds_bringup) by extension 'ros'
[3.854s] DEBUG:colcon.colcon_core.package_identification:Package 'src/msds_bringup' with type 'ros.ament_cmake' and name 'msds_bringup'
[3.854s] Level 1:colcon.colcon_core.package_identification:_identify(src/msds_controller) by extensions ['ignore', 'ignore_ament_install']
[3.854s] Level 1:colcon.colcon_core.package_identification:_identify(src/msds_controller) by extension 'ignore'
[3.854s] Level 1:colcon.colcon_core.package_identification:_identify(src/msds_controller) by extension 'ignore_ament_install'
[3.854s] Level 1:colcon.colcon_core.package_identification:_identify(src/msds_controller) by extensions ['colcon_pkg']
[3.855s] Level 1:colcon.colcon_core.package_identification:_identify(src/msds_controller) by extension 'colcon_pkg'
[3.855s] Level 1:colcon.colcon_core.package_identification:_identify(src/msds_controller) by extensions ['colcon_meta']
[3.855s] Level 1:colcon.colcon_core.package_identification:_identify(src/msds_controller) by extension 'colcon_meta'
[3.855s] Level 1:colcon.colcon_core.package_identification:_identify(src/msds_controller) by extensions ['ros']
[3.855s] Level 1:colcon.colcon_core.package_identification:_identify(src/msds_controller) by extension 'ros'
[3.856s] DEBUG:colcon.colcon_core.package_identification:Package 'src/msds_controller' with type 'ros.ament_cmake' and name 'msds_controller'
[3.856s] Level 1:colcon.colcon_core.package_identification:_identify(src/msds_firmware) by extensions ['ignore', 'ignore_ament_install']
[3.856s] Level 1:colcon.colcon_core.package_identification:_identify(src/msds_firmware) by extension 'ignore'
[3.856s] Level 1:colcon.colcon_core.package_identification:_identify(src/msds_firmware) by extension 'ignore_ament_install'
[3.856s] Level 1:colcon.colcon_core.package_identification:_identify(src/msds_firmware) by extensions ['colcon_pkg']
[3.856s] Level 1:colcon.colcon_core.package_identification:_identify(src/msds_firmware) by extension 'colcon_pkg'
[3.856s] Level 1:colcon.colcon_core.package_identification:_identify(src/msds_firmware) by extensions ['colcon_meta']
[3.856s] Level 1:colcon.colcon_core.package_identification:_identify(src/msds_firmware) by extension 'colcon_meta'
[3.856s] Level 1:colcon.colcon_core.package_identification:_identify(src/msds_firmware) by extensions ['ros']
[3.856s] Level 1:colcon.colcon_core.package_identification:_identify(src/msds_firmware) by extension 'ros'
[3.858s] DEBUG:colcon.colcon_core.package_identification:Package 'src/msds_firmware' with type 'ros.ament_cmake' and name 'msds_firmware'
[3.858s] Level 1:colcon.colcon_core.package_identification:_identify(src/msds_localization) by extensions ['ignore', 'ignore_ament_install']
[3.858s] Level 1:colcon.colcon_core.package_identification:_identify(src/msds_localization) by extension 'ignore'
[3.858s] Level 1:colcon.colcon_core.package_identification:_identify(src/msds_localization) by extension 'ignore_ament_install'
[3.858s] Level 1:colcon.colcon_core.package_identification:_identify(src/msds_localization) by extensions ['colcon_pkg']
[3.858s] Level 1:colcon.colcon_core.package_identification:_identify(src/msds_localization) by extension 'colcon_pkg'
[3.858s] Level 1:colcon.colcon_core.package_identification:_identify(src/msds_localization) by extensions ['colcon_meta']
[3.858s] Level 1:colcon.colcon_core.package_identification:_identify(src/msds_localization) by extension 'colcon_meta'
[3.858s] Level 1:colcon.colcon_core.package_identification:_identify(src/msds_localization) by extensions ['ros']
[3.858s] Level 1:colcon.colcon_core.package_identification:_identify(src/msds_localization) by extension 'ros'
[3.859s] DEBUG:colcon.colcon_core.package_identification:Package 'src/msds_localization' with type 'ros.ament_cmake' and name 'msds_localization'
[3.859s] Level 1:colcon.colcon_core.package_discovery:discover_packages(recursive) using defaults
[3.859s] Level 1:colcon.colcon_core.package_discovery:discover_packages(ignore) discover
[3.859s] Level 1:colcon.colcon_core.package_discovery:discover_packages(ignore) using defaults
[3.859s] Level 1:colcon.colcon_core.package_discovery:discover_packages(path) discover
[3.859s] Level 1:colcon.colcon_core.package_discovery:discover_packages(path) using defaults
[4.178s] Level 1:colcon.colcon_core.package_discovery:discover_packages(prefix_path) check parameters
[4.178s] Level 1:colcon.colcon_core.package_discovery:discover_packages(prefix_path) discover
[4.453s] DEBUG:colcon.colcon_installed_package_information.package_discovery:Found 8 installed packages in /home/eyiza/Desktop/SelfDriving/bumperbot_ws/install
[4.455s] DEBUG:colcon.colcon_installed_package_information.package_discovery:Found 2 installed packages in /home/eyiza/Desktop/ROS/urdf_ws/install
[4.456s] DEBUG:colcon.colcon_installed_package_information.package_discovery:Found 5 installed packages in /home/eyiza/Desktop/ROS/ros_ws/install
[4.462s] DEBUG:colcon.colcon_installed_package_information.package_discovery:Found 386 installed packages in /opt/ros/jazzy
[4.465s] Level 1:colcon.colcon_core.package_discovery:discover_packages(prefix_path) using defaults
[4.546s] Level 5:colcon.colcon_core.verb:set package 'msds_bringup' build argument 'cmake_args' from command line to 'None'
[4.546s] Level 5:colcon.colcon_core.verb:set package 'msds_bringup' build argument 'cmake_target' from command line to 'None'
[4.546s] Level 5:colcon.colcon_core.verb:set package 'msds_bringup' build argument 'cmake_target_skip_unavailable' from command line to 'False'
[4.546s] Level 5:colcon.colcon_core.verb:set package 'msds_bringup' build argument 'cmake_clean_cache' from command line to 'False'
[4.546s] Level 5:colcon.colcon_core.verb:set package 'msds_bringup' build argument 'cmake_clean_first' from command line to 'False'
[4.547s] Level 5:colcon.colcon_core.verb:set package 'msds_bringup' build argument 'cmake_force_configure' from command line to 'False'
[4.547s] Level 5:colcon.colcon_core.verb:set package 'msds_bringup' build argument 'ament_cmake_args' from command line to 'None'
[4.547s] Level 5:colcon.colcon_core.verb:set package 'msds_bringup' build argument 'catkin_cmake_args' from command line to 'None'
[4.547s] Level 5:colcon.colcon_core.verb:set package 'msds_bringup' build argument 'catkin_skip_building_tests' from command line to 'False'
[4.547s] DEBUG:colcon.colcon_core.verb:Building package 'msds_bringup' with the following arguments: {'ament_cmake_args': None, 'build_base': '/home/eyiza/Desktop/msds_ws/build/msds_bringup', 'catkin_cmake_args': None, 'catkin_skip_building_tests': False, 'cmake_args': None, 'cmake_clean_cache': False, 'cmake_clean_first': False, 'cmake_force_configure': False, 'cmake_target': None, 'cmake_target_skip_unavailable': False, 'install_base': '/home/eyiza/Desktop/msds_ws/install/msds_bringup', 'merge_install': False, 'path': '/home/eyiza/Desktop/msds_ws/src/msds_bringup', 'symlink_install': False, 'test_result_base': None}
[4.547s] Level 5:colcon.colcon_core.verb:set package 'msds_controller' build argument 'cmake_args' from command line to 'None'
[4.547s] Level 5:colcon.colcon_core.verb:set package 'msds_controller' build argument 'cmake_target' from command line to 'None'
[4.547s] Level 5:colcon.colcon_core.verb:set package 'msds_controller' build argument 'cmake_target_skip_unavailable' from command line to 'False'
[4.547s] Level 5:colcon.colcon_core.verb:set package 'msds_controller' build argument 'cmake_clean_cache' from command line to 'False'
[4.547s] Level 5:colcon.colcon_core.verb:set package 'msds_controller' build argument 'cmake_clean_first' from command line to 'False'
[4.547s] Level 5:colcon.colcon_core.verb:set package 'msds_controller' build argument 'cmake_force_configure' from command line to 'False'
[4.547s] Level 5:colcon.colcon_core.verb:set package 'msds_controller' build argument 'ament_cmake_args' from command line to 'None'
[4.547s] Level 5:colcon.colcon_core.verb:set package 'msds_controller' build argument 'catkin_cmake_args' from command line to 'None'
[4.547s] Level 5:colcon.colcon_core.verb:set package 'msds_controller' build argument 'catkin_skip_building_tests' from command line to 'False'
[4.547s] DEBUG:colcon.colcon_core.verb:Building package 'msds_controller' with the following arguments: {'ament_cmake_args': None, 'build_base': '/home/eyiza/Desktop/msds_ws/build/msds_controller', 'catkin_cmake_args': None, 'catkin_skip_building_tests': False, 'cmake_args': None, 'cmake_clean_cache': False, 'cmake_clean_first': False, 'cmake_force_configure': False, 'cmake_target': None, 'cmake_target_skip_unavailable': False, 'install_base': '/home/eyiza/Desktop/msds_ws/install/msds_controller', 'merge_install': False, 'path': '/home/eyiza/Desktop/msds_ws/src/msds_controller', 'symlink_install': False, 'test_result_base': None}
[4.547s] Level 5:colcon.colcon_core.verb:set package 'msds_firmware' build argument 'cmake_args' from command line to 'None'
[4.547s] Level 5:colcon.colcon_core.verb:set package 'msds_firmware' build argument 'cmake_target' from command line to 'None'
[4.548s] Level 5:colcon.colcon_core.verb:set package 'msds_firmware' build argument 'cmake_target_skip_unavailable' from command line to 'False'
[4.548s] Level 5:colcon.colcon_core.verb:set package 'msds_firmware' build argument 'cmake_clean_cache' from command line to 'False'
[4.548s] Level 5:colcon.colcon_core.verb:set package 'msds_firmware' build argument 'cmake_clean_first' from command line to 'False'
[4.548s] Level 5:colcon.colcon_core.verb:set package 'msds_firmware' build argument 'cmake_force_configure' from command line to 'False'
[4.548s] Level 5:colcon.colcon_core.verb:set package 'msds_firmware' build argument 'ament_cmake_args' from command line to 'None'
[4.548s] Level 5:colcon.colcon_core.verb:set package 'msds_firmware' build argument 'catkin_cmake_args' from command line to 'None'
[4.548s] Level 5:colcon.colcon_core.verb:set package 'msds_firmware' build argument 'catkin_skip_building_tests' from command line to 'False'
[4.548s] DEBUG:colcon.colcon_core.verb:Building package 'msds_firmware' with the following arguments: {'ament_cmake_args': None, 'build_base': '/home/eyiza/Desktop/msds_ws/build/msds_firmware', 'catkin_cmake_args': None, 'catkin_skip_building_tests': False, 'cmake_args': None, 'cmake_clean_cache': False, 'cmake_clean_first': False, 'cmake_force_configure': False, 'cmake_target': None, 'cmake_target_skip_unavailable': False, 'install_base': '/home/eyiza/Desktop/msds_ws/install/msds_firmware', 'merge_install': False, 'path': '/home/eyiza/Desktop/msds_ws/src/msds_firmware', 'symlink_install': False, 'test_result_base': None}
[4.548s] Level 5:colcon.colcon_core.verb:set package 'msds_localization' build argument 'cmake_args' from command line to 'None'
[4.548s] Level 5:colcon.colcon_core.verb:set package 'msds_localization' build argument 'cmake_target' from command line to 'None'
[4.548s] Level 5:colcon.colcon_core.verb:set package 'msds_localization' build argument 'cmake_target_skip_unavailable' from command line to 'False'
[4.548s] Level 5:colcon.colcon_core.verb:set package 'msds_localization' build argument 'cmake_clean_cache' from command line to 'False'
[4.548s] Level 5:colcon.colcon_core.verb:set package 'msds_localization' build argument 'cmake_clean_first' from command line to 'False'
[4.548s] Level 5:colcon.colcon_core.verb:set package 'msds_localization' build argument 'cmake_force_configure' from command line to 'False'
[4.548s] Level 5:colcon.colcon_core.verb:set package 'msds_localization' build argument 'ament_cmake_args' from command line to 'None'
[4.548s] Level 5:colcon.colcon_core.verb:set package 'msds_localization' build argument 'catkin_cmake_args' from command line to 'None'
[4.548s] Level 5:colcon.colcon_core.verb:set package 'msds_localization' build argument 'catkin_skip_building_tests' from command line to 'False'
[4.549s] DEBUG:colcon.colcon_core.verb:Building package 'msds_localization' with the following arguments: {'ament_cmake_args': None, 'build_base': '/home/eyiza/Desktop/msds_ws/build/msds_localization', 'catkin_cmake_args': None, 'catkin_skip_building_tests': False, 'cmake_args': None, 'cmake_clean_cache': False, 'cmake_clean_first': False, 'cmake_force_configure': False, 'cmake_target': None, 'cmake_target_skip_unavailable': False, 'install_base': '/home/eyiza/Desktop/msds_ws/install/msds_localization', 'merge_install': False, 'path': '/home/eyiza/Desktop/msds_ws/src/msds_localization', 'symlink_install': False, 'test_result_base': None}
[4.549s] INFO:colcon.colcon_core.executor:Executing jobs using 'parallel' executor
[4.550s] DEBUG:colcon.colcon_parallel_executor.executor.parallel:run_until_complete
[4.550s] INFO:colcon.colcon_ros.task.ament_cmake.build:Building ROS package in '/home/eyiza/Desktop/msds_ws/src/msds_bringup' with build type 'ament_cmake'
[4.550s] INFO:colcon.colcon_cmake.task.cmake.build:Building CMake package in '/home/eyiza/Desktop/msds_ws/src/msds_bringup'
[4.605s] INFO:colcon.colcon_core.plugin_system:Skipping extension 'colcon_core.shell.bat': Not used on non-Windows systems
[4.606s] INFO:colcon.colcon_core.shell:Skip shell extension 'powershell' for command environment: Not usable outside of PowerShell
[4.606s] DEBUG:colcon.colcon_core.shell:Skip shell extension 'dsv' for command environment
[4.682s] INFO:colcon.colcon_ros.task.ament_cmake.build:Building ROS package in '/home/eyiza/Desktop/msds_ws/src/msds_controller' with build type 'ament_cmake'
[4.682s] INFO:colcon.colcon_cmake.task.cmake.build:Building CMake package in '/home/eyiza/Desktop/msds_ws/src/msds_controller'
[4.683s] INFO:colcon.colcon_core.shell:Skip shell extension 'powershell' for command environment: Not usable outside of PowerShell
[4.684s] DEBUG:colcon.colcon_core.shell:Skip shell extension 'dsv' for command environment
[4.706s] INFO:colcon.colcon_ros.task.ament_cmake.build:Building ROS package in '/home/eyiza/Desktop/msds_ws/src/msds_firmware' with build type 'ament_cmake'
[4.707s] INFO:colcon.colcon_cmake.task.cmake.build:Building CMake package in '/home/eyiza/Desktop/msds_ws/src/msds_firmware'
[4.708s] INFO:colcon.colcon_core.shell:Skip shell extension 'powershell' for command environment: Not usable outside of PowerShell
[4.708s] DEBUG:colcon.colcon_core.shell:Skip shell extension 'dsv' for command environment
[4.722s] INFO:colcon.colcon_ros.task.ament_cmake.build:Building ROS package in '/home/eyiza/Desktop/msds_ws/src/msds_localization' with build type 'ament_cmake'
[4.722s] INFO:colcon.colcon_cmake.task.cmake.build:Building CMake package in '/home/eyiza/Desktop/msds_ws/src/msds_localization'
[4.722s] INFO:colcon.colcon_core.shell:Skip shell extension 'powershell' for command environment: Not usable outside of PowerShell
[4.722s] DEBUG:colcon.colcon_core.shell:Skip shell extension 'dsv' for command environment
[4.805s] DEBUG:colcon.colcon_core.event_handler.log_command:Invoking command in '/home/eyiza/Desktop/msds_ws/build/msds_bringup': CMAKE_PREFIX_PATH=${CMAKE_PREFIX_PATH}:/home/eyiza/Desktop/SelfDriving/bumperbot_ws/install/bumperbot_py_examples:/home/eyiza/Desktop/ROS/ros_ws/install/turtlesim_py:/home/eyiza/Desktop/ROS/ros_ws/install/my_py_pkg:/opt/ros/jazzy DEBUGINFOD_URLS=https://debuginfod.ubuntu.com /usr/bin/cmake --build /home/eyiza/Desktop/msds_ws/build/msds_bringup -- -j8 -l8
[5.042s] DEBUG:colcon.colcon_core.event_handler.log_command:Invoking command in '/home/eyiza/Desktop/msds_ws/build/msds_controller': CMAKE_PREFIX_PATH=${CMAKE_PREFIX_PATH}:/home/eyiza/Desktop/SelfDriving/bumperbot_ws/install/bumperbot_py_examples:/home/eyiza/Desktop/ROS/ros_ws/install/turtlesim_py:/home/eyiza/Desktop/ROS/ros_ws/install/my_py_pkg:/opt/ros/jazzy DEBUGINFOD_URLS=https://debuginfod.ubuntu.com /usr/bin/cmake --build /home/eyiza/Desktop/msds_ws/build/msds_controller -- -j8 -l8
[5.154s] DEBUG:colcon.colcon_core.event_handler.log_command:Invoking command in '/home/eyiza/Desktop/msds_ws/build/msds_firmware': CMAKE_PREFIX_PATH=${CMAKE_PREFIX_PATH}:/home/eyiza/Desktop/SelfDriving/bumperbot_ws/install/bumperbot_py_examples:/home/eyiza/Desktop/ROS/ros_ws/install/turtlesim_py:/home/eyiza/Desktop/ROS/ros_ws/install/my_py_pkg:/opt/ros/jazzy DEBUGINFOD_URLS=https://debuginfod.ubuntu.com /usr/bin/cmake --build /home/eyiza/Desktop/msds_ws/build/msds_firmware -- -j8 -l8
[5.241s] DEBUG:colcon.colcon_core.event_handler.log_command:Invoking command in '/home/eyiza/Desktop/msds_ws/build/msds_localization': CMAKE_PREFIX_PATH=${CMAKE_PREFIX_PATH}:/home/eyiza/Desktop/SelfDriving/bumperbot_ws/install/bumperbot_py_examples:/home/eyiza/Desktop/ROS/ros_ws/install/turtlesim_py:/home/eyiza/Desktop/ROS/ros_ws/install/my_py_pkg:/opt/ros/jazzy DEBUGINFOD_URLS=https://debuginfod.ubuntu.com /usr/bin/cmake --build /home/eyiza/Desktop/msds_ws/build/msds_localization -- -j8 -l8
[5.878s] DEBUG:colcon.colcon_core.event_handler.log_command:Invoked command in '/home/eyiza/Desktop/msds_ws/build/msds_bringup' returned '0': CMAKE_PREFIX_PATH=${CMAKE_PREFIX_PATH}:/home/eyiza/Desktop/SelfDriving/bumperbot_ws/install/bumperbot_py_examples:/home/eyiza/Desktop/ROS/ros_ws/install/turtlesim_py:/home/eyiza/Desktop/ROS/ros_ws/install/my_py_pkg:/opt/ros/jazzy DEBUGINFOD_URLS=https://debuginfod.ubuntu.com /usr/bin/cmake --build /home/eyiza/Desktop/msds_ws/build/msds_bringup -- -j8 -l8
[5.892s] DEBUG:colcon.colcon_core.event_handler.log_command:Invoking command in '/home/eyiza/Desktop/msds_ws/build/msds_bringup': CMAKE_PREFIX_PATH=${CMAKE_PREFIX_PATH}:/home/eyiza/Desktop/SelfDriving/bumperbot_ws/install/bumperbot_py_examples:/home/eyiza/Desktop/ROS/ros_ws/install/turtlesim_py:/home/eyiza/Desktop/ROS/ros_ws/install/my_py_pkg:/opt/ros/jazzy DEBUGINFOD_URLS=https://debuginfod.ubuntu.com /usr/bin/cmake --install /home/eyiza/Desktop/msds_ws/build/msds_bringup
[5.907s] Level 1:colcon.colcon_core.environment:create_environment_scripts_only(msds_bringup)
[5.908s] DEBUG:colcon.colcon_core.event_handler.log_command:Invoked command in '/home/eyiza/Desktop/msds_ws/build/msds_bringup' returned '0': CMAKE_PREFIX_PATH=${CMAKE_PREFIX_PATH}:/home/eyiza/Desktop/SelfDriving/bumperbot_ws/install/bumperbot_py_examples:/home/eyiza/Desktop/ROS/ros_ws/install/turtlesim_py:/home/eyiza/Desktop/ROS/ros_ws/install/my_py_pkg:/opt/ros/jazzy DEBUGINFOD_URLS=https://debuginfod.ubuntu.com /usr/bin/cmake --install /home/eyiza/Desktop/msds_ws/build/msds_bringup
[5.937s] Level 1:colcon.colcon_core.environment:checking '/home/eyiza/Desktop/msds_ws/install/msds_bringup' for CMake module files
[5.938s] Level 1:colcon.colcon_core.environment:checking '/home/eyiza/Desktop/msds_ws/install/msds_bringup' for CMake config files
[5.938s] Level 1:colcon.colcon_core.shell:create_environment_hook('msds_bringup', 'cmake_prefix_path')
[5.939s] INFO:colcon.colcon_core.shell:Creating environment hook '/home/eyiza/Desktop/msds_ws/install/msds_bringup/share/msds_bringup/hook/cmake_prefix_path.ps1'
[5.939s] INFO:colcon.colcon_core.shell:Creating environment descriptor '/home/eyiza/Desktop/msds_ws/install/msds_bringup/share/msds_bringup/hook/cmake_prefix_path.dsv'
[5.940s] INFO:colcon.colcon_core.shell:Creating environment hook '/home/eyiza/Desktop/msds_ws/install/msds_bringup/share/msds_bringup/hook/cmake_prefix_path.sh'
[5.941s] Level 1:colcon.colcon_core.environment:checking '/home/eyiza/Desktop/msds_ws/install/msds_bringup/bin'
[5.941s] Level 1:colcon.colcon_core.environment:checking '/home/eyiza/Desktop/msds_ws/install/msds_bringup/lib/pkgconfig/msds_bringup.pc'
[5.941s] Level 1:colcon.colcon_core.environment:checking '/home/eyiza/Desktop/msds_ws/install/msds_bringup/lib/python3.12/site-packages'
[5.942s] Level 1:colcon.colcon_core.environment:checking '/home/eyiza/Desktop/msds_ws/install/msds_bringup/bin'
[5.942s] INFO:colcon.colcon_core.shell:Creating package script '/home/eyiza/Desktop/msds_ws/install/msds_bringup/share/msds_bringup/package.ps1'
[5.943s] INFO:colcon.colcon_core.shell:Creating package descriptor '/home/eyiza/Desktop/msds_ws/install/msds_bringup/share/msds_bringup/package.dsv'
[5.944s] INFO:colcon.colcon_core.shell:Creating package script '/home/eyiza/Desktop/msds_ws/install/msds_bringup/share/msds_bringup/package.sh'
[5.945s] INFO:colcon.colcon_core.shell:Creating package script '/home/eyiza/Desktop/msds_ws/install/msds_bringup/share/msds_bringup/package.bash'
[5.946s] INFO:colcon.colcon_core.shell:Creating package script '/home/eyiza/Desktop/msds_ws/install/msds_bringup/share/msds_bringup/package.zsh'
[5.947s] Level 1:colcon.colcon_core.environment:create_file_with_runtime_dependencies(/home/eyiza/Desktop/msds_ws/install/msds_bringup/share/colcon-core/packages/msds_bringup)
[5.948s] Level 1:colcon.colcon_core.environment:create_environment_scripts_only(msds_bringup)
[5.948s] Level 1:colcon.colcon_core.environment:checking '/home/eyiza/Desktop/msds_ws/install/msds_bringup' for CMake module files
[5.949s] Level 1:colcon.colcon_core.environment:checking '/home/eyiza/Desktop/msds_ws/install/msds_bringup' for CMake config files
[5.950s] Level 1:colcon.colcon_core.shell:create_environment_hook('msds_bringup', 'cmake_prefix_path')
[5.950s] INFO:colcon.colcon_core.shell:Creating environment hook '/home/eyiza/Desktop/msds_ws/install/msds_bringup/share/msds_bringup/hook/cmake_prefix_path.ps1'
[5.951s] INFO:colcon.colcon_core.shell:Creating environment descriptor '/home/eyiza/Desktop/msds_ws/install/msds_bringup/share/msds_bringup/hook/cmake_prefix_path.dsv'
[5.951s] INFO:colcon.colcon_core.shell:Creating environment hook '/home/eyiza/Desktop/msds_ws/install/msds_bringup/share/msds_bringup/hook/cmake_prefix_path.sh'
[5.952s] Level 1:colcon.colcon_core.environment:checking '/home/eyiza/Desktop/msds_ws/install/msds_bringup/bin'
[5.952s] Level 1:colcon.colcon_core.environment:checking '/home/eyiza/Desktop/msds_ws/install/msds_bringup/lib/pkgconfig/msds_bringup.pc'
[5.953s] Level 1:colcon.colcon_core.environment:checking '/home/eyiza/Desktop/msds_ws/install/msds_bringup/lib/python3.12/site-packages'
[5.953s] Level 1:colcon.colcon_core.environment:checking '/home/eyiza/Desktop/msds_ws/install/msds_bringup/bin'
[5.953s] INFO:colcon.colcon_core.shell:Creating package script '/home/eyiza/Desktop/msds_ws/install/msds_bringup/share/msds_bringup/package.ps1'
[5.954s] INFO:colcon.colcon_core.shell:Creating package descriptor '/home/eyiza/Desktop/msds_ws/install/msds_bringup/share/msds_bringup/package.dsv'
[5.955s] INFO:colcon.colcon_core.shell:Creating package script '/home/eyiza/Desktop/msds_ws/install/msds_bringup/share/msds_bringup/package.sh'
[5.956s] INFO:colcon.colcon_core.shell:Creating package script '/home/eyiza/Desktop/msds_ws/install/msds_bringup/share/msds_bringup/package.bash'
[5.956s] INFO:colcon.colcon_core.shell:Creating package script '/home/eyiza/Desktop/msds_ws/install/msds_bringup/share/msds_bringup/package.zsh'
[5.957s] Level 1:colcon.colcon_core.environment:create_file_with_runtime_dependencies(/home/eyiza/Desktop/msds_ws/install/msds_bringup/share/colcon-core/packages/msds_bringup)
[6.374s] DEBUG:colcon.colcon_core.event_handler.log_command:Invoked command in '/home/eyiza/Desktop/msds_ws/build/msds_firmware' returned '0': CMAKE_PREFIX_PATH=${CMAKE_PREFIX_PATH}:/home/eyiza/Desktop/SelfDriving/bumperbot_ws/install/bumperbot_py_examples:/home/eyiza/Desktop/ROS/ros_ws/install/turtlesim_py:/home/eyiza/Desktop/ROS/ros_ws/install/my_py_pkg:/opt/ros/jazzy DEBUGINFOD_URLS=https://debuginfod.ubuntu.com /usr/bin/cmake --build /home/eyiza/Desktop/msds_ws/build/msds_firmware -- -j8 -l8
[6.376s] DEBUG:colcon.colcon_core.event_handler.log_command:Invoking command in '/home/eyiza/Desktop/msds_ws/build/msds_firmware': CMAKE_PREFIX_PATH=${CMAKE_PREFIX_PATH}:/home/eyiza/Desktop/SelfDriving/bumperbot_ws/install/bumperbot_py_examples:/home/eyiza/Desktop/ROS/ros_ws/install/turtlesim_py:/home/eyiza/Desktop/ROS/ros_ws/install/my_py_pkg:/opt/ros/jazzy DEBUGINFOD_URLS=https://debuginfod.ubuntu.com /usr/bin/cmake --install /home/eyiza/Desktop/msds_ws/build/msds_firmware
[6.421s] DEBUG:colcon.colcon_core.event_handler.log_command:Invoked command in '/home/eyiza/Desktop/msds_ws/build/msds_controller' returned '0': CMAKE_PREFIX_PATH=${CMAKE_PREFIX_PATH}:/home/eyiza/Desktop/SelfDriving/bumperbot_ws/install/bumperbot_py_examples:/home/eyiza/Desktop/ROS/ros_ws/install/turtlesim_py:/home/eyiza/Desktop/ROS/ros_ws/install/my_py_pkg:/opt/ros/jazzy DEBUGINFOD_URLS=https://debuginfod.ubuntu.com /usr/bin/cmake --build /home/eyiza/Desktop/msds_ws/build/msds_controller -- -j8 -l8
[6.422s] DEBUG:colcon.colcon_core.event_handler.log_command:Invoking command in '/home/eyiza/Desktop/msds_ws/build/msds_controller': CMAKE_PREFIX_PATH=${CMAKE_PREFIX_PATH}:/home/eyiza/Desktop/SelfDriving/bumperbot_ws/install/bumperbot_py_examples:/home/eyiza/Desktop/ROS/ros_ws/install/turtlesim_py:/home/eyiza/Desktop/ROS/ros_ws/install/my_py_pkg:/opt/ros/jazzy DEBUGINFOD_URLS=https://debuginfod.ubuntu.com /usr/bin/cmake --install /home/eyiza/Desktop/msds_ws/build/msds_controller
[6.454s] Level 1:colcon.colcon_core.environment:create_environment_scripts_only(msds_firmware)
[6.455s] Level 1:colcon.colcon_core.environment:checking '/home/eyiza/Desktop/msds_ws/install/msds_firmware' for CMake module files
[6.456s] DEBUG:colcon.colcon_core.event_handler.log_command:Invoked command in '/home/eyiza/Desktop/msds_ws/build/msds_firmware' returned '0': CMAKE_PREFIX_PATH=${CMAKE_PREFIX_PATH}:/home/eyiza/Desktop/SelfDriving/bumperbot_ws/install/bumperbot_py_examples:/home/eyiza/Desktop/ROS/ros_ws/install/turtlesim_py:/home/eyiza/Desktop/ROS/ros_ws/install/my_py_pkg:/opt/ros/jazzy DEBUGINFOD_URLS=https://debuginfod.ubuntu.com /usr/bin/cmake --install /home/eyiza/Desktop/msds_ws/build/msds_firmware
[6.456s] Level 1:colcon.colcon_core.environment:checking '/home/eyiza/Desktop/msds_ws/install/msds_firmware' for CMake config files
[6.457s] Level 1:colcon.colcon_core.shell:create_environment_hook('msds_firmware', 'cmake_prefix_path')
[6.457s] INFO:colcon.colcon_core.shell:Creating environment hook '/home/eyiza/Desktop/msds_ws/install/msds_firmware/share/msds_firmware/hook/cmake_prefix_path.ps1'
[6.458s] INFO:colcon.colcon_core.shell:Creating environment descriptor '/home/eyiza/Desktop/msds_ws/install/msds_firmware/share/msds_firmware/hook/cmake_prefix_path.dsv'
[6.458s] INFO:colcon.colcon_core.shell:Creating environment hook '/home/eyiza/Desktop/msds_ws/install/msds_firmware/share/msds_firmware/hook/cmake_prefix_path.sh'
[6.459s] Level 1:colcon.colcon_core.environment:checking '/home/eyiza/Desktop/msds_ws/install/msds_firmware/lib'
[6.459s] Level 1:colcon.colcon_core.environment:checking '/home/eyiza/Desktop/msds_ws/install/msds_firmware/bin'
[6.459s] Level 1:colcon.colcon_core.environment:checking '/home/eyiza/Desktop/msds_ws/install/msds_firmware/lib/pkgconfig/msds_firmware.pc'
[6.459s] Level 1:colcon.colcon_core.environment:checking '/home/eyiza/Desktop/msds_ws/install/msds_firmware/lib/python3.12/site-packages'
[6.459s] Level 1:colcon.colcon_core.shell:create_environment_hook('msds_firmware', 'pythonpath')
[6.460s] INFO:colcon.colcon_core.shell:Creating environment hook '/home/eyiza/Desktop/msds_ws/install/msds_firmware/share/msds_firmware/hook/pythonpath.ps1'
[6.460s] INFO:colcon.colcon_core.shell:Creating environment descriptor '/home/eyiza/Desktop/msds_ws/install/msds_firmware/share/msds_firmware/hook/pythonpath.dsv'
[6.461s] INFO:colcon.colcon_core.shell:Creating environment hook '/home/eyiza/Desktop/msds_ws/install/msds_firmware/share/msds_firmware/hook/pythonpath.sh'
[6.461s] Level 1:colcon.colcon_core.environment:checking '/home/eyiza/Desktop/msds_ws/install/msds_firmware/bin'
[6.462s] INFO:colcon.colcon_core.shell:Creating package script '/home/eyiza/Desktop/msds_ws/install/msds_firmware/share/msds_firmware/package.ps1'
[6.463s] INFO:colcon.colcon_core.shell:Creating package descriptor '/home/eyiza/Desktop/msds_ws/install/msds_firmware/share/msds_firmware/package.dsv'
[6.463s] INFO:colcon.colcon_core.shell:Creating package script '/home/eyiza/Desktop/msds_ws/install/msds_firmware/share/msds_firmware/package.sh'
[6.464s] INFO:colcon.colcon_core.shell:Creating package script '/home/eyiza/Desktop/msds_ws/install/msds_firmware/share/msds_firmware/package.bash'
[6.464s] INFO:colcon.colcon_core.shell:Creating package script '/home/eyiza/Desktop/msds_ws/install/msds_firmware/share/msds_firmware/package.zsh'
[6.465s] Level 1:colcon.colcon_core.environment:create_file_with_runtime_dependencies(/home/eyiza/Desktop/msds_ws/install/msds_firmware/share/colcon-core/packages/msds_firmware)
[6.522s] Level 1:colcon.colcon_core.environment:create_environment_scripts_only(msds_firmware)
[6.522s] Level 1:colcon.colcon_core.environment:checking '/home/eyiza/Desktop/msds_ws/install/msds_firmware' for CMake module files
[6.523s] Level 1:colcon.colcon_core.environment:checking '/home/eyiza/Desktop/msds_ws/install/msds_firmware' for CMake config files
[6.527s] Level 1:colcon.colcon_core.shell:create_environment_hook('msds_firmware', 'cmake_prefix_path')
[6.527s] INFO:colcon.colcon_core.shell:Creating environment hook '/home/eyiza/Desktop/msds_ws/install/msds_firmware/share/msds_firmware/hook/cmake_prefix_path.ps1'
[6.528s] INFO:colcon.colcon_core.shell:Creating environment descriptor '/home/eyiza/Desktop/msds_ws/install/msds_firmware/share/msds_firmware/hook/cmake_prefix_path.dsv'
[6.528s] INFO:colcon.colcon_core.shell:Creating environment hook '/home/eyiza/Desktop/msds_ws/install/msds_firmware/share/msds_firmware/hook/cmake_prefix_path.sh'
[6.529s] Level 1:colcon.colcon_core.environment:checking '/home/eyiza/Desktop/msds_ws/install/msds_firmware/lib'
[6.529s] Level 1:colcon.colcon_core.environment:checking '/home/eyiza/Desktop/msds_ws/install/msds_firmware/bin'
[6.529s] Level 1:colcon.colcon_core.environment:checking '/home/eyiza/Desktop/msds_ws/install/msds_firmware/lib/pkgconfig/msds_firmware.pc'
[6.530s] Level 1:colcon.colcon_core.environment:checking '/home/eyiza/Desktop/msds_ws/install/msds_firmware/lib/python3.12/site-packages'
[6.530s] Level 1:colcon.colcon_core.shell:create_environment_hook('msds_firmware', 'pythonpath')
[6.530s] INFO:colcon.colcon_core.shell:Creating environment hook '/home/eyiza/Desktop/msds_ws/install/msds_firmware/share/msds_firmware/hook/pythonpath.ps1'
[6.531s] INFO:colcon.colcon_core.shell:Creating environment descriptor '/home/eyiza/Desktop/msds_ws/install/msds_firmware/share/msds_firmware/hook/pythonpath.dsv'
[6.532s] INFO:colcon.colcon_core.shell:Creating environment hook '/home/eyiza/Desktop/msds_ws/install/msds_firmware/share/msds_firmware/hook/pythonpath.sh'
[6.533s] Level 1:colcon.colcon_core.environment:checking '/home/eyiza/Desktop/msds_ws/install/msds_firmware/bin'
[6.533s] INFO:colcon.colcon_core.shell:Creating package script '/home/eyiza/Desktop/msds_ws/install/msds_firmware/share/msds_firmware/package.ps1'
[6.534s] INFO:colcon.colcon_core.shell:Creating package descriptor '/home/eyiza/Desktop/msds_ws/install/msds_firmware/share/msds_firmware/package.dsv'
[6.535s] INFO:colcon.colcon_core.shell:Creating package script '/home/eyiza/Desktop/msds_ws/install/msds_firmware/share/msds_firmware/package.sh'
[6.535s] INFO:colcon.colcon_core.shell:Creating package script '/home/eyiza/Desktop/msds_ws/install/msds_firmware/share/msds_firmware/package.bash'
[6.536s] INFO:colcon.colcon_core.shell:Creating package script '/home/eyiza/Desktop/msds_ws/install/msds_firmware/share/msds_firmware/package.zsh'
[6.536s] Level 1:colcon.colcon_core.environment:create_file_with_runtime_dependencies(/home/eyiza/Desktop/msds_ws/install/msds_firmware/share/colcon-core/packages/msds_firmware)
[6.538s] Level 1:colcon.colcon_core.environment:create_environment_scripts_only(msds_controller)
[6.538s] Level 1:colcon.colcon_core.environment:checking '/home/eyiza/Desktop/msds_ws/install/msds_controller' for CMake module files
[6.539s] Level 1:colcon.colcon_core.environment:checking '/home/eyiza/Desktop/msds_ws/install/msds_controller' for CMake config files
[6.540s] Level 1:colcon.colcon_core.shell:create_environment_hook('msds_controller', 'cmake_prefix_path')
[6.540s] INFO:colcon.colcon_core.shell:Creating environment hook '/home/eyiza/Desktop/msds_ws/install/msds_controller/share/msds_controller/hook/cmake_prefix_path.ps1'
[6.541s] DEBUG:colcon.colcon_core.event_handler.log_command:Invoked command in '/home/eyiza/Desktop/msds_ws/build/msds_controller' returned '0': CMAKE_PREFIX_PATH=${CMAKE_PREFIX_PATH}:/home/eyiza/Desktop/SelfDriving/bumperbot_ws/install/bumperbot_py_examples:/home/eyiza/Desktop/ROS/ros_ws/install/turtlesim_py:/home/eyiza/Desktop/ROS/ros_ws/install/my_py_pkg:/opt/ros/jazzy DEBUGINFOD_URLS=https://debuginfod.ubuntu.com /usr/bin/cmake --install /home/eyiza/Desktop/msds_ws/build/msds_controller
[6.541s] INFO:colcon.colcon_core.shell:Creating environment descriptor '/home/eyiza/Desktop/msds_ws/install/msds_controller/share/msds_controller/hook/cmake_prefix_path.dsv'
[6.542s] INFO:colcon.colcon_core.shell:Creating environment hook '/home/eyiza/Desktop/msds_ws/install/msds_controller/share/msds_controller/hook/cmake_prefix_path.sh'
[6.543s] Level 1:colcon.colcon_core.environment:checking '/home/eyiza/Desktop/msds_ws/install/msds_controller/lib'
[6.543s] Level 1:colcon.colcon_core.environment:checking '/home/eyiza/Desktop/msds_ws/install/msds_controller/bin'
[6.543s] Level 1:colcon.colcon_core.environment:checking '/home/eyiza/Desktop/msds_ws/install/msds_controller/lib/pkgconfig/msds_controller.pc'
[6.543s] Level 1:colcon.colcon_core.environment:checking '/home/eyiza/Desktop/msds_ws/install/msds_controller/lib/python3.12/site-packages'
[6.543s] Level 1:colcon.colcon_core.shell:create_environment_hook('msds_controller', 'pythonpath')
[6.544s] INFO:colcon.colcon_core.shell:Creating environment hook '/home/eyiza/Desktop/msds_ws/install/msds_controller/share/msds_controller/hook/pythonpath.ps1'
[6.544s] INFO:colcon.colcon_core.shell:Creating environment descriptor '/home/eyiza/Desktop/msds_ws/install/msds_controller/share/msds_controller/hook/pythonpath.dsv'
[6.545s] INFO:colcon.colcon_core.shell:Creating environment hook '/home/eyiza/Desktop/msds_ws/install/msds_controller/share/msds_controller/hook/pythonpath.sh'
[6.546s] Level 1:colcon.colcon_core.environment:checking '/home/eyiza/Desktop/msds_ws/install/msds_controller/bin'
[6.546s] INFO:colcon.colcon_core.shell:Creating package script '/home/eyiza/Desktop/msds_ws/install/msds_controller/share/msds_controller/package.ps1'
[6.547s] INFO:colcon.colcon_core.shell:Creating package descriptor '/home/eyiza/Desktop/msds_ws/install/msds_controller/share/msds_controller/package.dsv'
[6.547s] INFO:colcon.colcon_core.shell:Creating package script '/home/eyiza/Desktop/msds_ws/install/msds_controller/share/msds_controller/package.sh'
[6.548s] INFO:colcon.colcon_core.shell:Creating package script '/home/eyiza/Desktop/msds_ws/install/msds_controller/share/msds_controller/package.bash'
[6.548s] INFO:colcon.colcon_core.shell:Creating package script '/home/eyiza/Desktop/msds_ws/install/msds_controller/share/msds_controller/package.zsh'
[6.549s] Level 1:colcon.colcon_core.environment:create_file_with_runtime_dependencies(/home/eyiza/Desktop/msds_ws/install/msds_controller/share/colcon-core/packages/msds_controller)
[6.549s] Level 1:colcon.colcon_core.environment:create_environment_scripts_only(msds_controller)
[6.550s] Level 1:colcon.colcon_core.environment:checking '/home/eyiza/Desktop/msds_ws/install/msds_controller' for CMake module files
[6.550s] Level 1:colcon.colcon_core.environment:checking '/home/eyiza/Desktop/msds_ws/install/msds_controller' for CMake config files
[6.551s] Level 1:colcon.colcon_core.shell:create_environment_hook('msds_controller', 'cmake_prefix_path')
[6.551s] INFO:colcon.colcon_core.shell:Creating environment hook '/home/eyiza/Desktop/msds_ws/install/msds_controller/share/msds_controller/hook/cmake_prefix_path.ps1'
[6.552s] INFO:colcon.colcon_core.shell:Creating environment descriptor '/home/eyiza/Desktop/msds_ws/install/msds_controller/share/msds_controller/hook/cmake_prefix_path.dsv'
[6.552s] INFO:colcon.colcon_core.shell:Creating environment hook '/home/eyiza/Desktop/msds_ws/install/msds_controller/share/msds_controller/hook/cmake_prefix_path.sh'
[6.553s] Level 1:colcon.colcon_core.environment:checking '/home/eyiza/Desktop/msds_ws/install/msds_controller/lib'
[6.553s] Level 1:colcon.colcon_core.environment:checking '/home/eyiza/Desktop/msds_ws/install/msds_controller/bin'
[6.553s] Level 1:colcon.colcon_core.environment:checking '/home/eyiza/Desktop/msds_ws/install/msds_controller/lib/pkgconfig/msds_controller.pc'
[6.554s] Level 1:colcon.colcon_core.environment:checking '/home/eyiza/Desktop/msds_ws/install/msds_controller/lib/python3.12/site-packages'
[6.554s] Level 1:colcon.colcon_core.shell:create_environment_hook('msds_controller', 'pythonpath')
[6.554s] INFO:colcon.colcon_core.shell:Creating environment hook '/home/eyiza/Desktop/msds_ws/install/msds_controller/share/msds_controller/hook/pythonpath.ps1'
[6.555s] INFO:colcon.colcon_core.shell:Creating environment descriptor '/home/eyiza/Desktop/msds_ws/install/msds_controller/share/msds_controller/hook/pythonpath.dsv'
[6.556s] INFO:colcon.colcon_core.shell:Creating environment hook '/home/eyiza/Desktop/msds_ws/install/msds_controller/share/msds_controller/hook/pythonpath.sh'
[6.557s] Level 1:colcon.colcon_core.environment:checking '/home/eyiza/Desktop/msds_ws/install/msds_controller/bin'
[6.557s] INFO:colcon.colcon_core.shell:Creating package script '/home/eyiza/Desktop/msds_ws/install/msds_controller/share/msds_controller/package.ps1'
[6.558s] INFO:colcon.colcon_core.shell:Creating package descriptor '/home/eyiza/Desktop/msds_ws/install/msds_controller/share/msds_controller/package.dsv'
[6.559s] INFO:colcon.colcon_core.shell:Creating package script '/home/eyiza/Desktop/msds_ws/install/msds_controller/share/msds_controller/package.sh'
[6.559s] INFO:colcon.colcon_core.shell:Creating package script '/home/eyiza/Desktop/msds_ws/install/msds_controller/share/msds_controller/package.bash'
[6.560s] INFO:colcon.colcon_core.shell:Creating package script '/home/eyiza/Desktop/msds_ws/install/msds_controller/share/msds_controller/package.zsh'
[6.560s] Level 1:colcon.colcon_core.environment:create_file_with_runtime_dependencies(/home/eyiza/Desktop/msds_ws/install/msds_controller/share/colcon-core/packages/msds_controller)
[6.562s] DEBUG:colcon.colcon_core.event_handler.log_command:Invoked command in '/home/eyiza/Desktop/msds_ws/build/msds_localization' returned '0': CMAKE_PREFIX_PATH=${CMAKE_PREFIX_PATH}:/home/eyiza/Desktop/SelfDriving/bumperbot_ws/install/bumperbot_py_examples:/home/eyiza/Desktop/ROS/ros_ws/install/turtlesim_py:/home/eyiza/Desktop/ROS/ros_ws/install/my_py_pkg:/opt/ros/jazzy DEBUGINFOD_URLS=https://debuginfod.ubuntu.com /usr/bin/cmake --build /home/eyiza/Desktop/msds_ws/build/msds_localization -- -j8 -l8
[6.563s] DEBUG:colcon.colcon_core.event_handler.log_command:Invoking command in '/home/eyiza/Desktop/msds_ws/build/msds_localization': CMAKE_PREFIX_PATH=${CMAKE_PREFIX_PATH}:/home/eyiza/Desktop/SelfDriving/bumperbot_ws/install/bumperbot_py_examples:/home/eyiza/Desktop/ROS/ros_ws/install/turtlesim_py:/home/eyiza/Desktop/ROS/ros_ws/install/my_py_pkg:/opt/ros/jazzy DEBUGINFOD_URLS=https://debuginfod.ubuntu.com /usr/bin/cmake --install /home/eyiza/Desktop/msds_ws/build/msds_localization
[6.636s] Level 1:colcon.colcon_core.environment:create_environment_scripts_only(msds_localization)
[6.636s] Level 1:colcon.colcon_core.environment:checking '/home/eyiza/Desktop/msds_ws/install/msds_localization' for CMake module files
[6.637s] DEBUG:colcon.colcon_core.event_handler.log_command:Invoked command in '/home/eyiza/Desktop/msds_ws/build/msds_localization' returned '0': CMAKE_PREFIX_PATH=${CMAKE_PREFIX_PATH}:/home/eyiza/Desktop/SelfDriving/bumperbot_ws/install/bumperbot_py_examples:/home/eyiza/Desktop/ROS/ros_ws/install/turtlesim_py:/home/eyiza/Desktop/ROS/ros_ws/install/my_py_pkg:/opt/ros/jazzy DEBUGINFOD_URLS=https://debuginfod.ubuntu.com /usr/bin/cmake --install /home/eyiza/Desktop/msds_ws/build/msds_localization
[6.638s] Level 1:colcon.colcon_core.environment:checking '/home/eyiza/Desktop/msds_ws/install/msds_localization' for CMake config files
[6.638s] Level 1:colcon.colcon_core.shell:create_environment_hook('msds_localization', 'cmake_prefix_path')
[6.638s] INFO:colcon.colcon_core.shell:Creating environment hook '/home/eyiza/Desktop/msds_ws/install/msds_localization/share/msds_localization/hook/cmake_prefix_path.ps1'
[6.639s] INFO:colcon.colcon_core.shell:Creating environment descriptor '/home/eyiza/Desktop/msds_ws/install/msds_localization/share/msds_localization/hook/cmake_prefix_path.dsv'
[6.639s] INFO:colcon.colcon_core.shell:Creating environment hook '/home/eyiza/Desktop/msds_ws/install/msds_localization/share/msds_localization/hook/cmake_prefix_path.sh'
[6.640s] Level 1:colcon.colcon_core.environment:checking '/home/eyiza/Desktop/msds_ws/install/msds_localization/lib'
[6.640s] Level 1:colcon.colcon_core.environment:checking '/home/eyiza/Desktop/msds_ws/install/msds_localization/bin'
[6.640s] Level 1:colcon.colcon_core.environment:checking '/home/eyiza/Desktop/msds_ws/install/msds_localization/lib/pkgconfig/msds_localization.pc'
[6.641s] Level 1:colcon.colcon_core.environment:checking '/home/eyiza/Desktop/msds_ws/install/msds_localization/lib/python3.12/site-packages'
[6.641s] Level 1:colcon.colcon_core.shell:create_environment_hook('msds_localization', 'pythonpath')
[6.641s] INFO:colcon.colcon_core.shell:Creating environment hook '/home/eyiza/Desktop/msds_ws/install/msds_localization/share/msds_localization/hook/pythonpath.ps1'
[6.642s] INFO:colcon.colcon_core.shell:Creating environment descriptor '/home/eyiza/Desktop/msds_ws/install/msds_localization/share/msds_localization/hook/pythonpath.dsv'
[6.642s] INFO:colcon.colcon_core.shell:Creating environment hook '/home/eyiza/Desktop/msds_ws/install/msds_localization/share/msds_localization/hook/pythonpath.sh'
[6.643s] Level 1:colcon.colcon_core.environment:checking '/home/eyiza/Desktop/msds_ws/install/msds_localization/bin'
[6.643s] INFO:colcon.colcon_core.shell:Creating package script '/home/eyiza/Desktop/msds_ws/install/msds_localization/share/msds_localization/package.ps1'
[6.644s] INFO:colcon.colcon_core.shell:Creating package descriptor '/home/eyiza/Desktop/msds_ws/install/msds_localization/share/msds_localization/package.dsv'
[6.645s] INFO:colcon.colcon_core.shell:Creating package script '/home/eyiza/Desktop/msds_ws/install/msds_localization/share/msds_localization/package.sh'
[6.645s] INFO:colcon.colcon_core.shell:Creating package script '/home/eyiza/Desktop/msds_ws/install/msds_localization/share/msds_localization/package.bash'
[6.646s] INFO:colcon.colcon_core.shell:Creating package script '/home/eyiza/Desktop/msds_ws/install/msds_localization/share/msds_localization/package.zsh'
[6.646s] Level 1:colcon.colcon_core.environment:create_file_with_runtime_dependencies(/home/eyiza/Desktop/msds_ws/install/msds_localization/share/colcon-core/packages/msds_localization)
[6.646s] Level 1:colcon.colcon_core.environment:create_environment_scripts_only(msds_localization)
[6.647s] Level 1:colcon.colcon_core.environment:checking '/home/eyiza/Desktop/msds_ws/install/msds_localization' for CMake module files
[6.647s] Level 1:colcon.colcon_core.environment:checking '/home/eyiza/Desktop/msds_ws/install/msds_localization' for CMake config files
[6.647s] Level 1:colcon.colcon_core.shell:create_environment_hook('msds_localization', 'cmake_prefix_path')
[6.648s] INFO:colcon.colcon_core.shell:Creating environment hook '/home/eyiza/Desktop/msds_ws/install/msds_localization/share/msds_localization/hook/cmake_prefix_path.ps1'
[6.648s] INFO:colcon.colcon_core.shell:Creating environment descriptor '/home/eyiza/Desktop/msds_ws/install/msds_localization/share/msds_localization/hook/cmake_prefix_path.dsv'
[6.648s] INFO:colcon.colcon_core.shell:Creating environment hook '/home/eyiza/Desktop/msds_ws/install/msds_localization/share/msds_localization/hook/cmake_prefix_path.sh'
[6.649s] Level 1:colcon.colcon_core.environment:checking '/home/eyiza/Desktop/msds_ws/install/msds_localization/lib'
[6.649s] Level 1:colcon.colcon_core.environment:checking '/home/eyiza/Desktop/msds_ws/install/msds_localization/bin'
[6.649s] Level 1:colcon.colcon_core.environment:checking '/home/eyiza/Desktop/msds_ws/install/msds_localization/lib/pkgconfig/msds_localization.pc'
[6.649s] Level 1:colcon.colcon_core.environment:checking '/home/eyiza/Desktop/msds_ws/install/msds_localization/lib/python3.12/site-packages'
[6.649s] Level 1:colcon.colcon_core.shell:create_environment_hook('msds_localization', 'pythonpath')
[6.649s] INFO:colcon.colcon_core.shell:Creating environment hook '/home/eyiza/Desktop/msds_ws/install/msds_localization/share/msds_localization/hook/pythonpath.ps1'
[6.650s] INFO:colcon.colcon_core.shell:Creating environment descriptor '/home/eyiza/Desktop/msds_ws/install/msds_localization/share/msds_localization/hook/pythonpath.dsv'
[6.650s] INFO:colcon.colcon_core.shell:Creating environment hook '/home/eyiza/Desktop/msds_ws/install/msds_localization/share/msds_localization/hook/pythonpath.sh'
[6.651s] Level 1:colcon.colcon_core.environment:checking '/home/eyiza/Desktop/msds_ws/install/msds_localization/bin'
[6.651s] INFO:colcon.colcon_core.shell:Creating package script '/home/eyiza/Desktop/msds_ws/install/msds_localization/share/msds_localization/package.ps1'
[6.652s] INFO:colcon.colcon_core.shell:Creating package descriptor '/home/eyiza/Desktop/msds_ws/install/msds_localization/share/msds_localization/package.dsv'
[6.652s] INFO:colcon.colcon_core.shell:Creating package script '/home/eyiza/Desktop/msds_ws/install/msds_localization/share/msds_localization/package.sh'
[6.653s] INFO:colcon.colcon_core.shell:Creating package script '/home/eyiza/Desktop/msds_ws/install/msds_localization/share/msds_localization/package.bash'
[6.654s] INFO:colcon.colcon_core.shell:Creating package script '/home/eyiza/Desktop/msds_ws/install/msds_localization/share/msds_localization/package.zsh'
[6.654s] Level 1:colcon.colcon_core.environment:create_file_with_runtime_dependencies(/home/eyiza/Desktop/msds_ws/install/msds_localization/share/colcon-core/packages/msds_localization)
[6.655s] DEBUG:colcon.colcon_parallel_executor.executor.parallel:closing loop
[6.655s] DEBUG:colcon.colcon_parallel_executor.executor.parallel:loop closed
[6.655s] DEBUG:colcon.colcon_parallel_executor.executor.parallel:run_until_complete finished with '0'
[6.655s] DEBUG:colcon.colcon_core.event_reactor:joining thread
[6.663s] INFO:colcon.colcon_core.plugin_system:Skipping extension 'colcon_notification.desktop_notification.terminal_notifier': Not used on non-Darwin systems
[6.664s] INFO:colcon.colcon_core.plugin_system:Skipping extension 'colcon_notification.desktop_notification.win32': Not used on non-Windows systems
[6.664s] INFO:colcon.colcon_notification.desktop_notification:Sending desktop notification using 'notify2'
[6.682s] DEBUG:colcon.colcon_core.event_reactor:joined thread
[6.683s] INFO:colcon.colcon_core.shell:Creating prefix script '/home/eyiza/Desktop/msds_ws/install/local_setup.ps1'
[6.684s] INFO:colcon.colcon_core.shell:Creating prefix util module '/home/eyiza/Desktop/msds_ws/install/_local_setup_util_ps1.py'
[6.827s] INFO:colcon.colcon_core.shell:Creating prefix chain script '/home/eyiza/Desktop/msds_ws/install/setup.ps1'
[6.829s] INFO:colcon.colcon_core.shell:Creating prefix script '/home/eyiza/Desktop/msds_ws/install/local_setup.sh'
[6.829s] INFO:colcon.colcon_core.shell:Creating prefix util module '/home/eyiza/Desktop/msds_ws/install/_local_setup_util_sh.py'
[6.830s] INFO:colcon.colcon_core.shell:Creating prefix chain script '/home/eyiza/Desktop/msds_ws/install/setup.sh'
[6.832s] INFO:colcon.colcon_core.shell:Creating prefix script '/home/eyiza/Desktop/msds_ws/install/local_setup.bash'
[6.833s] INFO:colcon.colcon_core.shell:Creating prefix chain script '/home/eyiza/Desktop/msds_ws/install/setup.bash'
[6.836s] INFO:colcon.colcon_core.shell:Creating prefix script '/home/eyiza/Desktop/msds_ws/install/local_setup.zsh'
[6.836s] INFO:colcon.colcon_core.shell:Creating prefix chain script '/home/eyiza/Desktop/msds_ws/install/setup.zsh'
