[0.520s] Invoking command in '/home/eyiza/Desktop/msds_ws/build/msds_localization': CMAKE_PREFIX_PATH=${CMAKE_PREFIX_PATH}:/home/eyiza/Desktop/SelfDriving/bumperbot_ws/install/bumperbot_py_examples:/home/eyiza/Desktop/ROS/ros_ws/install/turtlesim_py:/home/eyiza/Desktop/ROS/ros_ws/install/my_py_pkg:/opt/ros/jazzy DEBUGINFOD_URLS=https://debuginfod.ubuntu.com /usr/bin/cmake --build /home/eyiza/Desktop/msds_ws/build/msds_localization -- -j8 -l8
[1.179s] Built target ament_cmake_python_copy_msds_localization
[1.539s] running egg_info
[1.565s] writing msds_localization.egg-info/PKG-INFO
[1.568s] writing dependency_links to msds_localization.egg-info/dependency_links.txt
[1.568s] writing top-level names to msds_localization.egg-info/top_level.txt
[1.652s] reading manifest file 'msds_localization.egg-info/SOURCES.txt'
[1.692s] writing manifest file 'msds_localization.egg-info/SOURCES.txt'
[1.734s] Built target ament_cmake_python_build_msds_localization_egg
[1.840s] Invoked command in '/home/eyiza/Desktop/msds_ws/build/msds_localization' returned '0': CMAKE_PREFIX_PATH=${CMAKE_PREFIX_PATH}:/home/eyiza/Desktop/SelfDriving/bumperbot_ws/install/bumperbot_py_examples:/home/eyiza/Desktop/ROS/ros_ws/install/turtlesim_py:/home/eyiza/Desktop/ROS/ros_ws/install/my_py_pkg:/opt/ros/jazzy DEBUGINFOD_URLS=https://debuginfod.ubuntu.com /usr/bin/cmake --build /home/eyiza/Desktop/msds_ws/build/msds_localization -- -j8 -l8
[1.842s] Invoking command in '/home/eyiza/Desktop/msds_ws/build/msds_localization': CMAKE_PREFIX_PATH=${CMAKE_PREFIX_PATH}:/home/eyiza/Desktop/SelfDriving/bumperbot_ws/install/bumperbot_py_examples:/home/eyiza/Desktop/ROS/ros_ws/install/turtlesim_py:/home/eyiza/Desktop/ROS/ros_ws/install/my_py_pkg:/opt/ros/jazzy DEBUGINFOD_URLS=https://debuginfod.ubuntu.com /usr/bin/cmake --install /home/eyiza/Desktop/msds_ws/build/msds_localization
[1.855s] -- Install configuration: ""
[1.855s] -- Up-to-date: /home/eyiza/Desktop/msds_ws/install/msds_localization/share/msds_localization/environment/pythonpath.sh
[1.855s] -- Up-to-date: /home/eyiza/Desktop/msds_ws/install/msds_localization/share/msds_localization/environment/pythonpath.dsv
[1.855s] -- Up-to-date: /home/eyiza/Desktop/msds_ws/install/msds_localization/lib/python3.12/site-packages/msds_localization-0.0.0-py3.12.egg-info
[1.856s] -- Installing: /home/eyiza/Desktop/msds_ws/install/msds_localization/lib/python3.12/site-packages/msds_localization-0.0.0-py3.12.egg-info/top_level.txt
[1.856s] -- Installing: /home/eyiza/Desktop/msds_ws/install/msds_localization/lib/python3.12/site-packages/msds_localization-0.0.0-py3.12.egg-info/dependency_links.txt
[1.859s] -- Installing: /home/eyiza/Desktop/msds_ws/install/msds_localization/lib/python3.12/site-packages/msds_localization-0.0.0-py3.12.egg-info/SOURCES.txt
[1.859s] -- Installing: /home/eyiza/Desktop/msds_ws/install/msds_localization/lib/python3.12/site-packages/msds_localization-0.0.0-py3.12.egg-info/PKG-INFO
[1.859s] -- Up-to-date: /home/eyiza/Desktop/msds_ws/install/msds_localization/lib/python3.12/site-packages/msds_localization
[1.859s] -- Up-to-date: /home/eyiza/Desktop/msds_ws/install/msds_localization/lib/python3.12/site-packages/msds_localization/__init__.py
[1.860s] -- Up-to-date: /home/eyiza/Desktop/msds_ws/install/msds_localization/lib/python3.12/site-packages/msds_localization/imu_republisher.py
[1.903s] Listing '/home/eyiza/Desktop/msds_ws/install/msds_localization/lib/python3.12/site-packages/msds_localization'...
[1.909s] -- Up-to-date: /home/eyiza/Desktop/msds_ws/install/msds_localization/share/msds_localization/launch
[1.910s] -- Up-to-date: /home/eyiza/Desktop/msds_ws/install/msds_localization/share/msds_localization/launch/local_localization.launch.py
[1.910s] -- Up-to-date: /home/eyiza/Desktop/msds_ws/install/msds_localization/share/msds_localization/config
[1.910s] -- Up-to-date: /home/eyiza/Desktop/msds_ws/install/msds_localization/share/msds_localization/config/ekf.yaml
[1.910s] -- Up-to-date: /home/eyiza/Desktop/msds_ws/install/msds_localization/lib/msds_localization/imu_republisher.py
[1.910s] -- Up-to-date: /home/eyiza/Desktop/msds_ws/install/msds_localization/share/ament_index/resource_index/package_run_dependencies/msds_localization
[1.911s] -- Up-to-date: /home/eyiza/Desktop/msds_ws/install/msds_localization/share/ament_index/resource_index/parent_prefix_path/msds_localization
[1.911s] -- Up-to-date: /home/eyiza/Desktop/msds_ws/install/msds_localization/share/msds_localization/environment/ament_prefix_path.sh
[1.911s] -- Up-to-date: /home/eyiza/Desktop/msds_ws/install/msds_localization/share/msds_localization/environment/ament_prefix_path.dsv
[1.911s] -- Up-to-date: /home/eyiza/Desktop/msds_ws/install/msds_localization/share/msds_localization/environment/path.sh
[1.911s] -- Up-to-date: /home/eyiza/Desktop/msds_ws/install/msds_localization/share/msds_localization/environment/path.dsv
[1.912s] -- Up-to-date: /home/eyiza/Desktop/msds_ws/install/msds_localization/share/msds_localization/local_setup.bash
[1.912s] -- Up-to-date: /home/eyiza/Desktop/msds_ws/install/msds_localization/share/msds_localization/local_setup.sh
[1.912s] -- Up-to-date: /home/eyiza/Desktop/msds_ws/install/msds_localization/share/msds_localization/local_setup.zsh
[1.912s] -- Up-to-date: /home/eyiza/Desktop/msds_ws/install/msds_localization/share/msds_localization/local_setup.dsv
[1.912s] -- Installing: /home/eyiza/Desktop/msds_ws/install/msds_localization/share/msds_localization/package.dsv
[1.912s] -- Up-to-date: /home/eyiza/Desktop/msds_ws/install/msds_localization/share/ament_index/resource_index/packages/msds_localization
[1.912s] -- Up-to-date: /home/eyiza/Desktop/msds_ws/install/msds_localization/share/msds_localization/cmake/msds_localizationConfig.cmake
[1.912s] -- Up-to-date: /home/eyiza/Desktop/msds_ws/install/msds_localization/share/msds_localization/cmake/msds_localizationConfig-version.cmake
[1.913s] -- Up-to-date: /home/eyiza/Desktop/msds_ws/install/msds_localization/share/msds_localization/package.xml
[1.915s] Invoked command in '/home/eyiza/Desktop/msds_ws/build/msds_localization' returned '0': CMAKE_PREFIX_PATH=${CMAKE_PREFIX_PATH}:/home/eyiza/Desktop/SelfDriving/bumperbot_ws/install/bumperbot_py_examples:/home/eyiza/Desktop/ROS/ros_ws/install/turtlesim_py:/home/eyiza/Desktop/ROS/ros_ws/install/my_py_pkg:/opt/ros/jazzy DEBUGINFOD_URLS=https://debuginfod.ubuntu.com /usr/bin/cmake --install /home/eyiza/Desktop/msds_ws/build/msds_localization
